Simulator report for mux_4
Tue Oct 09 09:24:15 2012
Quartus II 32-bit Version 12.0 Build 178 05/31/2012 SJ Web Edition


---------------------
; Table of Contents ;
---------------------
  1. Legal Notice
  2. Simulator Summary
  3. Simulator Settings
  4. Simulation Waveforms
  5. Coverage Summary
  6. Complete 1/0-Value Coverage
  7. Missing 1-Value Coverage
  8. Missing 0-Value Coverage
  9. Simulator INI Usage
 10. Simulator Messages



----------------
; Legal Notice ;
----------------
Copyright (C) 1991-2012 Altera Corporation
Your use of Altera Corporation's design tools, logic functions 
and other software and tools, and its AMPP partner logic 
functions, and any output files from any of the foregoing 
(including device programming or simulation files), and any 
associated documentation or information are expressly subject 
to the terms and conditions of the Altera Program License 
Subscription Agreement, Altera MegaCore Function License 
Agreement, or other applicable license agreement, including, 
without limitation, that your use is for the sole purpose of 
programming logic devices manufactured by Altera and sold by 
Altera or its authorized distributors.  Please refer to the 
applicable agreement for further details.



+--------------------------------------------+
; Simulator Summary                          ;
+-----------------------------+--------------+
; Type                        ; Value        ;
+-----------------------------+--------------+
; Simulation Start Time       ; 0 ps         ;
; Simulation End Time         ; 1.0 us       ;
; Simulation Netlist Size     ; 210 nodes    ;
; Simulation Coverage         ;      76.67 % ;
; Total Number of Transitions ; 4145         ;
; Simulation Breakpoints      ; 0            ;
; Family                      ; Cyclone II   ;
+-----------------------------+--------------+


+---------------------------------------------------------------------------------------------------------------------------------------------------------------------------------------------------+
; Simulator Settings                                                                                                                                                                                ;
+--------------------------------------------------------------------------------------------+--------------------------------------------------------------------------------------+---------------+
; Option                                                                                     ; Setting                                                                              ; Default Value ;
+--------------------------------------------------------------------------------------------+--------------------------------------------------------------------------------------+---------------+
; Simulation mode                                                                            ; Functional                                                                           ; Timing        ;
; Start time                                                                                 ; 0 ns                                                                                 ; 0 ns          ;
; Simulation results format                                                                  ; VWF                                                                                  ;               ;
; Vector input source                                                                        ; C:/altera/12.0/quartus/qdesigns/Lecture_Examples/Lecture_11/MUX_4_input/Waveform.vwf ;               ;
; Add pins automatically to simulation output waveforms                                      ; On                                                                                   ; On            ;
; Check outputs                                                                              ; Off                                                                                  ; Off           ;
; Report simulation coverage                                                                 ; On                                                                                   ; On            ;
; Display complete 1/0 value coverage report                                                 ; On                                                                                   ; On            ;
; Display missing 1-value coverage report                                                    ; On                                                                                   ; On            ;
; Display missing 0-value coverage report                                                    ; On                                                                                   ; On            ;
; Detect setup and hold time violations                                                      ; Off                                                                                  ; Off           ;
; Detect glitches                                                                            ; Off                                                                                  ; Off           ;
; Disable timing delays in Timing Simulation                                                 ; Off                                                                                  ; Off           ;
; Generate Signal Activity File                                                              ; Off                                                                                  ; Off           ;
; Generate VCD File for PowerPlay Power Analyzer                                             ; Off                                                                                  ; Off           ;
; Group bus channels in simulation results                                                   ; Off                                                                                  ; Off           ;
; Preserve fewer signal transitions to reduce memory requirements                            ; On                                                                                   ; On            ;
; Trigger vector comparison with the specified mode                                          ; INPUT_EDGE                                                                           ; INPUT_EDGE    ;
; Disable setup and hold time violations detection in input registers of bi-directional pins ; Off                                                                                  ; Off           ;
; Overwrite Waveform Inputs With Simulation Outputs                                          ; Off                                                                                  ;               ;
; Perform Glitch Filtering in Timing Simulation                                              ; Auto                                                                                 ; Auto          ;
+--------------------------------------------------------------------------------------------+--------------------------------------------------------------------------------------+---------------+


+----------------------+
; Simulation Waveforms ;
+----------------------+
Waveform report data cannot be output to ASCII.
Please use Quartus II 32-bit to view the waveform report data.


+--------------------------------------------------------------------+
; Coverage Summary                                                   ;
+-----------------------------------------------------+--------------+
; Type                                                ; Value        ;
+-----------------------------------------------------+--------------+
; Total coverage as a percentage                      ;      76.67 % ;
; Total nodes checked                                 ; 210          ;
; Total output ports checked                          ; 210          ;
; Total output ports with complete 1/0-value coverage ; 161          ;
; Total output ports with no 1/0-value coverage       ; 41           ;
; Total output ports with no 1-value coverage         ; 45           ;
; Total output ports with no 0-value coverage         ; 45           ;
+-----------------------------------------------------+--------------+


The following table displays output ports that toggle between 1 and 0 during simulation.
+----------------------------------------------------------------------------------------------------------------------------------------------+
; Complete 1/0-Value Coverage                                                                                                                  ;
+-------------------------------------------------------------+-------------------------------------------------------------+------------------+
; Node Name                                                   ; Output Port Name                                            ; Output Port Type ;
+-------------------------------------------------------------+-------------------------------------------------------------+------------------+
; |mux_4|A[0]                                                 ; |mux_4|A[0]                                                 ; out              ;
; |mux_4|A[1]                                                 ; |mux_4|A[1]                                                 ; out              ;
; |mux_4|A[2]                                                 ; |mux_4|A[2]                                                 ; out              ;
; |mux_4|A[3]                                                 ; |mux_4|A[3]                                                 ; out              ;
; |mux_4|B[0]                                                 ; |mux_4|B[0]                                                 ; out              ;
; |mux_4|B[1]                                                 ; |mux_4|B[1]                                                 ; out              ;
; |mux_4|B[2]                                                 ; |mux_4|B[2]                                                 ; out              ;
; |mux_4|C[0]                                                 ; |mux_4|C[0]                                                 ; out              ;
; |mux_4|D[0]                                                 ; |mux_4|D[0]                                                 ; out              ;
; |mux_4|sel[0]                                               ; |mux_4|sel[0]                                               ; out              ;
; |mux_4|sel[1]                                               ; |mux_4|sel[1]                                               ; out              ;
; |mux_4|Y[0]                                                 ; |mux_4|Y[0]                                                 ; pin_out          ;
; |mux_4|Y[1]                                                 ; |mux_4|Y[1]                                                 ; pin_out          ;
; |mux_4|Y[2]                                                 ; |mux_4|Y[2]                                                 ; pin_out          ;
; |mux_4|Y[3]                                                 ; |mux_4|Y[3]                                                 ; pin_out          ;
; |mux_4|Y[4]                                                 ; |mux_4|Y[4]                                                 ; pin_out          ;
; |mux_4|Y[5]                                                 ; |mux_4|Y[5]                                                 ; pin_out          ;
; |mux_4|Y[7]                                                 ; |mux_4|Y[7]                                                 ; pin_out          ;
; |mux_4|lpm_mux:Mux7|mux_umc:auto_generated|_~0              ; |mux_4|lpm_mux:Mux7|mux_umc:auto_generated|_~0              ; out0             ;
; |mux_4|lpm_mux:Mux7|mux_umc:auto_generated|_~1              ; |mux_4|lpm_mux:Mux7|mux_umc:auto_generated|_~1              ; out0             ;
; |mux_4|lpm_mux:Mux7|mux_umc:auto_generated|_~2              ; |mux_4|lpm_mux:Mux7|mux_umc:auto_generated|_~2              ; out0             ;
; |mux_4|lpm_mux:Mux7|mux_umc:auto_generated|_~3              ; |mux_4|lpm_mux:Mux7|mux_umc:auto_generated|_~3              ; out0             ;
; |mux_4|lpm_mux:Mux7|mux_umc:auto_generated|_~4              ; |mux_4|lpm_mux:Mux7|mux_umc:auto_generated|_~4              ; out0             ;
; |mux_4|lpm_mux:Mux7|mux_umc:auto_generated|_~5              ; |mux_4|lpm_mux:Mux7|mux_umc:auto_generated|_~5              ; out0             ;
; |mux_4|lpm_mux:Mux7|mux_umc:auto_generated|_~6              ; |mux_4|lpm_mux:Mux7|mux_umc:auto_generated|_~6              ; out0             ;
; |mux_4|lpm_mux:Mux7|mux_umc:auto_generated|_~7              ; |mux_4|lpm_mux:Mux7|mux_umc:auto_generated|_~7              ; out0             ;
; |mux_4|lpm_mux:Mux7|mux_umc:auto_generated|_~8              ; |mux_4|lpm_mux:Mux7|mux_umc:auto_generated|_~8              ; out0             ;
; |mux_4|lpm_mux:Mux7|mux_umc:auto_generated|result_node[0]~0 ; |mux_4|lpm_mux:Mux7|mux_umc:auto_generated|result_node[0]~0 ; out0             ;
; |mux_4|lpm_mux:Mux7|mux_umc:auto_generated|_~9              ; |mux_4|lpm_mux:Mux7|mux_umc:auto_generated|_~9              ; out0             ;
; |mux_4|lpm_mux:Mux7|mux_umc:auto_generated|_~10             ; |mux_4|lpm_mux:Mux7|mux_umc:auto_generated|_~10             ; out0             ;
; |mux_4|lpm_mux:Mux7|mux_umc:auto_generated|_~11             ; |mux_4|lpm_mux:Mux7|mux_umc:auto_generated|_~11             ; out0             ;
; |mux_4|lpm_mux:Mux7|mux_umc:auto_generated|_~12             ; |mux_4|lpm_mux:Mux7|mux_umc:auto_generated|_~12             ; out0             ;
; |mux_4|lpm_mux:Mux7|mux_umc:auto_generated|_~13             ; |mux_4|lpm_mux:Mux7|mux_umc:auto_generated|_~13             ; out0             ;
; |mux_4|lpm_mux:Mux7|mux_umc:auto_generated|_~14             ; |mux_4|lpm_mux:Mux7|mux_umc:auto_generated|_~14             ; out0             ;
; |mux_4|lpm_mux:Mux7|mux_umc:auto_generated|_~15             ; |mux_4|lpm_mux:Mux7|mux_umc:auto_generated|_~15             ; out0             ;
; |mux_4|lpm_mux:Mux7|mux_umc:auto_generated|_~16             ; |mux_4|lpm_mux:Mux7|mux_umc:auto_generated|_~16             ; out0             ;
; |mux_4|lpm_mux:Mux7|mux_umc:auto_generated|_~17             ; |mux_4|lpm_mux:Mux7|mux_umc:auto_generated|_~17             ; out0             ;
; |mux_4|lpm_mux:Mux7|mux_umc:auto_generated|result_node[0]~1 ; |mux_4|lpm_mux:Mux7|mux_umc:auto_generated|result_node[0]~1 ; out0             ;
; |mux_4|lpm_mux:Mux7|mux_umc:auto_generated|result_node[0]   ; |mux_4|lpm_mux:Mux7|mux_umc:auto_generated|result_node[0]   ; out0             ;
; |mux_4|lpm_mux:Mux6|mux_umc:auto_generated|_~0              ; |mux_4|lpm_mux:Mux6|mux_umc:auto_generated|_~0              ; out0             ;
; |mux_4|lpm_mux:Mux6|mux_umc:auto_generated|_~1              ; |mux_4|lpm_mux:Mux6|mux_umc:auto_generated|_~1              ; out0             ;
; |mux_4|lpm_mux:Mux6|mux_umc:auto_generated|_~2              ; |mux_4|lpm_mux:Mux6|mux_umc:auto_generated|_~2              ; out0             ;
; |mux_4|lpm_mux:Mux6|mux_umc:auto_generated|_~3              ; |mux_4|lpm_mux:Mux6|mux_umc:auto_generated|_~3              ; out0             ;
; |mux_4|lpm_mux:Mux6|mux_umc:auto_generated|_~4              ; |mux_4|lpm_mux:Mux6|mux_umc:auto_generated|_~4              ; out0             ;
; |mux_4|lpm_mux:Mux6|mux_umc:auto_generated|_~5              ; |mux_4|lpm_mux:Mux6|mux_umc:auto_generated|_~5              ; out0             ;
; |mux_4|lpm_mux:Mux6|mux_umc:auto_generated|_~6              ; |mux_4|lpm_mux:Mux6|mux_umc:auto_generated|_~6              ; out0             ;
; |mux_4|lpm_mux:Mux6|mux_umc:auto_generated|_~7              ; |mux_4|lpm_mux:Mux6|mux_umc:auto_generated|_~7              ; out0             ;
; |mux_4|lpm_mux:Mux6|mux_umc:auto_generated|_~8              ; |mux_4|lpm_mux:Mux6|mux_umc:auto_generated|_~8              ; out0             ;
; |mux_4|lpm_mux:Mux6|mux_umc:auto_generated|result_node[0]~0 ; |mux_4|lpm_mux:Mux6|mux_umc:auto_generated|result_node[0]~0 ; out0             ;
; |mux_4|lpm_mux:Mux6|mux_umc:auto_generated|_~9              ; |mux_4|lpm_mux:Mux6|mux_umc:auto_generated|_~9              ; out0             ;
; |mux_4|lpm_mux:Mux6|mux_umc:auto_generated|_~10             ; |mux_4|lpm_mux:Mux6|mux_umc:auto_generated|_~10             ; out0             ;
; |mux_4|lpm_mux:Mux6|mux_umc:auto_generated|_~11             ; |mux_4|lpm_mux:Mux6|mux_umc:auto_generated|_~11             ; out0             ;
; |mux_4|lpm_mux:Mux6|mux_umc:auto_generated|_~12             ; |mux_4|lpm_mux:Mux6|mux_umc:auto_generated|_~12             ; out0             ;
; |mux_4|lpm_mux:Mux6|mux_umc:auto_generated|_~13             ; |mux_4|lpm_mux:Mux6|mux_umc:auto_generated|_~13             ; out0             ;
; |mux_4|lpm_mux:Mux6|mux_umc:auto_generated|_~14             ; |mux_4|lpm_mux:Mux6|mux_umc:auto_generated|_~14             ; out0             ;
; |mux_4|lpm_mux:Mux6|mux_umc:auto_generated|_~15             ; |mux_4|lpm_mux:Mux6|mux_umc:auto_generated|_~15             ; out0             ;
; |mux_4|lpm_mux:Mux6|mux_umc:auto_generated|_~16             ; |mux_4|lpm_mux:Mux6|mux_umc:auto_generated|_~16             ; out0             ;
; |mux_4|lpm_mux:Mux6|mux_umc:auto_generated|_~17             ; |mux_4|lpm_mux:Mux6|mux_umc:auto_generated|_~17             ; out0             ;
; |mux_4|lpm_mux:Mux6|mux_umc:auto_generated|result_node[0]~1 ; |mux_4|lpm_mux:Mux6|mux_umc:auto_generated|result_node[0]~1 ; out0             ;
; |mux_4|lpm_mux:Mux6|mux_umc:auto_generated|result_node[0]   ; |mux_4|lpm_mux:Mux6|mux_umc:auto_generated|result_node[0]   ; out0             ;
; |mux_4|lpm_mux:Mux5|mux_umc:auto_generated|_~0              ; |mux_4|lpm_mux:Mux5|mux_umc:auto_generated|_~0              ; out0             ;
; |mux_4|lpm_mux:Mux5|mux_umc:auto_generated|_~1              ; |mux_4|lpm_mux:Mux5|mux_umc:auto_generated|_~1              ; out0             ;
; |mux_4|lpm_mux:Mux5|mux_umc:auto_generated|_~2              ; |mux_4|lpm_mux:Mux5|mux_umc:auto_generated|_~2              ; out0             ;
; |mux_4|lpm_mux:Mux5|mux_umc:auto_generated|_~3              ; |mux_4|lpm_mux:Mux5|mux_umc:auto_generated|_~3              ; out0             ;
; |mux_4|lpm_mux:Mux5|mux_umc:auto_generated|_~4              ; |mux_4|lpm_mux:Mux5|mux_umc:auto_generated|_~4              ; out0             ;
; |mux_4|lpm_mux:Mux5|mux_umc:auto_generated|_~5              ; |mux_4|lpm_mux:Mux5|mux_umc:auto_generated|_~5              ; out0             ;
; |mux_4|lpm_mux:Mux5|mux_umc:auto_generated|_~6              ; |mux_4|lpm_mux:Mux5|mux_umc:auto_generated|_~6              ; out0             ;
; |mux_4|lpm_mux:Mux5|mux_umc:auto_generated|_~7              ; |mux_4|lpm_mux:Mux5|mux_umc:auto_generated|_~7              ; out0             ;
; |mux_4|lpm_mux:Mux5|mux_umc:auto_generated|_~8              ; |mux_4|lpm_mux:Mux5|mux_umc:auto_generated|_~8              ; out0             ;
; |mux_4|lpm_mux:Mux5|mux_umc:auto_generated|result_node[0]~0 ; |mux_4|lpm_mux:Mux5|mux_umc:auto_generated|result_node[0]~0 ; out0             ;
; |mux_4|lpm_mux:Mux5|mux_umc:auto_generated|_~9              ; |mux_4|lpm_mux:Mux5|mux_umc:auto_generated|_~9              ; out0             ;
; |mux_4|lpm_mux:Mux5|mux_umc:auto_generated|_~10             ; |mux_4|lpm_mux:Mux5|mux_umc:auto_generated|_~10             ; out0             ;
; |mux_4|lpm_mux:Mux5|mux_umc:auto_generated|_~11             ; |mux_4|lpm_mux:Mux5|mux_umc:auto_generated|_~11             ; out0             ;
; |mux_4|lpm_mux:Mux5|mux_umc:auto_generated|_~12             ; |mux_4|lpm_mux:Mux5|mux_umc:auto_generated|_~12             ; out0             ;
; |mux_4|lpm_mux:Mux5|mux_umc:auto_generated|_~13             ; |mux_4|lpm_mux:Mux5|mux_umc:auto_generated|_~13             ; out0             ;
; |mux_4|lpm_mux:Mux5|mux_umc:auto_generated|_~14             ; |mux_4|lpm_mux:Mux5|mux_umc:auto_generated|_~14             ; out0             ;
; |mux_4|lpm_mux:Mux5|mux_umc:auto_generated|_~15             ; |mux_4|lpm_mux:Mux5|mux_umc:auto_generated|_~15             ; out0             ;
; |mux_4|lpm_mux:Mux5|mux_umc:auto_generated|_~16             ; |mux_4|lpm_mux:Mux5|mux_umc:auto_generated|_~16             ; out0             ;
; |mux_4|lpm_mux:Mux5|mux_umc:auto_generated|_~17             ; |mux_4|lpm_mux:Mux5|mux_umc:auto_generated|_~17             ; out0             ;
; |mux_4|lpm_mux:Mux5|mux_umc:auto_generated|result_node[0]~1 ; |mux_4|lpm_mux:Mux5|mux_umc:auto_generated|result_node[0]~1 ; out0             ;
; |mux_4|lpm_mux:Mux5|mux_umc:auto_generated|result_node[0]   ; |mux_4|lpm_mux:Mux5|mux_umc:auto_generated|result_node[0]   ; out0             ;
; |mux_4|lpm_mux:Mux4|mux_umc:auto_generated|_~0              ; |mux_4|lpm_mux:Mux4|mux_umc:auto_generated|_~0              ; out0             ;
; |mux_4|lpm_mux:Mux4|mux_umc:auto_generated|_~1              ; |mux_4|lpm_mux:Mux4|mux_umc:auto_generated|_~1              ; out0             ;
; |mux_4|lpm_mux:Mux4|mux_umc:auto_generated|_~2              ; |mux_4|lpm_mux:Mux4|mux_umc:auto_generated|_~2              ; out0             ;
; |mux_4|lpm_mux:Mux4|mux_umc:auto_generated|_~3              ; |mux_4|lpm_mux:Mux4|mux_umc:auto_generated|_~3              ; out0             ;
; |mux_4|lpm_mux:Mux4|mux_umc:auto_generated|_~4              ; |mux_4|lpm_mux:Mux4|mux_umc:auto_generated|_~4              ; out0             ;
; |mux_4|lpm_mux:Mux4|mux_umc:auto_generated|_~5              ; |mux_4|lpm_mux:Mux4|mux_umc:auto_generated|_~5              ; out0             ;
; |mux_4|lpm_mux:Mux4|mux_umc:auto_generated|_~6              ; |mux_4|lpm_mux:Mux4|mux_umc:auto_generated|_~6              ; out0             ;
; |mux_4|lpm_mux:Mux4|mux_umc:auto_generated|_~7              ; |mux_4|lpm_mux:Mux4|mux_umc:auto_generated|_~7              ; out0             ;
; |mux_4|lpm_mux:Mux4|mux_umc:auto_generated|_~8              ; |mux_4|lpm_mux:Mux4|mux_umc:auto_generated|_~8              ; out0             ;
; |mux_4|lpm_mux:Mux4|mux_umc:auto_generated|result_node[0]~0 ; |mux_4|lpm_mux:Mux4|mux_umc:auto_generated|result_node[0]~0 ; out0             ;
; |mux_4|lpm_mux:Mux4|mux_umc:auto_generated|_~9              ; |mux_4|lpm_mux:Mux4|mux_umc:auto_generated|_~9              ; out0             ;
; |mux_4|lpm_mux:Mux4|mux_umc:auto_generated|_~10             ; |mux_4|lpm_mux:Mux4|mux_umc:auto_generated|_~10             ; out0             ;
; |mux_4|lpm_mux:Mux4|mux_umc:auto_generated|_~11             ; |mux_4|lpm_mux:Mux4|mux_umc:auto_generated|_~11             ; out0             ;
; |mux_4|lpm_mux:Mux4|mux_umc:auto_generated|_~12             ; |mux_4|lpm_mux:Mux4|mux_umc:auto_generated|_~12             ; out0             ;
; |mux_4|lpm_mux:Mux4|mux_umc:auto_generated|_~13             ; |mux_4|lpm_mux:Mux4|mux_umc:auto_generated|_~13             ; out0             ;
; |mux_4|lpm_mux:Mux4|mux_umc:auto_generated|_~14             ; |mux_4|lpm_mux:Mux4|mux_umc:auto_generated|_~14             ; out0             ;
; |mux_4|lpm_mux:Mux4|mux_umc:auto_generated|_~15             ; |mux_4|lpm_mux:Mux4|mux_umc:auto_generated|_~15             ; out0             ;
; |mux_4|lpm_mux:Mux4|mux_umc:auto_generated|_~16             ; |mux_4|lpm_mux:Mux4|mux_umc:auto_generated|_~16             ; out0             ;
; |mux_4|lpm_mux:Mux4|mux_umc:auto_generated|result_node[0]~1 ; |mux_4|lpm_mux:Mux4|mux_umc:auto_generated|result_node[0]~1 ; out0             ;
; |mux_4|lpm_mux:Mux4|mux_umc:auto_generated|result_node[0]   ; |mux_4|lpm_mux:Mux4|mux_umc:auto_generated|result_node[0]   ; out0             ;
; |mux_4|lpm_mux:Mux3|mux_umc:auto_generated|_~1              ; |mux_4|lpm_mux:Mux3|mux_umc:auto_generated|_~1              ; out0             ;
; |mux_4|lpm_mux:Mux3|mux_umc:auto_generated|_~2              ; |mux_4|lpm_mux:Mux3|mux_umc:auto_generated|_~2              ; out0             ;
; |mux_4|lpm_mux:Mux3|mux_umc:auto_generated|_~3              ; |mux_4|lpm_mux:Mux3|mux_umc:auto_generated|_~3              ; out0             ;
; |mux_4|lpm_mux:Mux3|mux_umc:auto_generated|_~4              ; |mux_4|lpm_mux:Mux3|mux_umc:auto_generated|_~4              ; out0             ;
; |mux_4|lpm_mux:Mux3|mux_umc:auto_generated|_~5              ; |mux_4|lpm_mux:Mux3|mux_umc:auto_generated|_~5              ; out0             ;
; |mux_4|lpm_mux:Mux3|mux_umc:auto_generated|_~6              ; |mux_4|lpm_mux:Mux3|mux_umc:auto_generated|_~6              ; out0             ;
; |mux_4|lpm_mux:Mux3|mux_umc:auto_generated|_~7              ; |mux_4|lpm_mux:Mux3|mux_umc:auto_generated|_~7              ; out0             ;
; |mux_4|lpm_mux:Mux3|mux_umc:auto_generated|_~8              ; |mux_4|lpm_mux:Mux3|mux_umc:auto_generated|_~8              ; out0             ;
; |mux_4|lpm_mux:Mux3|mux_umc:auto_generated|_~9              ; |mux_4|lpm_mux:Mux3|mux_umc:auto_generated|_~9              ; out0             ;
; |mux_4|lpm_mux:Mux3|mux_umc:auto_generated|_~10             ; |mux_4|lpm_mux:Mux3|mux_umc:auto_generated|_~10             ; out0             ;
; |mux_4|lpm_mux:Mux3|mux_umc:auto_generated|_~11             ; |mux_4|lpm_mux:Mux3|mux_umc:auto_generated|_~11             ; out0             ;
; |mux_4|lpm_mux:Mux3|mux_umc:auto_generated|_~12             ; |mux_4|lpm_mux:Mux3|mux_umc:auto_generated|_~12             ; out0             ;
; |mux_4|lpm_mux:Mux3|mux_umc:auto_generated|_~13             ; |mux_4|lpm_mux:Mux3|mux_umc:auto_generated|_~13             ; out0             ;
; |mux_4|lpm_mux:Mux3|mux_umc:auto_generated|_~14             ; |mux_4|lpm_mux:Mux3|mux_umc:auto_generated|_~14             ; out0             ;
; |mux_4|lpm_mux:Mux3|mux_umc:auto_generated|_~15             ; |mux_4|lpm_mux:Mux3|mux_umc:auto_generated|_~15             ; out0             ;
; |mux_4|lpm_mux:Mux3|mux_umc:auto_generated|_~16             ; |mux_4|lpm_mux:Mux3|mux_umc:auto_generated|_~16             ; out0             ;
; |mux_4|lpm_mux:Mux3|mux_umc:auto_generated|_~17             ; |mux_4|lpm_mux:Mux3|mux_umc:auto_generated|_~17             ; out0             ;
; |mux_4|lpm_mux:Mux3|mux_umc:auto_generated|result_node[0]~1 ; |mux_4|lpm_mux:Mux3|mux_umc:auto_generated|result_node[0]~1 ; out0             ;
; |mux_4|lpm_mux:Mux3|mux_umc:auto_generated|result_node[0]   ; |mux_4|lpm_mux:Mux3|mux_umc:auto_generated|result_node[0]   ; out0             ;
; |mux_4|lpm_mux:Mux2|mux_umc:auto_generated|_~1              ; |mux_4|lpm_mux:Mux2|mux_umc:auto_generated|_~1              ; out0             ;
; |mux_4|lpm_mux:Mux2|mux_umc:auto_generated|_~3              ; |mux_4|lpm_mux:Mux2|mux_umc:auto_generated|_~3              ; out0             ;
; |mux_4|lpm_mux:Mux2|mux_umc:auto_generated|_~5              ; |mux_4|lpm_mux:Mux2|mux_umc:auto_generated|_~5              ; out0             ;
; |mux_4|lpm_mux:Mux2|mux_umc:auto_generated|_~6              ; |mux_4|lpm_mux:Mux2|mux_umc:auto_generated|_~6              ; out0             ;
; |mux_4|lpm_mux:Mux2|mux_umc:auto_generated|_~7              ; |mux_4|lpm_mux:Mux2|mux_umc:auto_generated|_~7              ; out0             ;
; |mux_4|lpm_mux:Mux2|mux_umc:auto_generated|_~8              ; |mux_4|lpm_mux:Mux2|mux_umc:auto_generated|_~8              ; out0             ;
; |mux_4|lpm_mux:Mux2|mux_umc:auto_generated|_~9              ; |mux_4|lpm_mux:Mux2|mux_umc:auto_generated|_~9              ; out0             ;
; |mux_4|lpm_mux:Mux2|mux_umc:auto_generated|_~11             ; |mux_4|lpm_mux:Mux2|mux_umc:auto_generated|_~11             ; out0             ;
; |mux_4|lpm_mux:Mux2|mux_umc:auto_generated|_~13             ; |mux_4|lpm_mux:Mux2|mux_umc:auto_generated|_~13             ; out0             ;
; |mux_4|lpm_mux:Mux2|mux_umc:auto_generated|_~14             ; |mux_4|lpm_mux:Mux2|mux_umc:auto_generated|_~14             ; out0             ;
; |mux_4|lpm_mux:Mux2|mux_umc:auto_generated|_~15             ; |mux_4|lpm_mux:Mux2|mux_umc:auto_generated|_~15             ; out0             ;
; |mux_4|lpm_mux:Mux2|mux_umc:auto_generated|_~16             ; |mux_4|lpm_mux:Mux2|mux_umc:auto_generated|_~16             ; out0             ;
; |mux_4|lpm_mux:Mux2|mux_umc:auto_generated|result_node[0]~1 ; |mux_4|lpm_mux:Mux2|mux_umc:auto_generated|result_node[0]~1 ; out0             ;
; |mux_4|lpm_mux:Mux2|mux_umc:auto_generated|result_node[0]   ; |mux_4|lpm_mux:Mux2|mux_umc:auto_generated|result_node[0]   ; out0             ;
; |mux_4|lpm_mux:Mux1|mux_umc:auto_generated|_~1              ; |mux_4|lpm_mux:Mux1|mux_umc:auto_generated|_~1              ; out0             ;
; |mux_4|lpm_mux:Mux1|mux_umc:auto_generated|_~3              ; |mux_4|lpm_mux:Mux1|mux_umc:auto_generated|_~3              ; out0             ;
; |mux_4|lpm_mux:Mux1|mux_umc:auto_generated|_~5              ; |mux_4|lpm_mux:Mux1|mux_umc:auto_generated|_~5              ; out0             ;
; |mux_4|lpm_mux:Mux1|mux_umc:auto_generated|_~6              ; |mux_4|lpm_mux:Mux1|mux_umc:auto_generated|_~6              ; out0             ;
; |mux_4|lpm_mux:Mux1|mux_umc:auto_generated|_~7              ; |mux_4|lpm_mux:Mux1|mux_umc:auto_generated|_~7              ; out0             ;
; |mux_4|lpm_mux:Mux1|mux_umc:auto_generated|_~8              ; |mux_4|lpm_mux:Mux1|mux_umc:auto_generated|_~8              ; out0             ;
; |mux_4|lpm_mux:Mux1|mux_umc:auto_generated|_~9              ; |mux_4|lpm_mux:Mux1|mux_umc:auto_generated|_~9              ; out0             ;
; |mux_4|lpm_mux:Mux1|mux_umc:auto_generated|_~11             ; |mux_4|lpm_mux:Mux1|mux_umc:auto_generated|_~11             ; out0             ;
; |mux_4|lpm_mux:Mux1|mux_umc:auto_generated|_~13             ; |mux_4|lpm_mux:Mux1|mux_umc:auto_generated|_~13             ; out0             ;
; |mux_4|lpm_mux:Mux1|mux_umc:auto_generated|_~14             ; |mux_4|lpm_mux:Mux1|mux_umc:auto_generated|_~14             ; out0             ;
; |mux_4|lpm_mux:Mux1|mux_umc:auto_generated|_~15             ; |mux_4|lpm_mux:Mux1|mux_umc:auto_generated|_~15             ; out0             ;
; |mux_4|lpm_mux:Mux1|mux_umc:auto_generated|_~16             ; |mux_4|lpm_mux:Mux1|mux_umc:auto_generated|_~16             ; out0             ;
; |mux_4|lpm_mux:Mux1|mux_umc:auto_generated|_~17             ; |mux_4|lpm_mux:Mux1|mux_umc:auto_generated|_~17             ; out0             ;
; |mux_4|lpm_mux:Mux0|mux_umc:auto_generated|_~1              ; |mux_4|lpm_mux:Mux0|mux_umc:auto_generated|_~1              ; out0             ;
; |mux_4|lpm_mux:Mux0|mux_umc:auto_generated|_~3              ; |mux_4|lpm_mux:Mux0|mux_umc:auto_generated|_~3              ; out0             ;
; |mux_4|lpm_mux:Mux0|mux_umc:auto_generated|_~5              ; |mux_4|lpm_mux:Mux0|mux_umc:auto_generated|_~5              ; out0             ;
; |mux_4|lpm_mux:Mux0|mux_umc:auto_generated|_~6              ; |mux_4|lpm_mux:Mux0|mux_umc:auto_generated|_~6              ; out0             ;
; |mux_4|lpm_mux:Mux0|mux_umc:auto_generated|_~7              ; |mux_4|lpm_mux:Mux0|mux_umc:auto_generated|_~7              ; out0             ;
; |mux_4|lpm_mux:Mux0|mux_umc:auto_generated|_~8              ; |mux_4|lpm_mux:Mux0|mux_umc:auto_generated|_~8              ; out0             ;
; |mux_4|lpm_mux:Mux0|mux_umc:auto_generated|_~9              ; |mux_4|lpm_mux:Mux0|mux_umc:auto_generated|_~9              ; out0             ;
; |mux_4|lpm_mux:Mux0|mux_umc:auto_generated|_~11             ; |mux_4|lpm_mux:Mux0|mux_umc:auto_generated|_~11             ; out0             ;
; |mux_4|lpm_mux:Mux0|mux_umc:auto_generated|_~13             ; |mux_4|lpm_mux:Mux0|mux_umc:auto_generated|_~13             ; out0             ;
; |mux_4|lpm_mux:Mux0|mux_umc:auto_generated|_~14             ; |mux_4|lpm_mux:Mux0|mux_umc:auto_generated|_~14             ; out0             ;
; |mux_4|lpm_mux:Mux0|mux_umc:auto_generated|_~15             ; |mux_4|lpm_mux:Mux0|mux_umc:auto_generated|_~15             ; out0             ;
; |mux_4|lpm_mux:Mux0|mux_umc:auto_generated|_~16             ; |mux_4|lpm_mux:Mux0|mux_umc:auto_generated|_~16             ; out0             ;
; |mux_4|lpm_mux:Mux0|mux_umc:auto_generated|result_node[0]~1 ; |mux_4|lpm_mux:Mux0|mux_umc:auto_generated|result_node[0]~1 ; out0             ;
; |mux_4|lpm_mux:Mux0|mux_umc:auto_generated|result_node[0]   ; |mux_4|lpm_mux:Mux0|mux_umc:auto_generated|result_node[0]   ; out0             ;
+-------------------------------------------------------------+-------------------------------------------------------------+------------------+


The following table displays output ports that do not toggle to 1 during simulation.
+----------------------------------------------------------------------------------------------------------------------------------------------+
; Missing 1-Value Coverage                                                                                                                     ;
+-------------------------------------------------------------+-------------------------------------------------------------+------------------+
; Node Name                                                   ; Output Port Name                                            ; Output Port Type ;
+-------------------------------------------------------------+-------------------------------------------------------------+------------------+
; |mux_4|A[5]                                                 ; |mux_4|A[5]                                                 ; out              ;
; |mux_4|A[6]                                                 ; |mux_4|A[6]                                                 ; out              ;
; |mux_4|A[7]                                                 ; |mux_4|A[7]                                                 ; out              ;
; |mux_4|B[4]                                                 ; |mux_4|B[4]                                                 ; out              ;
; |mux_4|B[5]                                                 ; |mux_4|B[5]                                                 ; out              ;
; |mux_4|B[6]                                                 ; |mux_4|B[6]                                                 ; out              ;
; |mux_4|B[7]                                                 ; |mux_4|B[7]                                                 ; out              ;
; |mux_4|C[1]                                                 ; |mux_4|C[1]                                                 ; out              ;
; |mux_4|C[2]                                                 ; |mux_4|C[2]                                                 ; out              ;
; |mux_4|C[3]                                                 ; |mux_4|C[3]                                                 ; out              ;
; |mux_4|C[5]                                                 ; |mux_4|C[5]                                                 ; out              ;
; |mux_4|C[6]                                                 ; |mux_4|C[6]                                                 ; out              ;
; |mux_4|C[7]                                                 ; |mux_4|C[7]                                                 ; out              ;
; |mux_4|D[1]                                                 ; |mux_4|D[1]                                                 ; out              ;
; |mux_4|D[3]                                                 ; |mux_4|D[3]                                                 ; out              ;
; |mux_4|D[4]                                                 ; |mux_4|D[4]                                                 ; out              ;
; |mux_4|D[5]                                                 ; |mux_4|D[5]                                                 ; out              ;
; |mux_4|D[6]                                                 ; |mux_4|D[6]                                                 ; out              ;
; |mux_4|D[7]                                                 ; |mux_4|D[7]                                                 ; out              ;
; |mux_4|Y[6]                                                 ; |mux_4|Y[6]                                                 ; pin_out          ;
; |mux_4|lpm_mux:Mux4|mux_umc:auto_generated|_~17             ; |mux_4|lpm_mux:Mux4|mux_umc:auto_generated|_~17             ; out0             ;
; |mux_4|lpm_mux:Mux3|mux_umc:auto_generated|_~0              ; |mux_4|lpm_mux:Mux3|mux_umc:auto_generated|_~0              ; out0             ;
; |mux_4|lpm_mux:Mux3|mux_umc:auto_generated|result_node[0]~0 ; |mux_4|lpm_mux:Mux3|mux_umc:auto_generated|result_node[0]~0 ; out0             ;
; |mux_4|lpm_mux:Mux2|mux_umc:auto_generated|_~0              ; |mux_4|lpm_mux:Mux2|mux_umc:auto_generated|_~0              ; out0             ;
; |mux_4|lpm_mux:Mux2|mux_umc:auto_generated|_~2              ; |mux_4|lpm_mux:Mux2|mux_umc:auto_generated|_~2              ; out0             ;
; |mux_4|lpm_mux:Mux2|mux_umc:auto_generated|_~4              ; |mux_4|lpm_mux:Mux2|mux_umc:auto_generated|_~4              ; out0             ;
; |mux_4|lpm_mux:Mux2|mux_umc:auto_generated|result_node[0]~0 ; |mux_4|lpm_mux:Mux2|mux_umc:auto_generated|result_node[0]~0 ; out0             ;
; |mux_4|lpm_mux:Mux2|mux_umc:auto_generated|_~10             ; |mux_4|lpm_mux:Mux2|mux_umc:auto_generated|_~10             ; out0             ;
; |mux_4|lpm_mux:Mux2|mux_umc:auto_generated|_~12             ; |mux_4|lpm_mux:Mux2|mux_umc:auto_generated|_~12             ; out0             ;
; |mux_4|lpm_mux:Mux2|mux_umc:auto_generated|_~17             ; |mux_4|lpm_mux:Mux2|mux_umc:auto_generated|_~17             ; out0             ;
; |mux_4|lpm_mux:Mux1|mux_umc:auto_generated|_~0              ; |mux_4|lpm_mux:Mux1|mux_umc:auto_generated|_~0              ; out0             ;
; |mux_4|lpm_mux:Mux1|mux_umc:auto_generated|_~2              ; |mux_4|lpm_mux:Mux1|mux_umc:auto_generated|_~2              ; out0             ;
; |mux_4|lpm_mux:Mux1|mux_umc:auto_generated|_~4              ; |mux_4|lpm_mux:Mux1|mux_umc:auto_generated|_~4              ; out0             ;
; |mux_4|lpm_mux:Mux1|mux_umc:auto_generated|result_node[0]~0 ; |mux_4|lpm_mux:Mux1|mux_umc:auto_generated|result_node[0]~0 ; out0             ;
; |mux_4|lpm_mux:Mux1|mux_umc:auto_generated|_~10             ; |mux_4|lpm_mux:Mux1|mux_umc:auto_generated|_~10             ; out0             ;
; |mux_4|lpm_mux:Mux1|mux_umc:auto_generated|_~12             ; |mux_4|lpm_mux:Mux1|mux_umc:auto_generated|_~12             ; out0             ;
; |mux_4|lpm_mux:Mux1|mux_umc:auto_generated|result_node[0]~1 ; |mux_4|lpm_mux:Mux1|mux_umc:auto_generated|result_node[0]~1 ; out0             ;
; |mux_4|lpm_mux:Mux1|mux_umc:auto_generated|result_node[0]   ; |mux_4|lpm_mux:Mux1|mux_umc:auto_generated|result_node[0]   ; out0             ;
; |mux_4|lpm_mux:Mux0|mux_umc:auto_generated|_~0              ; |mux_4|lpm_mux:Mux0|mux_umc:auto_generated|_~0              ; out0             ;
; |mux_4|lpm_mux:Mux0|mux_umc:auto_generated|_~2              ; |mux_4|lpm_mux:Mux0|mux_umc:auto_generated|_~2              ; out0             ;
; |mux_4|lpm_mux:Mux0|mux_umc:auto_generated|_~4              ; |mux_4|lpm_mux:Mux0|mux_umc:auto_generated|_~4              ; out0             ;
; |mux_4|lpm_mux:Mux0|mux_umc:auto_generated|result_node[0]~0 ; |mux_4|lpm_mux:Mux0|mux_umc:auto_generated|result_node[0]~0 ; out0             ;
; |mux_4|lpm_mux:Mux0|mux_umc:auto_generated|_~10             ; |mux_4|lpm_mux:Mux0|mux_umc:auto_generated|_~10             ; out0             ;
; |mux_4|lpm_mux:Mux0|mux_umc:auto_generated|_~12             ; |mux_4|lpm_mux:Mux0|mux_umc:auto_generated|_~12             ; out0             ;
; |mux_4|lpm_mux:Mux0|mux_umc:auto_generated|_~17             ; |mux_4|lpm_mux:Mux0|mux_umc:auto_generated|_~17             ; out0             ;
+-------------------------------------------------------------+-------------------------------------------------------------+------------------+


The following table displays output ports that do not toggle to 0 during simulation.
+----------------------------------------------------------------------------------------------------------------------------------------------+
; Missing 0-Value Coverage                                                                                                                     ;
+-------------------------------------------------------------+-------------------------------------------------------------+------------------+
; Node Name                                                   ; Output Port Name                                            ; Output Port Type ;
+-------------------------------------------------------------+-------------------------------------------------------------+------------------+
; |mux_4|A[4]                                                 ; |mux_4|A[4]                                                 ; out              ;
; |mux_4|A[5]                                                 ; |mux_4|A[5]                                                 ; out              ;
; |mux_4|A[6]                                                 ; |mux_4|A[6]                                                 ; out              ;
; |mux_4|A[7]                                                 ; |mux_4|A[7]                                                 ; out              ;
; |mux_4|B[3]                                                 ; |mux_4|B[3]                                                 ; out              ;
; |mux_4|B[4]                                                 ; |mux_4|B[4]                                                 ; out              ;
; |mux_4|B[5]                                                 ; |mux_4|B[5]                                                 ; out              ;
; |mux_4|B[6]                                                 ; |mux_4|B[6]                                                 ; out              ;
; |mux_4|B[7]                                                 ; |mux_4|B[7]                                                 ; out              ;
; |mux_4|C[4]                                                 ; |mux_4|C[4]                                                 ; out              ;
; |mux_4|C[5]                                                 ; |mux_4|C[5]                                                 ; out              ;
; |mux_4|C[6]                                                 ; |mux_4|C[6]                                                 ; out              ;
; |mux_4|C[7]                                                 ; |mux_4|C[7]                                                 ; out              ;
; |mux_4|D[2]                                                 ; |mux_4|D[2]                                                 ; out              ;
; |mux_4|D[3]                                                 ; |mux_4|D[3]                                                 ; out              ;
; |mux_4|D[4]                                                 ; |mux_4|D[4]                                                 ; out              ;
; |mux_4|D[5]                                                 ; |mux_4|D[5]                                                 ; out              ;
; |mux_4|D[6]                                                 ; |mux_4|D[6]                                                 ; out              ;
; |mux_4|D[7]                                                 ; |mux_4|D[7]                                                 ; out              ;
; |mux_4|Y[6]                                                 ; |mux_4|Y[6]                                                 ; pin_out          ;
; |mux_4|lpm_mux:Mux4|mux_umc:auto_generated|_~17             ; |mux_4|lpm_mux:Mux4|mux_umc:auto_generated|_~17             ; out0             ;
; |mux_4|lpm_mux:Mux3|mux_umc:auto_generated|_~0              ; |mux_4|lpm_mux:Mux3|mux_umc:auto_generated|_~0              ; out0             ;
; |mux_4|lpm_mux:Mux3|mux_umc:auto_generated|result_node[0]~0 ; |mux_4|lpm_mux:Mux3|mux_umc:auto_generated|result_node[0]~0 ; out0             ;
; |mux_4|lpm_mux:Mux2|mux_umc:auto_generated|_~0              ; |mux_4|lpm_mux:Mux2|mux_umc:auto_generated|_~0              ; out0             ;
; |mux_4|lpm_mux:Mux2|mux_umc:auto_generated|_~2              ; |mux_4|lpm_mux:Mux2|mux_umc:auto_generated|_~2              ; out0             ;
; |mux_4|lpm_mux:Mux2|mux_umc:auto_generated|_~4              ; |mux_4|lpm_mux:Mux2|mux_umc:auto_generated|_~4              ; out0             ;
; |mux_4|lpm_mux:Mux2|mux_umc:auto_generated|result_node[0]~0 ; |mux_4|lpm_mux:Mux2|mux_umc:auto_generated|result_node[0]~0 ; out0             ;
; |mux_4|lpm_mux:Mux2|mux_umc:auto_generated|_~10             ; |mux_4|lpm_mux:Mux2|mux_umc:auto_generated|_~10             ; out0             ;
; |mux_4|lpm_mux:Mux2|mux_umc:auto_generated|_~12             ; |mux_4|lpm_mux:Mux2|mux_umc:auto_generated|_~12             ; out0             ;
; |mux_4|lpm_mux:Mux2|mux_umc:auto_generated|_~17             ; |mux_4|lpm_mux:Mux2|mux_umc:auto_generated|_~17             ; out0             ;
; |mux_4|lpm_mux:Mux1|mux_umc:auto_generated|_~0              ; |mux_4|lpm_mux:Mux1|mux_umc:auto_generated|_~0              ; out0             ;
; |mux_4|lpm_mux:Mux1|mux_umc:auto_generated|_~2              ; |mux_4|lpm_mux:Mux1|mux_umc:auto_generated|_~2              ; out0             ;
; |mux_4|lpm_mux:Mux1|mux_umc:auto_generated|_~4              ; |mux_4|lpm_mux:Mux1|mux_umc:auto_generated|_~4              ; out0             ;
; |mux_4|lpm_mux:Mux1|mux_umc:auto_generated|result_node[0]~0 ; |mux_4|lpm_mux:Mux1|mux_umc:auto_generated|result_node[0]~0 ; out0             ;
; |mux_4|lpm_mux:Mux1|mux_umc:auto_generated|_~10             ; |mux_4|lpm_mux:Mux1|mux_umc:auto_generated|_~10             ; out0             ;
; |mux_4|lpm_mux:Mux1|mux_umc:auto_generated|_~12             ; |mux_4|lpm_mux:Mux1|mux_umc:auto_generated|_~12             ; out0             ;
; |mux_4|lpm_mux:Mux1|mux_umc:auto_generated|result_node[0]~1 ; |mux_4|lpm_mux:Mux1|mux_umc:auto_generated|result_node[0]~1 ; out0             ;
; |mux_4|lpm_mux:Mux1|mux_umc:auto_generated|result_node[0]   ; |mux_4|lpm_mux:Mux1|mux_umc:auto_generated|result_node[0]   ; out0             ;
; |mux_4|lpm_mux:Mux0|mux_umc:auto_generated|_~0              ; |mux_4|lpm_mux:Mux0|mux_umc:auto_generated|_~0              ; out0             ;
; |mux_4|lpm_mux:Mux0|mux_umc:auto_generated|_~2              ; |mux_4|lpm_mux:Mux0|mux_umc:auto_generated|_~2              ; out0             ;
; |mux_4|lpm_mux:Mux0|mux_umc:auto_generated|_~4              ; |mux_4|lpm_mux:Mux0|mux_umc:auto_generated|_~4              ; out0             ;
; |mux_4|lpm_mux:Mux0|mux_umc:auto_generated|result_node[0]~0 ; |mux_4|lpm_mux:Mux0|mux_umc:auto_generated|result_node[0]~0 ; out0             ;
; |mux_4|lpm_mux:Mux0|mux_umc:auto_generated|_~10             ; |mux_4|lpm_mux:Mux0|mux_umc:auto_generated|_~10             ; out0             ;
; |mux_4|lpm_mux:Mux0|mux_umc:auto_generated|_~12             ; |mux_4|lpm_mux:Mux0|mux_umc:auto_generated|_~12             ; out0             ;
; |mux_4|lpm_mux:Mux0|mux_umc:auto_generated|_~17             ; |mux_4|lpm_mux:Mux0|mux_umc:auto_generated|_~17             ; out0             ;
+-------------------------------------------------------------+-------------------------------------------------------------+------------------+


+---------------------+
; Simulator INI Usage ;
+--------+------------+
; Option ; Usage      ;
+--------+------------+


+--------------------+
; Simulator Messages ;
+--------------------+
Info: *******************************************************************
Info: Running Quartus II 32-bit Simulator
    Info: Version 12.0 Build 178 05/31/2012 SJ Web Edition
    Info: Processing started: Tue Oct 09 09:24:14 2012
Info: Command: quartus_sim --simulation_results_format=VWF mux_4 -c mux_4
Info (324025): Using vector source file "C:/altera/12.0/quartus/qdesigns/Lecture_Examples/Lecture_11/MUX_4_input/Waveform.vwf"
Info (310003): Option to preserve fewer signal transitions to reduce memory requirements is enabled
    Info (310004): Simulation has been partitioned into sub-simulations according to the maximum transition count determined by the engine. Transitions from memory will be flushed out to disk at the end of each sub-simulation to reduce memory requirements.
Info (310002): Simulation partitioned into 1 sub-simulations
Info (328053): Simulation coverage is      76.67 %
Info (328052): Number of transitions in simulation is 4145
Info (324045): Vector file mux_4.sim.vwf is saved in VWF text format. You can compress it into CVWF format in order to reduce file size. For more details please refer to the Quartus II Help.
Info: Quartus II 32-bit Simulator was successful. 0 errors, 0 warnings
    Info: Peak virtual memory: 240 megabytes
    Info: Processing ended: Tue Oct 09 09:24:15 2012
    Info: Elapsed time: 00:00:01
    Info: Total CPU time (on all processors): 00:00:01


