Analysis & Synthesis report for controller
Thu Oct 17 21:29:46 2013
Quartus II 64-Bit Version 13.0.1 Build 232 06/12/2013 Service Pack 1 SJ Web Edition


---------------------
; Table of Contents ;
---------------------
  1. Legal Notice
  2. Analysis & Synthesis Summary
  3. Analysis & Synthesis Settings
  4. Parallel Compilation
  5. Analysis & Synthesis Source Files Read
  6. Analysis & Synthesis Resource Usage Summary
  7. Analysis & Synthesis Resource Utilization by Entity
  8. Analysis & Synthesis RAM Summary
  9. Analysis & Synthesis IP Cores Summary
 10. Registers Removed During Synthesis
 11. General Register Statistics
 12. Multiplexer Restructuring Statistics (Restructuring Performed)
 13. Source assignments for Main_Mem:Memory|altsyncram:altsyncram_component|altsyncram_smq1:auto_generated
 14. Parameter Settings for User Entity Instance: control:control_unit
 15. Parameter Settings for User Entity Instance: ALU:alu_unit
 16. Parameter Settings for User Entity Instance: Main_Mem:Memory|altsyncram:altsyncram_component
 17. altsyncram Parameter Settings by Entity Instance
 18. Port Connectivity Checks: "gen_reg:STATUS_reg"
 19. Port Connectivity Checks: "mux_4:file_mux"
 20. Port Connectivity Checks: "pc_reg:PC"
 21. Port Connectivity Checks: "control:control_unit"
 22. Elapsed Time Per Partition
 23. Analysis & Synthesis Messages
 24. Analysis & Synthesis Suppressed Messages



----------------
; Legal Notice ;
----------------
Copyright (C) 1991-2013 Altera Corporation
Your use of Altera Corporation's design tools, logic functions 
and other software and tools, and its AMPP partner logic 
functions, and any output files from any of the foregoing 
(including device programming or simulation files), and any 
associated documentation or information are expressly subject 
to the terms and conditions of the Altera Program License 
Subscription Agreement, Altera MegaCore Function License 
Agreement, or other applicable license agreement, including, 
without limitation, that your use is for the sole purpose of 
programming logic devices manufactured by Altera and sold by 
Altera or its authorized distributors.  Please refer to the 
applicable agreement for further details.



+--------------------------------------------------------------------------------------+
; Analysis & Synthesis Summary                                                         ;
+------------------------------------+-------------------------------------------------+
; Analysis & Synthesis Status        ; Successful - Thu Oct 17 21:29:46 2013           ;
; Quartus II 64-Bit Version          ; 13.0.1 Build 232 06/12/2013 SP 1 SJ Web Edition ;
; Revision Name                      ; controller                                      ;
; Top-level Entity Name              ; controller                                      ;
; Family                             ; Cyclone II                                      ;
; Total logic elements               ; 251                                             ;
;     Total combinational functions  ; 203                                             ;
;     Dedicated logic registers      ; 89                                              ;
; Total registers                    ; 89                                              ;
; Total pins                         ; 66                                              ;
; Total virtual pins                 ; 0                                               ;
; Total memory bits                  ; 2,048                                           ;
; Embedded Multiplier 9-bit elements ; 0                                               ;
; Total PLLs                         ; 0                                               ;
+------------------------------------+-------------------------------------------------+


+----------------------------------------------------------------------------------------------------------------------+
; Analysis & Synthesis Settings                                                                                        ;
+----------------------------------------------------------------------------+--------------------+--------------------+
; Option                                                                     ; Setting            ; Default Value      ;
+----------------------------------------------------------------------------+--------------------+--------------------+
; Device                                                                     ; EP2C35F672C6       ;                    ;
; Top-level entity name                                                      ; controller         ; controller         ;
; Family name                                                                ; Cyclone II         ; Cyclone IV GX      ;
; Use smart compilation                                                      ; Off                ; Off                ;
; Enable parallel Assembler and TimeQuest Timing Analyzer during compilation ; On                 ; On                 ;
; Enable compact report table                                                ; Off                ; Off                ;
; Restructure Multiplexers                                                   ; Auto               ; Auto               ;
; Create Debugging Nodes for IP Cores                                        ; Off                ; Off                ;
; Preserve fewer node names                                                  ; On                 ; On                 ;
; Disable OpenCore Plus hardware evaluation                                  ; Off                ; Off                ;
; Verilog Version                                                            ; Verilog_2001       ; Verilog_2001       ;
; VHDL Version                                                               ; VHDL_1993          ; VHDL_1993          ;
; State Machine Processing                                                   ; Auto               ; Auto               ;
; Safe State Machine                                                         ; Off                ; Off                ;
; Extract Verilog State Machines                                             ; On                 ; On                 ;
; Extract VHDL State Machines                                                ; On                 ; On                 ;
; Ignore Verilog initial constructs                                          ; Off                ; Off                ;
; Iteration limit for constant Verilog loops                                 ; 5000               ; 5000               ;
; Iteration limit for non-constant Verilog loops                             ; 250                ; 250                ;
; Add Pass-Through Logic to Inferred RAMs                                    ; On                 ; On                 ;
; Infer RAMs from Raw Logic                                                  ; On                 ; On                 ;
; Parallel Synthesis                                                         ; On                 ; On                 ;
; DSP Block Balancing                                                        ; Auto               ; Auto               ;
; NOT Gate Push-Back                                                         ; On                 ; On                 ;
; Power-Up Don't Care                                                        ; On                 ; On                 ;
; Remove Redundant Logic Cells                                               ; Off                ; Off                ;
; Remove Duplicate Registers                                                 ; On                 ; On                 ;
; Ignore CARRY Buffers                                                       ; Off                ; Off                ;
; Ignore CASCADE Buffers                                                     ; Off                ; Off                ;
; Ignore GLOBAL Buffers                                                      ; Off                ; Off                ;
; Ignore ROW GLOBAL Buffers                                                  ; Off                ; Off                ;
; Ignore LCELL Buffers                                                       ; Off                ; Off                ;
; Ignore SOFT Buffers                                                        ; On                 ; On                 ;
; Limit AHDL Integers to 32 Bits                                             ; Off                ; Off                ;
; Optimization Technique                                                     ; Balanced           ; Balanced           ;
; Carry Chain Length                                                         ; 70                 ; 70                 ;
; Auto Carry Chains                                                          ; On                 ; On                 ;
; Auto Open-Drain Pins                                                       ; On                 ; On                 ;
; Perform WYSIWYG Primitive Resynthesis                                      ; Off                ; Off                ;
; Auto ROM Replacement                                                       ; On                 ; On                 ;
; Auto RAM Replacement                                                       ; On                 ; On                 ;
; Auto Shift Register Replacement                                            ; Auto               ; Auto               ;
; Allow Shift Register Merging across Hierarchies                            ; Auto               ; Auto               ;
; Auto Clock Enable Replacement                                              ; On                 ; On                 ;
; Strict RAM Replacement                                                     ; Off                ; Off                ;
; Allow Synchronous Control Signals                                          ; On                 ; On                 ;
; Force Use of Synchronous Clear Signals                                     ; Off                ; Off                ;
; Auto RAM to Logic Cell Conversion                                          ; Off                ; Off                ;
; Auto Resource Sharing                                                      ; Off                ; Off                ;
; Allow Any RAM Size For Recognition                                         ; Off                ; Off                ;
; Allow Any ROM Size For Recognition                                         ; Off                ; Off                ;
; Allow Any Shift Register Size For Recognition                              ; Off                ; Off                ;
; Use LogicLock Constraints during Resource Balancing                        ; On                 ; On                 ;
; Ignore translate_off and synthesis_off directives                          ; Off                ; Off                ;
; Timing-Driven Synthesis                                                    ; Off                ; Off                ;
; Report Parameter Settings                                                  ; On                 ; On                 ;
; Report Source Assignments                                                  ; On                 ; On                 ;
; Report Connectivity Checks                                                 ; On                 ; On                 ;
; Ignore Maximum Fan-Out Assignments                                         ; Off                ; Off                ;
; Synchronization Register Chain Length                                      ; 2                  ; 2                  ;
; PowerPlay Power Optimization                                               ; Normal compilation ; Normal compilation ;
; HDL message level                                                          ; Level2             ; Level2             ;
; Suppress Register Optimization Related Messages                            ; Off                ; Off                ;
; Number of Removed Registers Reported in Synthesis Report                   ; 5000               ; 5000               ;
; Number of Swept Nodes Reported in Synthesis Report                         ; 5000               ; 5000               ;
; Number of Inverted Registers Reported in Synthesis Report                  ; 100                ; 100                ;
; Clock MUX Protection                                                       ; On                 ; On                 ;
; Auto Gated Clock Conversion                                                ; Off                ; Off                ;
; Block Design Naming                                                        ; Auto               ; Auto               ;
; SDC constraint protection                                                  ; Off                ; Off                ;
; Synthesis Effort                                                           ; Auto               ; Auto               ;
; Shift Register Replacement - Allow Asynchronous Clear Signal               ; On                 ; On                 ;
; Pre-Mapping Resynthesis Optimization                                       ; Off                ; Off                ;
; Analysis & Synthesis Message Level                                         ; Medium             ; Medium             ;
; Disable Register Merging Across Hierarchies                                ; Auto               ; Auto               ;
; Resource Aware Inference For Block RAM                                     ; On                 ; On                 ;
; Synthesis Seed                                                             ; 1                  ; 1                  ;
+----------------------------------------------------------------------------+--------------------+--------------------+


+------------------------------------------+
; Parallel Compilation                     ;
+----------------------------+-------------+
; Processors                 ; Number      ;
+----------------------------+-------------+
; Number detected on machine ; 4           ;
; Maximum allowed            ; 4           ;
;                            ;             ;
; Average used               ; 1.00        ;
; Maximum used               ; 1           ;
;                            ;             ;
; Usage by Processor         ; % Time Used ;
;     Processor 1            ; 100.0%      ;
;     Processors 2-4         ;   0.0%      ;
+----------------------------+-------------+


+---------------------------------------------------------------------------------------------------------------------------------------------------------------------------------------------------------------------------------------------------+
; Analysis & Synthesis Source Files Read                                                                                                                                                                                                            ;
+-------------------------------------------------------------+-----------------+---------------------------------------+-----------------------------------------------------------------------------------------------------------------+---------+
; File Name with User-Entered Path                            ; Used in Netlist ; File Type                             ; File Name with Absolute Path                                                                                    ; Library ;
+-------------------------------------------------------------+-----------------+---------------------------------------+-----------------------------------------------------------------------------------------------------------------+---------+
; ../../Lecture_11_revised_10_2013/LEDR_0_7_out/led_0_7_out.v ; yes             ; User Verilog HDL File                 ; G:/class/ECE444_FA13/Lecture_Examples/Lecture_11_revised_10_2013/LEDR_0_7_out/led_0_7_out.v                     ;         ;
; controller.v                                                ; yes             ; User Verilog HDL File                 ; G:/class/ECE444_FA13/Lecture_Examples/Lecture_11_revised_10_17_2013/Controller_Top_Level/controller.v           ;         ;
; ../Address_Decoder/addr_decode.v                            ; yes             ; User Verilog HDL File                 ; G:/class/ECE444_FA13/Lecture_Examples/Lecture_11_revised_10_17_2013/Address_Decoder/addr_decode.v               ;         ;
; ../Control_Unit/control.v                                   ; yes             ; User Verilog HDL File                 ; G:/class/ECE444_FA13/Lecture_Examples/Lecture_11_revised_10_17_2013/Control_Unit/control.v                      ;         ;
; ../General_Register/gen_reg.v                               ; yes             ; User Verilog HDL File                 ; G:/class/ECE444_FA13/Lecture_Examples/Lecture_11_revised_10_17_2013/General_Register/gen_reg.v                  ;         ;
; ../MUX_4_input/mux_4.v                                      ; yes             ; User Verilog HDL File                 ; G:/class/ECE444_FA13/Lecture_Examples/Lecture_11_revised_10_17_2013/MUX_4_input/mux_4.v                         ;         ;
; ../Program_Counter/pc_reg.v                                 ; yes             ; User Verilog HDL File                 ; G:/class/ECE444_FA13/Lecture_Examples/Lecture_11_revised_10_17_2013/Program_Counter/pc_reg.v                    ;         ;
; ../Register_File/REG_FILE.v                                 ; yes             ; User Verilog HDL File                 ; G:/class/ECE444_FA13/Lecture_Examples/Lecture_11_revised_10_17_2013/Register_File/REG_FILE.v                    ;         ;
; ../ALU/ALU.v                                                ; yes             ; User Verilog HDL File                 ; G:/class/ECE444_FA13/Lecture_Examples/Lecture_11_revised_10_17_2013/ALU/ALU.v                                   ;         ;
; Main_Mem.v                                                  ; yes             ; User Wizard-Generated File            ; G:/class/ECE444_FA13/Lecture_Examples/Lecture_11_revised_10_17_2013/Controller_Top_Level/Main_Mem.v             ;         ;
; controller.hex                                              ; yes             ; User Hexadecimal (Intel-Format) File  ; G:/class/ECE444_FA13/Lecture_Examples/Lecture_11_revised_10_17_2013/Controller_Top_Level/controller.hex         ;         ;
; altsyncram.tdf                                              ; yes             ; Megafunction                          ; e:/altera/13.0sp1/quartus/libraries/megafunctions/altsyncram.tdf                                                ;         ;
; stratix_ram_block.inc                                       ; yes             ; Megafunction                          ; e:/altera/13.0sp1/quartus/libraries/megafunctions/stratix_ram_block.inc                                         ;         ;
; lpm_mux.inc                                                 ; yes             ; Megafunction                          ; e:/altera/13.0sp1/quartus/libraries/megafunctions/lpm_mux.inc                                                   ;         ;
; lpm_decode.inc                                              ; yes             ; Megafunction                          ; e:/altera/13.0sp1/quartus/libraries/megafunctions/lpm_decode.inc                                                ;         ;
; aglobal130.inc                                              ; yes             ; Megafunction                          ; e:/altera/13.0sp1/quartus/libraries/megafunctions/aglobal130.inc                                                ;         ;
; a_rdenreg.inc                                               ; yes             ; Megafunction                          ; e:/altera/13.0sp1/quartus/libraries/megafunctions/a_rdenreg.inc                                                 ;         ;
; altrom.inc                                                  ; yes             ; Megafunction                          ; e:/altera/13.0sp1/quartus/libraries/megafunctions/altrom.inc                                                    ;         ;
; altram.inc                                                  ; yes             ; Megafunction                          ; e:/altera/13.0sp1/quartus/libraries/megafunctions/altram.inc                                                    ;         ;
; altdpram.inc                                                ; yes             ; Megafunction                          ; e:/altera/13.0sp1/quartus/libraries/megafunctions/altdpram.inc                                                  ;         ;
; db/altsyncram_smq1.tdf                                      ; yes             ; Auto-Generated Megafunction           ; G:/class/ECE444_FA13/Lecture_Examples/Lecture_11_revised_10_17_2013/Controller_Top_Level/db/altsyncram_smq1.tdf ;         ;
+-------------------------------------------------------------+-----------------+---------------------------------------+-----------------------------------------------------------------------------------------------------------------+---------+


+-----------------------------------------------------+
; Analysis & Synthesis Resource Usage Summary         ;
+---------------------------------------------+-------+
; Resource                                    ; Usage ;
+---------------------------------------------+-------+
; Estimated Total logic elements              ; 251   ;
;                                             ;       ;
; Total combinational functions               ; 203   ;
; Logic element usage by number of LUT inputs ;       ;
;     -- 4 input functions                    ; 123   ;
;     -- 3 input functions                    ; 51    ;
;     -- <=2 input functions                  ; 29    ;
;                                             ;       ;
; Logic elements by mode                      ;       ;
;     -- normal mode                          ; 174   ;
;     -- arithmetic mode                      ; 29    ;
;                                             ;       ;
; Total registers                             ; 89    ;
;     -- Dedicated logic registers            ; 89    ;
;     -- I/O registers                        ; 0     ;
;                                             ;       ;
; I/O pins                                    ; 66    ;
; Total memory bits                           ; 2048  ;
; Embedded Multiplier 9-bit elements          ; 0     ;
; Maximum fan-out node                        ; clk   ;
; Maximum fan-out                             ; 97    ;
; Total fan-out                               ; 1165  ;
; Average fan-out                             ; 3.18  ;
+---------------------------------------------+-------+


+-------------------------------------------------------------------------------------------------------------------------------------------------------------------------------------------------------------------------------------------------------------------+
; Analysis & Synthesis Resource Utilization by Entity                                                                                                                                                                                                               ;
+-------------------------------------------+-------------------+--------------+-------------+--------------+---------+-----------+------+--------------+--------------------------------------------------------------------------------------------+--------------+
; Compilation Hierarchy Node                ; LC Combinationals ; LC Registers ; Memory Bits ; DSP Elements ; DSP 9x9 ; DSP 18x18 ; Pins ; Virtual Pins ; Full Hierarchy Name                                                                        ; Library Name ;
+-------------------------------------------+-------------------+--------------+-------------+--------------+---------+-----------+------+--------------+--------------------------------------------------------------------------------------------+--------------+
; |controller                               ; 203 (0)           ; 89 (0)       ; 2048        ; 0            ; 0       ; 0         ; 66   ; 0            ; |controller                                                                                ; work         ;
;    |ALU:alu_unit|                         ; 53 (53)           ; 0 (0)        ; 0           ; 0            ; 0       ; 0         ; 0    ; 0            ; |controller|ALU:alu_unit                                                                   ; work         ;
;    |Main_Mem:Memory|                      ; 0 (0)             ; 0 (0)        ; 2048        ; 0            ; 0       ; 0         ; 0    ; 0            ; |controller|Main_Mem:Memory                                                                ; work         ;
;       |altsyncram:altsyncram_component|   ; 0 (0)             ; 0 (0)        ; 2048        ; 0            ; 0       ; 0         ; 0    ; 0            ; |controller|Main_Mem:Memory|altsyncram:altsyncram_component                                ; work         ;
;          |altsyncram_smq1:auto_generated| ; 0 (0)             ; 0 (0)        ; 2048        ; 0            ; 0       ; 0         ; 0    ; 0            ; |controller|Main_Mem:Memory|altsyncram:altsyncram_component|altsyncram_smq1:auto_generated ; work         ;
;    |REG_FILE:REG_file|                    ; 37 (37)           ; 48 (48)      ; 0           ; 0            ; 0       ; 0         ; 0    ; 0            ; |controller|REG_FILE:REG_file                                                              ; work         ;
;    |addr_decode:MA_addr|                  ; 10 (10)           ; 0 (0)        ; 0           ; 0            ; 0       ; 0         ; 0    ; 0            ; |controller|addr_decode:MA_addr                                                            ; work         ;
;    |control:control_unit|                 ; 57 (57)           ; 6 (6)        ; 0           ; 0            ; 0       ; 0         ; 0    ; 0            ; |controller|control:control_unit                                                           ; work         ;
;    |gen_reg:IR|                           ; 0 (0)             ; 8 (8)        ; 0           ; 0            ; 0       ; 0         ; 0    ; 0            ; |controller|gen_reg:IR                                                                     ; work         ;
;    |gen_reg:MD|                           ; 0 (0)             ; 8 (8)        ; 0           ; 0            ; 0       ; 0         ; 0    ; 0            ; |controller|gen_reg:MD                                                                     ; work         ;
;    |gen_reg:STATUS_reg|                   ; 0 (0)             ; 3 (3)        ; 0           ; 0            ; 0       ; 0         ; 0    ; 0            ; |controller|gen_reg:STATUS_reg                                                             ; work         ;
;    |led_0_7_out:led_out|                  ; 2 (2)             ; 8 (8)        ; 0           ; 0            ; 0       ; 0         ; 0    ; 0            ; |controller|led_0_7_out:led_out                                                            ; work         ;
;    |mux_4:file_mux|                       ; 35 (35)           ; 0 (0)        ; 0           ; 0            ; 0       ; 0         ; 0    ; 0            ; |controller|mux_4:file_mux                                                                 ; work         ;
;    |pc_reg:PC|                            ; 9 (9)             ; 8 (8)        ; 0           ; 0            ; 0       ; 0         ; 0    ; 0            ; |controller|pc_reg:PC                                                                      ; work         ;
+-------------------------------------------+-------------------+--------------+-------------+--------------+---------+-----------+------+--------------+--------------------------------------------------------------------------------------------+--------------+
Note: For table entries with two numbers listed, the numbers in parentheses indicate the number of resources of the given type used by the specific entity alone. The numbers listed outside of parentheses indicate the total resources of the given type used by the specific entity and all of its sub-entities in the hierarchy.


+---------------------------------------------------------------------------------------------------------------------------------------------------------------------------------------------------------+
; Analysis & Synthesis RAM Summary                                                                                                                                                                        ;
+-------------------------------------------------------------------------------------------+------+------------------+--------------+--------------+--------------+--------------+------+----------------+
; Name                                                                                      ; Type ; Mode             ; Port A Depth ; Port A Width ; Port B Depth ; Port B Width ; Size ; MIF            ;
+-------------------------------------------------------------------------------------------+------+------------------+--------------+--------------+--------------+--------------+------+----------------+
; Main_Mem:Memory|altsyncram:altsyncram_component|altsyncram_smq1:auto_generated|ALTSYNCRAM ; AUTO ; Simple Dual Port ; 256          ; 8            ; 256          ; 8            ; 2048 ; controller.hex ;
+-------------------------------------------------------------------------------------------+------+------------------+--------------+--------------+--------------+--------------+------+----------------+


+---------------------------------------------------------------------------------------------------------------------------------------------------------------------------------------------------+
; Analysis & Synthesis IP Cores Summary                                                                                                                                                             ;
+--------+--------------+---------+--------------+--------------+-----------------------------+-----------------------------------------------------------------------------------------------------+
; Vendor ; IP Core Name ; Version ; Release Date ; License Type ; Entity Instance             ; IP Include File                                                                                     ;
+--------+--------------+---------+--------------+--------------+-----------------------------+-----------------------------------------------------------------------------------------------------+
; Altera ; RAM: 2-PORT  ; 12.0    ; N/A          ; N/A          ; |controller|Main_Mem:Memory ; G:/class/ECE444_FA13/Lecture_Examples/Lecture_11_revised_10_17_2013/Controller_Top_Level/Main_Mem.v ;
+--------+--------------+---------+--------------+--------------+-----------------------------+-----------------------------------------------------------------------------------------------------+


+--------------------------------------------------------------------------------+
; Registers Removed During Synthesis                                             ;
+---------------------------------------+----------------------------------------+
; Register name                         ; Reason for Removal                     ;
+---------------------------------------+----------------------------------------+
; gen_reg:STATUS_reg|Y[3]               ; Stuck at GND due to stuck port data_in ;
; Total Number of Removed Registers = 1 ;                                        ;
+---------------------------------------+----------------------------------------+


+------------------------------------------------------+
; General Register Statistics                          ;
+----------------------------------------------+-------+
; Statistic                                    ; Value ;
+----------------------------------------------+-------+
; Total registers                              ; 89    ;
; Number of registers using Synchronous Clear  ; 0     ;
; Number of registers using Synchronous Load   ; 11    ;
; Number of registers using Asynchronous Clear ; 46    ;
; Number of registers using Asynchronous Load  ; 0     ;
; Number of registers using Clock Enable       ; 83    ;
; Number of registers using Preset             ; 0     ;
+----------------------------------------------+-------+


+----------------------------------------------------------------------------------------------------------------------------------------------------------+
; Multiplexer Restructuring Statistics (Restructuring Performed)                                                                                           ;
+--------------------+-----------+---------------+----------------------+------------------------+------------+--------------------------------------------+
; Multiplexer Inputs ; Bus Width ; Baseline Area ; Area if Restructured ; Saving if Restructured ; Registered ; Example Multiplexer Output                 ;
+--------------------+-----------+---------------+----------------------+------------------------+------------+--------------------------------------------+
; 4:1                ; 8 bits    ; 16 LEs        ; 16 LEs               ; 0 LEs                  ; Yes        ; |controller|REG_FILE:REG_file|B[0]         ;
; 4:1                ; 8 bits    ; 16 LEs        ; 16 LEs               ; 0 LEs                  ; Yes        ; |controller|REG_FILE:REG_file|A[0]         ;
; 3:1                ; 8 bits    ; 16 LEs        ; 8 LEs                ; 8 LEs                  ; Yes        ; |controller|pc_reg:PC|OUT[7]               ;
; 64:1               ; 5 bits    ; 210 LEs       ; 120 LEs              ; 90 LEs                 ; Yes        ; |controller|control:control_unit|state[4]  ;
; 3:1                ; 8 bits    ; 16 LEs        ; 16 LEs               ; 0 LEs                  ; No         ; |controller|addr_decode:MA_addr|MA[4]      ;
; 64:1               ; 2 bits    ; 84 LEs        ; 22 LEs               ; 62 LEs                 ; No         ; |controller|control:control_unit|Selector0 ;
; 11:1               ; 8 bits    ; 56 LEs        ; 32 LEs               ; 24 LEs                 ; No         ; |controller|mux_4:file_mux|Mux7            ;
+--------------------+-----------+---------------+----------------------+------------------------+------------+--------------------------------------------+


+-------------------------------------------------------------------------------------------------------+
; Source assignments for Main_Mem:Memory|altsyncram:altsyncram_component|altsyncram_smq1:auto_generated ;
+---------------------------------+--------------------+------+-----------------------------------------+
; Assignment                      ; Value              ; From ; To                                      ;
+---------------------------------+--------------------+------+-----------------------------------------+
; OPTIMIZE_POWER_DURING_SYNTHESIS ; NORMAL_COMPILATION ; -    ; -                                       ;
+---------------------------------+--------------------+------+-----------------------------------------+


+-------------------------------------------------------------------+
; Parameter Settings for User Entity Instance: control:control_unit ;
+----------------+--------+-----------------------------------------+
; Parameter Name ; Value  ; Type                                    ;
+----------------+--------+-----------------------------------------+
; idle           ; 000000 ; Unsigned Binary                         ;
; S1             ; 000001 ; Unsigned Binary                         ;
; S2             ; 000010 ; Unsigned Binary                         ;
; S3             ; 000011 ; Unsigned Binary                         ;
; S4             ; 000100 ; Unsigned Binary                         ;
; S5             ; 000101 ; Unsigned Binary                         ;
; S6             ; 000110 ; Unsigned Binary                         ;
; S7             ; 000111 ; Unsigned Binary                         ;
; S8             ; 001000 ; Unsigned Binary                         ;
; S9             ; 001001 ; Unsigned Binary                         ;
; S10            ; 001010 ; Unsigned Binary                         ;
; S11            ; 001011 ; Unsigned Binary                         ;
; S12            ; 001100 ; Unsigned Binary                         ;
; S13            ; 001101 ; Unsigned Binary                         ;
; S14            ; 001110 ; Unsigned Binary                         ;
; S15            ; 001111 ; Unsigned Binary                         ;
; S16            ; 010000 ; Unsigned Binary                         ;
; S17            ; 010001 ; Unsigned Binary                         ;
; S18            ; 010010 ; Unsigned Binary                         ;
; S19            ; 010011 ; Unsigned Binary                         ;
; S20            ; 010100 ; Unsigned Binary                         ;
; S21            ; 010101 ; Unsigned Binary                         ;
; S22            ; 010110 ; Unsigned Binary                         ;
; S23            ; 010111 ; Unsigned Binary                         ;
; S24            ; 011000 ; Unsigned Binary                         ;
; S25            ; 011001 ; Unsigned Binary                         ;
; S26            ; 011010 ; Unsigned Binary                         ;
; S27            ; 011011 ; Unsigned Binary                         ;
; S28            ; 011100 ; Unsigned Binary                         ;
; S29            ; 011101 ; Unsigned Binary                         ;
; S30            ; 011110 ; Unsigned Binary                         ;
; S31            ; 011111 ; Unsigned Binary                         ;
; S32            ; 100000 ; Unsigned Binary                         ;
; S33            ; 100001 ; Unsigned Binary                         ;
; S34            ; 100010 ; Unsigned Binary                         ;
; NOP            ; 0000   ; Unsigned Binary                         ;
; ADD            ; 0001   ; Unsigned Binary                         ;
; SUB            ; 0010   ; Unsigned Binary                         ;
; AND            ; 0011   ; Unsigned Binary                         ;
; NOT            ; 0100   ; Unsigned Binary                         ;
; RD             ; 1000   ; Unsigned Binary                         ;
; WR             ; 1001   ; Unsigned Binary                         ;
; BR             ; 1010   ; Unsigned Binary                         ;
; BRC            ; 1011   ; Unsigned Binary                         ;
+----------------+--------+-----------------------------------------+
Note: In order to hide this table in the UI and the text report file, please set the "Show Parameter Settings in Synthesis Report" option in "Analysis and Synthesis Settings -> More Settings" to "Off".


+-----------------------------------------------------------+
; Parameter Settings for User Entity Instance: ALU:alu_unit ;
+----------------+-------+----------------------------------+
; Parameter Name ; Value ; Type                             ;
+----------------+-------+----------------------------------+
; NOP            ; 000   ; Unsigned Binary                  ;
; ADD            ; 001   ; Unsigned Binary                  ;
; SUB            ; 010   ; Unsigned Binary                  ;
; AND            ; 011   ; Unsigned Binary                  ;
; NOT            ; 100   ; Unsigned Binary                  ;
+----------------+-------+----------------------------------+
Note: In order to hide this table in the UI and the text report file, please set the "Show Parameter Settings in Synthesis Report" option in "Analysis and Synthesis Settings -> More Settings" to "Off".


+----------------------------------------------------------------------------------------------+
; Parameter Settings for User Entity Instance: Main_Mem:Memory|altsyncram:altsyncram_component ;
+------------------------------------+----------------------+----------------------------------+
; Parameter Name                     ; Value                ; Type                             ;
+------------------------------------+----------------------+----------------------------------+
; BYTE_SIZE_BLOCK                    ; 8                    ; Untyped                          ;
; AUTO_CARRY_CHAINS                  ; ON                   ; AUTO_CARRY                       ;
; IGNORE_CARRY_BUFFERS               ; OFF                  ; IGNORE_CARRY                     ;
; AUTO_CASCADE_CHAINS                ; ON                   ; AUTO_CASCADE                     ;
; IGNORE_CASCADE_BUFFERS             ; OFF                  ; IGNORE_CASCADE                   ;
; WIDTH_BYTEENA                      ; 1                    ; Untyped                          ;
; OPERATION_MODE                     ; DUAL_PORT            ; Untyped                          ;
; WIDTH_A                            ; 8                    ; Signed Integer                   ;
; WIDTHAD_A                          ; 8                    ; Signed Integer                   ;
; NUMWORDS_A                         ; 256                  ; Signed Integer                   ;
; OUTDATA_REG_A                      ; UNREGISTERED         ; Untyped                          ;
; ADDRESS_ACLR_A                     ; NONE                 ; Untyped                          ;
; OUTDATA_ACLR_A                     ; NONE                 ; Untyped                          ;
; WRCONTROL_ACLR_A                   ; NONE                 ; Untyped                          ;
; INDATA_ACLR_A                      ; NONE                 ; Untyped                          ;
; BYTEENA_ACLR_A                     ; NONE                 ; Untyped                          ;
; WIDTH_B                            ; 8                    ; Signed Integer                   ;
; WIDTHAD_B                          ; 8                    ; Signed Integer                   ;
; NUMWORDS_B                         ; 256                  ; Signed Integer                   ;
; INDATA_REG_B                       ; CLOCK1               ; Untyped                          ;
; WRCONTROL_WRADDRESS_REG_B          ; CLOCK1               ; Untyped                          ;
; RDCONTROL_REG_B                    ; CLOCK1               ; Untyped                          ;
; ADDRESS_REG_B                      ; CLOCK0               ; Untyped                          ;
; OUTDATA_REG_B                      ; CLOCK0               ; Untyped                          ;
; BYTEENA_REG_B                      ; CLOCK1               ; Untyped                          ;
; INDATA_ACLR_B                      ; NONE                 ; Untyped                          ;
; WRCONTROL_ACLR_B                   ; NONE                 ; Untyped                          ;
; ADDRESS_ACLR_B                     ; NONE                 ; Untyped                          ;
; OUTDATA_ACLR_B                     ; NONE                 ; Untyped                          ;
; RDCONTROL_ACLR_B                   ; NONE                 ; Untyped                          ;
; BYTEENA_ACLR_B                     ; NONE                 ; Untyped                          ;
; WIDTH_BYTEENA_A                    ; 1                    ; Signed Integer                   ;
; WIDTH_BYTEENA_B                    ; 1                    ; Untyped                          ;
; RAM_BLOCK_TYPE                     ; AUTO                 ; Untyped                          ;
; BYTE_SIZE                          ; 8                    ; Untyped                          ;
; READ_DURING_WRITE_MODE_MIXED_PORTS ; OLD_DATA             ; Untyped                          ;
; READ_DURING_WRITE_MODE_PORT_A      ; NEW_DATA_NO_NBE_READ ; Untyped                          ;
; READ_DURING_WRITE_MODE_PORT_B      ; NEW_DATA_NO_NBE_READ ; Untyped                          ;
; INIT_FILE                          ; controller.hex       ; Untyped                          ;
; INIT_FILE_LAYOUT                   ; PORT_A               ; Untyped                          ;
; MAXIMUM_DEPTH                      ; 0                    ; Untyped                          ;
; CLOCK_ENABLE_INPUT_A               ; BYPASS               ; Untyped                          ;
; CLOCK_ENABLE_INPUT_B               ; BYPASS               ; Untyped                          ;
; CLOCK_ENABLE_OUTPUT_A              ; BYPASS               ; Untyped                          ;
; CLOCK_ENABLE_OUTPUT_B              ; BYPASS               ; Untyped                          ;
; CLOCK_ENABLE_CORE_A                ; USE_INPUT_CLKEN      ; Untyped                          ;
; CLOCK_ENABLE_CORE_B                ; USE_INPUT_CLKEN      ; Untyped                          ;
; ENABLE_ECC                         ; FALSE                ; Untyped                          ;
; ECC_PIPELINE_STAGE_ENABLED         ; FALSE                ; Untyped                          ;
; WIDTH_ECCSTATUS                    ; 3                    ; Untyped                          ;
; DEVICE_FAMILY                      ; Cyclone II           ; Untyped                          ;
; CBXI_PARAMETER                     ; altsyncram_smq1      ; Untyped                          ;
+------------------------------------+----------------------+----------------------------------+
Note: In order to hide this table in the UI and the text report file, please set the "Show Parameter Settings in Synthesis Report" option in "Analysis and Synthesis Settings -> More Settings" to "Off".


+---------------------------------------------------------------------------------------------+
; altsyncram Parameter Settings by Entity Instance                                            ;
+-------------------------------------------+-------------------------------------------------+
; Name                                      ; Value                                           ;
+-------------------------------------------+-------------------------------------------------+
; Number of entity instances                ; 1                                               ;
; Entity Instance                           ; Main_Mem:Memory|altsyncram:altsyncram_component ;
;     -- OPERATION_MODE                     ; DUAL_PORT                                       ;
;     -- WIDTH_A                            ; 8                                               ;
;     -- NUMWORDS_A                         ; 256                                             ;
;     -- OUTDATA_REG_A                      ; UNREGISTERED                                    ;
;     -- WIDTH_B                            ; 8                                               ;
;     -- NUMWORDS_B                         ; 256                                             ;
;     -- ADDRESS_REG_B                      ; CLOCK0                                          ;
;     -- OUTDATA_REG_B                      ; CLOCK0                                          ;
;     -- RAM_BLOCK_TYPE                     ; AUTO                                            ;
;     -- READ_DURING_WRITE_MODE_MIXED_PORTS ; OLD_DATA                                        ;
+-------------------------------------------+-------------------------------------------------+


+------------------------------------------------+
; Port Connectivity Checks: "gen_reg:STATUS_reg" ;
+---------+-------+----------+-------------------+
; Port    ; Type  ; Severity ; Details           ;
+---------+-------+----------+-------------------+
; X[7..3] ; Input ; Info     ; Stuck at GND      ;
+---------+-------+----------+-------------------+


+--------------------------------------------+
; Port Connectivity Checks: "mux_4:file_mux" ;
+------+-------+----------+------------------+
; Port ; Type  ; Severity ; Details          ;
+------+-------+----------+------------------+
; D    ; Input ; Info     ; Stuck at GND     ;
+------+-------+----------+------------------+


+----------------------------------------+
; Port Connectivity Checks: "pc_reg:PC"  ;
+------+-------+----------+--------------+
; Port ; Type  ; Severity ; Details      ;
+------+-------+----------+--------------+
; inc2 ; Input ; Info     ; Stuck at GND ;
+------+-------+----------+--------------+


+-----------------------------------------------------------------------------------------------------------------+
; Port Connectivity Checks: "control:control_unit"                                                                ;
+-------+--------+----------+-------------------------------------------------------------------------------------+
; Port  ; Type   ; Severity ; Details                                                                             ;
+-------+--------+----------+-------------------------------------------------------------------------------------+
; IO_ld ; Output ; Info     ; Connected to dangling logic. Logic that only feeds a dangling port will be removed. ;
+-------+--------+----------+-------------------------------------------------------------------------------------+


+-------------------------------+
; Elapsed Time Per Partition    ;
+----------------+--------------+
; Partition Name ; Elapsed Time ;
+----------------+--------------+
; Top            ; 00:00:01     ;
+----------------+--------------+


+-------------------------------+
; Analysis & Synthesis Messages ;
+-------------------------------+
Info: *******************************************************************
Info: Running Quartus II 64-Bit Analysis & Synthesis
    Info: Version 13.0.1 Build 232 06/12/2013 Service Pack 1 SJ Web Edition
    Info: Processing started: Thu Oct 17 21:29:42 2013
Info: Command: quartus_map --read_settings_files=on --write_settings_files=off controller -c controller
Info (20030): Parallel compilation is enabled and will use 4 of the 4 processors detected
Info (12021): Found 1 design units, including 1 entities, in source file /class/ece444_fa13/lecture_examples/lecture_11_revised_10_2013/ledr_0_7_out/led_0_7_out.v
    Info (12023): Found entity 1: led_0_7_out
Info (12021): Found 1 design units, including 1 entities, in source file controller.v
    Info (12023): Found entity 1: controller
Info (12021): Found 1 design units, including 1 entities, in source file /class/ece444_fa13/lecture_examples/lecture_11_revised_10_17_2013/address_decoder/addr_decode.v
    Info (12023): Found entity 1: addr_decode
Info (12021): Found 1 design units, including 1 entities, in source file /class/ece444_fa13/lecture_examples/lecture_11_revised_10_17_2013/control_unit/control.v
    Info (12023): Found entity 1: control
Info (12021): Found 1 design units, including 1 entities, in source file /class/ece444_fa13/lecture_examples/lecture_11_revised_10_17_2013/general_register/gen_reg.v
    Info (12023): Found entity 1: gen_reg
Info (12021): Found 1 design units, including 1 entities, in source file /class/ece444_fa13/lecture_examples/lecture_11_revised_10_17_2013/mux_4_input/mux_4.v
    Info (12023): Found entity 1: mux_4
Info (12021): Found 1 design units, including 1 entities, in source file /class/ece444_fa13/lecture_examples/lecture_11_revised_10_17_2013/program_counter/pc_reg.v
    Info (12023): Found entity 1: pc_reg
Info (12021): Found 1 design units, including 1 entities, in source file /class/ece444_fa13/lecture_examples/lecture_11_revised_10_17_2013/register_file/reg_file.v
    Info (12023): Found entity 1: REG_FILE
Info (12021): Found 1 design units, including 1 entities, in source file /class/ece444_fa13/lecture_examples/lecture_11_revised_10_17_2013/alu/alu.v
    Info (12023): Found entity 1: ALU
Info (12021): Found 1 design units, including 1 entities, in source file main_mem.v
    Info (12023): Found entity 1: Main_Mem
Info (12127): Elaborating entity "controller" for the top level hierarchy
Warning (10034): Output port "OUT" at controller.v(8) has no driver
Info (12128): Elaborating entity "control" for hierarchy "control:control_unit"
Info (12128): Elaborating entity "ALU" for hierarchy "ALU:alu_unit"
Info (12128): Elaborating entity "gen_reg" for hierarchy "gen_reg:IR"
Info (12128): Elaborating entity "pc_reg" for hierarchy "pc_reg:PC"
Info (12128): Elaborating entity "REG_FILE" for hierarchy "REG_FILE:REG_file"
Info (12128): Elaborating entity "mux_4" for hierarchy "mux_4:file_mux"
Info (12128): Elaborating entity "addr_decode" for hierarchy "addr_decode:MA_addr"
Info (12128): Elaborating entity "Main_Mem" for hierarchy "Main_Mem:Memory"
Info (12128): Elaborating entity "altsyncram" for hierarchy "Main_Mem:Memory|altsyncram:altsyncram_component"
Info (12130): Elaborated megafunction instantiation "Main_Mem:Memory|altsyncram:altsyncram_component"
Info (12133): Instantiated megafunction "Main_Mem:Memory|altsyncram:altsyncram_component" with the following parameter:
    Info (12134): Parameter "address_reg_b" = "CLOCK0"
    Info (12134): Parameter "clock_enable_input_a" = "BYPASS"
    Info (12134): Parameter "clock_enable_input_b" = "BYPASS"
    Info (12134): Parameter "clock_enable_output_a" = "BYPASS"
    Info (12134): Parameter "clock_enable_output_b" = "BYPASS"
    Info (12134): Parameter "init_file" = "controller.hex"
    Info (12134): Parameter "intended_device_family" = "Cyclone II"
    Info (12134): Parameter "lpm_type" = "altsyncram"
    Info (12134): Parameter "numwords_a" = "256"
    Info (12134): Parameter "numwords_b" = "256"
    Info (12134): Parameter "operation_mode" = "DUAL_PORT"
    Info (12134): Parameter "outdata_aclr_b" = "NONE"
    Info (12134): Parameter "outdata_reg_b" = "CLOCK0"
    Info (12134): Parameter "power_up_uninitialized" = "FALSE"
    Info (12134): Parameter "read_during_write_mode_mixed_ports" = "OLD_DATA"
    Info (12134): Parameter "widthad_a" = "8"
    Info (12134): Parameter "widthad_b" = "8"
    Info (12134): Parameter "width_a" = "8"
    Info (12134): Parameter "width_b" = "8"
    Info (12134): Parameter "width_byteena_a" = "1"
Info (12021): Found 1 design units, including 1 entities, in source file db/altsyncram_smq1.tdf
    Info (12023): Found entity 1: altsyncram_smq1
Info (12128): Elaborating entity "altsyncram_smq1" for hierarchy "Main_Mem:Memory|altsyncram:altsyncram_component|altsyncram_smq1:auto_generated"
Warning (113007): Byte addressed memory initialization file "controller.hex" was read in the word-addressed format
Info (12128): Elaborating entity "led_0_7_out" for hierarchy "led_0_7_out:led_out"
Warning (13024): Output pins are stuck at VCC or GND
    Warning (13410): Pin "OUT[0]" is stuck at GND
    Warning (13410): Pin "OUT[1]" is stuck at GND
    Warning (13410): Pin "OUT[2]" is stuck at GND
    Warning (13410): Pin "OUT[3]" is stuck at GND
    Warning (13410): Pin "OUT[4]" is stuck at GND
    Warning (13410): Pin "OUT[5]" is stuck at GND
    Warning (13410): Pin "OUT[6]" is stuck at GND
    Warning (13410): Pin "OUT[7]" is stuck at GND
Info (144001): Generated suppressed messages file G:/class/ECE444_FA13/Lecture_Examples/Lecture_11_revised_10_17_2013/Controller_Top_Level/controller.map.smsg
Info (16010): Generating hard_block partition "hard_block:auto_generated_inst"
    Info (16011): Adding 0 node(s), including 0 DDIO, 0 PLL, 0 transceiver and 0 LCELL
Warning (21074): Design contains 8 input pin(s) that do not drive logic
    Warning (15610): No output dependent on input pin "IN[0]"
    Warning (15610): No output dependent on input pin "IN[1]"
    Warning (15610): No output dependent on input pin "IN[2]"
    Warning (15610): No output dependent on input pin "IN[3]"
    Warning (15610): No output dependent on input pin "IN[4]"
    Warning (15610): No output dependent on input pin "IN[5]"
    Warning (15610): No output dependent on input pin "IN[6]"
    Warning (15610): No output dependent on input pin "IN[7]"
Info (21057): Implemented 333 device resources after synthesis - the final resource count might be different
    Info (21058): Implemented 10 input pins
    Info (21059): Implemented 56 output pins
    Info (21061): Implemented 259 logic cells
    Info (21064): Implemented 8 RAM segments
Info: Quartus II 64-Bit Analysis & Synthesis was successful. 0 errors, 20 warnings
    Info: Peak virtual memory: 479 megabytes
    Info: Processing ended: Thu Oct 17 21:29:46 2013
    Info: Elapsed time: 00:00:04
    Info: Total CPU time (on all processors): 00:00:04


+------------------------------------------+
; Analysis & Synthesis Suppressed Messages ;
+------------------------------------------+
The suppressed messages can be found in G:/class/ECE444_FA13/Lecture_Examples/Lecture_11_revised_10_17_2013/Controller_Top_Level/controller.map.smsg.


