TimeQuest Timing Analyzer report for ALU
Fri Sep 28 08:53:26 2012
Quartus II 32-bit Version 12.0 Build 178 05/31/2012 SJ Web Edition


---------------------
; Table of Contents ;
---------------------
  1. Legal Notice
  2. TimeQuest Timing Analyzer Summary
  3. Parallel Compilation
  4. Clocks
  5. Slow Model Fmax Summary
  6. Slow Model Setup Summary
  7. Slow Model Hold Summary
  8. Slow Model Recovery Summary
  9. Slow Model Removal Summary
 10. Slow Model Minimum Pulse Width Summary
 11. Propagation Delay
 12. Minimum Propagation Delay
 13. Fast Model Setup Summary
 14. Fast Model Hold Summary
 15. Fast Model Recovery Summary
 16. Fast Model Removal Summary
 17. Fast Model Minimum Pulse Width Summary
 18. Propagation Delay
 19. Minimum Propagation Delay
 20. Multicorner Timing Analysis Summary
 21. Progagation Delay
 22. Minimum Progagation Delay
 23. Clock Transfers
 24. Report TCCS
 25. Report RSKM
 26. Unconstrained Paths
 27. TimeQuest Timing Analyzer Messages



----------------
; Legal Notice ;
----------------
Copyright (C) 1991-2012 Altera Corporation
Your use of Altera Corporation's design tools, logic functions 
and other software and tools, and its AMPP partner logic 
functions, and any output files from any of the foregoing 
(including device programming or simulation files), and any 
associated documentation or information are expressly subject 
to the terms and conditions of the Altera Program License 
Subscription Agreement, Altera MegaCore Function License 
Agreement, or other applicable license agreement, including, 
without limitation, that your use is for the sole purpose of 
programming logic devices manufactured by Altera and sold by 
Altera or its authorized distributors.  Please refer to the 
applicable agreement for further details.



+-----------------------------------------------------------------------+
; TimeQuest Timing Analyzer Summary                                     ;
+--------------------+--------------------------------------------------+
; Quartus II Version ; Version 12.0 Build 178 05/31/2012 SJ Web Edition ;
; Revision Name      ; ALU                                              ;
; Device Family      ; Cyclone II                                       ;
; Device Name        ; EP2C35F672C6                                     ;
; Timing Models      ; Final                                            ;
; Delay Model        ; Combined                                         ;
; Rise/Fall Delays   ; Unavailable                                      ;
+--------------------+--------------------------------------------------+


Parallel compilation was disabled, but you have multiple processors available. Enable parallel compilation to reduce compilation time.
+-------------------------------------+
; Parallel Compilation                ;
+----------------------------+--------+
; Processors                 ; Number ;
+----------------------------+--------+
; Number detected on machine ; 8      ;
; Maximum allowed            ; 1      ;
+----------------------------+--------+


----------
; Clocks ;
----------
No clocks to report.


---------------------------
; Slow Model Fmax Summary ;
---------------------------
No paths to report.


----------------------------
; Slow Model Setup Summary ;
----------------------------
No paths to report.


---------------------------
; Slow Model Hold Summary ;
---------------------------
No paths to report.


-------------------------------
; Slow Model Recovery Summary ;
-------------------------------
No paths to report.


------------------------------
; Slow Model Removal Summary ;
------------------------------
No paths to report.


------------------------------------------
; Slow Model Minimum Pulse Width Summary ;
------------------------------------------
No paths to report.


+--------------------------------------------------------------+
; Propagation Delay                                            ;
+------------+-------------+--------+--------+--------+--------+
; Input Port ; Output Port ; RR     ; RF     ; FR     ; FF     ;
+------------+-------------+--------+--------+--------+--------+
; A[0]       ; Y[0]        ; 9.847  ; 9.847  ; 9.847  ; 9.847  ;
; A[0]       ; Y[1]        ; 12.409 ; 12.409 ; 12.409 ; 12.409 ;
; A[0]       ; Y[2]        ; 10.368 ; 10.368 ; 10.368 ; 10.368 ;
; A[0]       ; Y[3]        ; 10.475 ; 10.475 ; 10.475 ; 10.475 ;
; A[0]       ; Y[4]        ; 10.180 ; 10.180 ; 10.180 ; 10.180 ;
; A[0]       ; Y[5]        ; 9.499  ; 9.499  ; 9.499  ; 9.499  ;
; A[0]       ; Y[6]        ; 9.605  ; 9.605  ; 9.605  ; 9.605  ;
; A[0]       ; Y[7]        ; 9.217  ; 9.217  ; 9.217  ; 9.217  ;
; A[0]       ; neg         ;        ; 8.227  ; 8.227  ;        ;
; A[0]       ; ovr         ; 11.044 ;        ;        ; 11.044 ;
; A[0]       ; zero        ; 9.473  ; 10.059 ; 10.059 ; 9.473  ;
; A[1]       ; Y[0]        ; 14.000 ; 14.000 ; 14.000 ; 14.000 ;
; A[1]       ; Y[1]        ; 16.203 ; 16.203 ; 16.203 ; 16.203 ;
; A[1]       ; Y[2]        ; 14.482 ; 14.482 ; 14.482 ; 14.482 ;
; A[1]       ; Y[3]        ; 14.589 ; 14.589 ; 14.589 ; 14.589 ;
; A[1]       ; Y[4]        ; 14.294 ; 14.294 ; 14.294 ; 14.294 ;
; A[1]       ; Y[5]        ; 13.613 ; 13.613 ; 13.613 ; 13.613 ;
; A[1]       ; Y[6]        ; 13.719 ; 13.719 ; 13.719 ; 13.719 ;
; A[1]       ; Y[7]        ; 13.331 ; 13.331 ; 13.331 ; 13.331 ;
; A[1]       ; neg         ;        ; 12.421 ; 12.421 ;        ;
; A[1]       ; ovr         ; 15.158 ;        ;        ; 15.158 ;
; A[1]       ; zero        ; 13.587 ; 14.173 ; 14.173 ; 13.587 ;
; A[2]       ; Y[0]        ; 13.170 ; 13.170 ; 13.170 ; 13.170 ;
; A[2]       ; Y[1]        ; 14.714 ; 14.714 ; 14.714 ; 14.714 ;
; A[2]       ; Y[2]        ; 13.099 ; 13.099 ; 13.099 ; 13.099 ;
; A[2]       ; Y[3]        ; 13.521 ; 13.521 ; 13.521 ; 13.521 ;
; A[2]       ; Y[4]        ; 13.226 ; 13.226 ; 13.226 ; 13.226 ;
; A[2]       ; Y[5]        ; 12.545 ; 12.545 ; 12.545 ; 12.545 ;
; A[2]       ; Y[6]        ; 12.651 ; 12.651 ; 12.651 ; 12.651 ;
; A[2]       ; Y[7]        ; 12.283 ; 12.283 ; 12.283 ; 12.283 ;
; A[2]       ; neg         ;        ; 11.591 ; 11.591 ;        ;
; A[2]       ; ovr         ; 14.090 ;        ;        ; 14.090 ;
; A[2]       ; zero        ; 12.519 ; 13.105 ; 13.105 ; 12.519 ;
; A[3]       ; Y[0]        ; 12.856 ; 12.856 ; 12.856 ; 12.856 ;
; A[3]       ; Y[1]        ; 14.400 ; 14.400 ; 14.400 ; 14.400 ;
; A[3]       ; Y[2]        ; 12.596 ; 12.596 ; 12.596 ; 12.596 ;
; A[3]       ; Y[3]        ; 13.137 ; 13.137 ; 13.137 ; 13.137 ;
; A[3]       ; Y[4]        ; 13.157 ; 13.157 ; 13.157 ; 13.157 ;
; A[3]       ; Y[5]        ; 12.476 ; 12.476 ; 12.476 ; 12.476 ;
; A[3]       ; Y[6]        ; 12.582 ; 12.582 ; 12.582 ; 12.582 ;
; A[3]       ; Y[7]        ; 12.194 ; 12.194 ; 12.194 ; 12.194 ;
; A[3]       ; neg         ;        ; 11.277 ; 11.277 ;        ;
; A[3]       ; ovr         ; 14.021 ;        ;        ; 14.021 ;
; A[3]       ; zero        ; 12.450 ; 13.036 ; 13.036 ; 12.450 ;
; A[4]       ; Y[0]        ; 12.795 ; 12.795 ; 12.795 ; 12.795 ;
; A[4]       ; Y[1]        ; 14.339 ; 14.339 ; 14.339 ; 14.339 ;
; A[4]       ; Y[2]        ; 12.535 ; 12.535 ; 12.535 ; 12.535 ;
; A[4]       ; Y[3]        ; 12.783 ; 12.783 ; 12.783 ; 12.783 ;
; A[4]       ; Y[4]        ; 12.995 ; 12.995 ; 12.995 ; 12.995 ;
; A[4]       ; Y[5]        ; 12.629 ; 12.629 ; 12.629 ; 12.629 ;
; A[4]       ; Y[6]        ; 12.735 ; 12.735 ; 12.735 ; 12.735 ;
; A[4]       ; Y[7]        ; 12.347 ; 12.347 ; 12.347 ; 12.347 ;
; A[4]       ; neg         ;        ; 11.216 ; 11.216 ;        ;
; A[4]       ; ovr         ; 14.174 ;        ;        ; 14.174 ;
; A[4]       ; zero        ; 12.528 ; 13.189 ; 13.189 ; 12.528 ;
; A[5]       ; Y[0]        ; 13.313 ; 13.313 ; 13.313 ; 13.313 ;
; A[5]       ; Y[1]        ; 14.857 ; 14.857 ; 14.857 ; 14.857 ;
; A[5]       ; Y[2]        ; 13.053 ; 13.053 ; 13.053 ; 13.053 ;
; A[5]       ; Y[3]        ; 13.301 ; 13.301 ; 13.301 ; 13.301 ;
; A[5]       ; Y[4]        ; 12.544 ; 12.544 ; 12.544 ; 12.544 ;
; A[5]       ; Y[5]        ; 12.759 ; 12.759 ; 12.759 ; 12.759 ;
; A[5]       ; Y[6]        ; 13.180 ; 13.180 ; 13.180 ; 13.180 ;
; A[5]       ; Y[7]        ; 12.792 ; 12.792 ; 12.792 ; 12.792 ;
; A[5]       ; neg         ;        ; 11.734 ; 11.734 ;        ;
; A[5]       ; ovr         ; 14.619 ;        ;        ; 14.619 ;
; A[5]       ; zero        ; 12.951 ; 13.634 ; 13.634 ; 12.951 ;
; A[6]       ; Y[0]        ; 12.747 ; 12.747 ; 12.747 ; 12.747 ;
; A[6]       ; Y[1]        ; 14.291 ; 14.291 ; 14.291 ; 14.291 ;
; A[6]       ; Y[2]        ; 12.487 ; 12.487 ; 12.487 ; 12.487 ;
; A[6]       ; Y[3]        ; 12.735 ; 12.735 ; 12.735 ; 12.735 ;
; A[6]       ; Y[4]        ; 11.978 ; 11.978 ; 11.978 ; 11.978 ;
; A[6]       ; Y[5]        ; 11.792 ; 11.792 ; 11.792 ; 11.792 ;
; A[6]       ; Y[6]        ; 12.522 ; 12.522 ; 12.522 ; 12.522 ;
; A[6]       ; Y[7]        ; 12.446 ; 12.446 ; 12.446 ; 12.446 ;
; A[6]       ; neg         ;        ; 11.168 ; 11.168 ;        ;
; A[6]       ; ovr         ; 14.273 ;        ;        ; 14.273 ;
; A[6]       ; zero        ; 12.532 ; 13.288 ; 13.288 ; 12.532 ;
; A[7]       ; Y[0]        ; 12.924 ; 12.924 ; 12.924 ; 12.924 ;
; A[7]       ; Y[1]        ; 14.468 ; 14.468 ; 14.468 ; 14.468 ;
; A[7]       ; Y[2]        ; 12.664 ; 12.664 ; 12.664 ; 12.664 ;
; A[7]       ; Y[3]        ; 12.912 ; 12.912 ; 12.912 ; 12.912 ;
; A[7]       ; Y[4]        ; 12.155 ; 12.155 ; 12.155 ; 12.155 ;
; A[7]       ; Y[5]        ; 11.969 ; 11.969 ; 11.969 ; 11.969 ;
; A[7]       ; Y[6]        ; 12.005 ; 12.005 ; 12.005 ; 12.005 ;
; A[7]       ; Y[7]        ; 12.061 ; 12.061 ; 12.061 ; 12.061 ;
; A[7]       ; neg         ;        ; 10.778 ; 10.778 ;        ;
; A[7]       ; ovr         ; 14.203 ;        ;        ; 14.203 ;
; A[7]       ; zero        ; 12.147 ; 13.218 ; 13.218 ; 12.147 ;
; B[0]       ; Y[0]        ; 10.060 ; 10.060 ; 10.060 ; 10.060 ;
; B[0]       ; Y[1]        ; 12.393 ; 12.393 ; 12.393 ; 12.393 ;
; B[0]       ; Y[2]        ; 10.352 ; 10.352 ; 10.352 ; 10.352 ;
; B[0]       ; Y[3]        ; 10.459 ; 10.459 ; 10.459 ; 10.459 ;
; B[0]       ; Y[4]        ; 10.164 ; 10.164 ; 10.164 ; 10.164 ;
; B[0]       ; Y[5]        ; 9.483  ; 9.483  ; 9.483  ; 9.483  ;
; B[0]       ; Y[6]        ; 9.589  ; 9.589  ; 9.589  ; 9.589  ;
; B[0]       ; Y[7]        ; 9.201  ; 9.201  ; 9.201  ; 9.201  ;
; B[0]       ; neg         ; 8.481  ;        ;        ; 8.481  ;
; B[0]       ; ovr         ; 11.028 ;        ;        ; 11.028 ;
; B[0]       ; zero        ; 9.457  ; 10.043 ; 10.043 ; 9.457  ;
; B[1]       ; Y[0]        ; 14.161 ; 14.161 ; 14.161 ; 14.161 ;
; B[1]       ; Y[1]        ; 16.445 ; 16.445 ; 16.445 ; 16.445 ;
; B[1]       ; Y[2]        ; 14.721 ; 14.721 ; 14.721 ; 14.721 ;
; B[1]       ; Y[3]        ; 14.828 ; 14.828 ; 14.828 ; 14.828 ;
; B[1]       ; Y[4]        ; 14.533 ; 14.533 ; 14.533 ; 14.533 ;
; B[1]       ; Y[5]        ; 13.852 ; 13.852 ; 13.852 ; 13.852 ;
; B[1]       ; Y[6]        ; 13.958 ; 13.958 ; 13.958 ; 13.958 ;
; B[1]       ; Y[7]        ; 13.570 ; 13.570 ; 13.570 ; 13.570 ;
; B[1]       ; neg         ; 12.582 ;        ;        ; 12.582 ;
; B[1]       ; ovr         ; 15.397 ;        ;        ; 15.397 ;
; B[1]       ; zero        ; 13.826 ; 14.412 ; 14.412 ; 13.826 ;
; B[2]       ; Y[0]        ; 13.998 ; 13.998 ; 13.998 ; 13.998 ;
; B[2]       ; Y[1]        ; 15.542 ; 15.542 ; 15.542 ; 15.542 ;
; B[2]       ; Y[2]        ; 14.292 ; 14.292 ; 14.292 ; 14.292 ;
; B[2]       ; Y[3]        ; 14.711 ; 14.711 ; 14.711 ; 14.711 ;
; B[2]       ; Y[4]        ; 14.416 ; 14.416 ; 14.416 ; 14.416 ;
; B[2]       ; Y[5]        ; 13.735 ; 13.735 ; 13.735 ; 13.735 ;
; B[2]       ; Y[6]        ; 13.841 ; 13.841 ; 13.841 ; 13.841 ;
; B[2]       ; Y[7]        ; 13.453 ; 13.453 ; 13.453 ; 13.453 ;
; B[2]       ; neg         ; 12.419 ;        ;        ; 12.419 ;
; B[2]       ; ovr         ; 15.280 ;        ;        ; 15.280 ;
; B[2]       ; zero        ; 13.709 ; 14.295 ; 14.295 ; 13.709 ;
; B[3]       ; Y[0]        ; 12.897 ; 12.897 ; 12.897 ; 12.897 ;
; B[3]       ; Y[1]        ; 14.441 ; 14.441 ; 14.441 ; 14.441 ;
; B[3]       ; Y[2]        ; 12.637 ; 12.637 ; 12.637 ; 12.637 ;
; B[3]       ; Y[3]        ; 13.361 ; 13.361 ; 13.361 ; 13.361 ;
; B[3]       ; Y[4]        ; 13.382 ; 13.382 ; 13.382 ; 13.382 ;
; B[3]       ; Y[5]        ; 12.701 ; 12.701 ; 12.701 ; 12.701 ;
; B[3]       ; Y[6]        ; 12.807 ; 12.807 ; 12.807 ; 12.807 ;
; B[3]       ; Y[7]        ; 12.419 ; 12.419 ; 12.419 ; 12.419 ;
; B[3]       ; neg         ; 11.318 ;        ;        ; 11.318 ;
; B[3]       ; ovr         ; 14.246 ;        ;        ; 14.246 ;
; B[3]       ; zero        ; 12.675 ; 13.261 ; 13.261 ; 12.675 ;
; B[4]       ; Y[0]        ; 12.809 ; 12.809 ; 12.809 ; 12.809 ;
; B[4]       ; Y[1]        ; 14.353 ; 14.353 ; 14.353 ; 14.353 ;
; B[4]       ; Y[2]        ; 12.549 ; 12.549 ; 12.549 ; 12.549 ;
; B[4]       ; Y[3]        ; 12.797 ; 12.797 ; 12.797 ; 12.797 ;
; B[4]       ; Y[4]        ; 12.722 ; 12.722 ; 12.722 ; 12.722 ;
; B[4]       ; Y[5]        ; 12.353 ; 12.353 ; 12.353 ; 12.353 ;
; B[4]       ; Y[6]        ; 12.459 ; 12.459 ; 12.459 ; 12.459 ;
; B[4]       ; Y[7]        ; 12.071 ; 12.071 ; 12.071 ; 12.071 ;
; B[4]       ; neg         ; 11.230 ;        ;        ; 11.230 ;
; B[4]       ; ovr         ; 13.898 ;        ;        ; 13.898 ;
; B[4]       ; zero        ; 12.252 ; 12.913 ; 12.913 ; 12.252 ;
; B[5]       ; Y[0]        ; 13.057 ; 13.057 ; 13.057 ; 13.057 ;
; B[5]       ; Y[1]        ; 14.601 ; 14.601 ; 14.601 ; 14.601 ;
; B[5]       ; Y[2]        ; 12.797 ; 12.797 ; 12.797 ; 12.797 ;
; B[5]       ; Y[3]        ; 13.045 ; 13.045 ; 13.045 ; 13.045 ;
; B[5]       ; Y[4]        ; 12.288 ; 12.288 ; 12.288 ; 12.288 ;
; B[5]       ; Y[5]        ; 12.458 ; 12.458 ; 12.458 ; 12.458 ;
; B[5]       ; Y[6]        ; 12.880 ; 12.880 ; 12.880 ; 12.880 ;
; B[5]       ; Y[7]        ; 12.492 ; 12.492 ; 12.492 ; 12.492 ;
; B[5]       ; neg         ; 11.429 ;        ;        ; 11.429 ;
; B[5]       ; ovr         ; 14.319 ;        ;        ; 14.319 ;
; B[5]       ; zero        ; 12.651 ; 13.334 ; 13.334 ; 12.651 ;
; B[6]       ; Y[0]        ; 12.793 ; 12.793 ; 12.793 ; 12.793 ;
; B[6]       ; Y[1]        ; 14.337 ; 14.337 ; 14.337 ; 14.337 ;
; B[6]       ; Y[2]        ; 12.533 ; 12.533 ; 12.533 ; 12.533 ;
; B[6]       ; Y[3]        ; 12.781 ; 12.781 ; 12.781 ; 12.781 ;
; B[6]       ; Y[4]        ; 12.024 ; 12.024 ; 12.024 ; 12.024 ;
; B[6]       ; Y[5]        ; 11.838 ; 11.838 ; 11.838 ; 11.838 ;
; B[6]       ; Y[6]        ; 12.505 ; 12.505 ; 12.505 ; 12.505 ;
; B[6]       ; Y[7]        ; 12.432 ; 12.432 ; 12.432 ; 12.432 ;
; B[6]       ; neg         ; 11.214 ;        ;        ; 11.214 ;
; B[6]       ; ovr         ; 14.259 ;        ;        ; 14.259 ;
; B[6]       ; zero        ; 12.518 ; 13.274 ; 13.274 ; 12.518 ;
; B[7]       ; Y[0]        ; 12.687 ; 12.687 ; 12.687 ; 12.687 ;
; B[7]       ; Y[1]        ; 14.231 ; 14.231 ; 14.231 ; 14.231 ;
; B[7]       ; Y[2]        ; 12.427 ; 12.427 ; 12.427 ; 12.427 ;
; B[7]       ; Y[3]        ; 12.675 ; 12.675 ; 12.675 ; 12.675 ;
; B[7]       ; Y[4]        ; 11.918 ; 11.918 ; 11.918 ; 11.918 ;
; B[7]       ; Y[5]        ; 11.732 ; 11.732 ; 11.732 ; 11.732 ;
; B[7]       ; Y[6]        ; 11.768 ; 11.768 ; 11.768 ; 11.768 ;
; B[7]       ; Y[7]        ; 11.800 ; 11.800 ; 11.800 ; 11.800 ;
; B[7]       ; neg         ; 10.585 ;        ;        ; 10.585 ;
; B[7]       ; ovr         ; 13.642 ;        ;        ; 13.642 ;
; B[7]       ; zero        ; 11.804 ; 12.657 ; 12.657 ; 11.804 ;
; CNTL[0]    ; Y[0]        ; 13.782 ; 13.782 ; 13.782 ; 13.782 ;
; CNTL[0]    ; Y[1]        ; 14.505 ; 14.505 ; 14.505 ; 14.505 ;
; CNTL[0]    ; Y[2]        ; 12.339 ; 12.339 ; 12.339 ; 12.339 ;
; CNTL[0]    ; Y[3]        ; 12.570 ; 12.570 ; 12.570 ; 12.570 ;
; CNTL[0]    ; Y[4]        ; 12.030 ; 12.030 ; 12.030 ; 12.030 ;
; CNTL[0]    ; Y[5]        ; 12.119 ; 12.119 ; 12.119 ; 12.119 ;
; CNTL[0]    ; Y[6]        ; 12.574 ; 12.574 ; 12.574 ; 12.574 ;
; CNTL[0]    ; Y[7]        ; 11.463 ; 11.463 ; 11.463 ; 11.463 ;
; CNTL[0]    ; neg         ;        ; 9.800  ; 9.800  ;        ;
; CNTL[0]    ; ovr         ; 12.191 ;        ;        ; 12.191 ;
; CNTL[0]    ; zero        ; 12.109 ; 10.872 ; 10.872 ; 12.109 ;
; CNTL[1]    ; Y[0]        ; 14.609 ; 14.609 ; 14.609 ; 14.609 ;
; CNTL[1]    ; Y[1]        ; 15.332 ; 15.332 ; 15.332 ; 15.332 ;
; CNTL[1]    ; Y[2]        ; 13.166 ; 13.166 ; 13.166 ; 13.166 ;
; CNTL[1]    ; Y[3]        ; 13.397 ; 13.397 ; 13.397 ; 13.397 ;
; CNTL[1]    ; Y[4]        ; 12.857 ; 12.857 ; 12.857 ; 12.857 ;
; CNTL[1]    ; Y[5]        ; 12.946 ; 12.946 ; 12.946 ; 12.946 ;
; CNTL[1]    ; Y[6]        ; 13.401 ; 13.401 ; 13.401 ; 13.401 ;
; CNTL[1]    ; Y[7]        ; 12.290 ; 12.290 ; 12.290 ; 12.290 ;
; CNTL[1]    ; neg         ; 10.490 ;        ;        ; 10.490 ;
; CNTL[1]    ; ovr         ;        ; 12.966 ; 12.966 ;        ;
; CNTL[1]    ; zero        ; 13.574 ; 12.004 ; 12.004 ; 13.574 ;
; CNTL[2]    ; Y[0]        ; 14.849 ; 14.849 ; 14.849 ; 14.849 ;
; CNTL[2]    ; Y[1]        ; 15.572 ; 15.572 ; 15.572 ; 15.572 ;
; CNTL[2]    ; Y[2]        ; 13.406 ; 13.406 ; 13.406 ; 13.406 ;
; CNTL[2]    ; Y[3]        ; 13.637 ; 13.637 ; 13.637 ; 13.637 ;
; CNTL[2]    ; Y[4]        ; 13.097 ; 13.097 ; 13.097 ; 13.097 ;
; CNTL[2]    ; Y[5]        ; 13.186 ; 13.186 ; 13.186 ; 13.186 ;
; CNTL[2]    ; Y[6]        ; 13.641 ; 13.641 ; 13.641 ; 13.641 ;
; CNTL[2]    ; Y[7]        ; 12.530 ; 12.530 ; 12.530 ; 12.530 ;
; CNTL[2]    ; neg         ;        ; 10.931 ; 10.931 ;        ;
; CNTL[2]    ; ovr         ;        ; 13.287 ; 13.287 ;        ;
; CNTL[2]    ; zero        ;        ; 13.845 ; 13.845 ;        ;
+------------+-------------+--------+--------+--------+--------+


+--------------------------------------------------------------+
; Minimum Propagation Delay                                    ;
+------------+-------------+--------+--------+--------+--------+
; Input Port ; Output Port ; RR     ; RF     ; FR     ; FF     ;
+------------+-------------+--------+--------+--------+--------+
; A[0]       ; Y[0]        ; 7.597  ; 8.502  ; 8.502  ; 7.597  ;
; A[0]       ; Y[1]        ; 10.582 ; 10.582 ; 10.582 ; 10.582 ;
; A[0]       ; Y[2]        ; 8.595  ; 8.595  ; 8.595  ; 8.595  ;
; A[0]       ; Y[3]        ; 9.159  ; 9.159  ; 9.159  ; 9.159  ;
; A[0]       ; Y[4]        ; 8.604  ; 8.604  ; 8.604  ; 8.604  ;
; A[0]       ; Y[5]        ; 8.268  ; 8.268  ; 8.268  ; 8.268  ;
; A[0]       ; Y[6]        ; 8.461  ; 8.461  ; 8.461  ; 8.461  ;
; A[0]       ; Y[7]        ; 8.591  ; 8.591  ; 8.591  ; 8.591  ;
; A[0]       ; neg         ;        ; 8.227  ; 8.227  ;        ;
; A[0]       ; ovr         ; 11.044 ;        ;        ; 11.044 ;
; A[0]       ; zero        ; 7.913  ; 8.130  ; 8.130  ; 7.913  ;
; A[1]       ; Y[0]        ; 12.999 ; 12.999 ; 12.999 ; 12.999 ;
; A[1]       ; Y[1]        ; 13.592 ; 14.407 ; 14.407 ; 13.592 ;
; A[1]       ; Y[2]        ; 12.732 ; 12.732 ; 12.732 ; 12.732 ;
; A[1]       ; Y[3]        ; 12.987 ; 12.987 ; 12.987 ; 12.987 ;
; A[1]       ; Y[4]        ; 12.230 ; 12.230 ; 12.230 ; 12.230 ;
; A[1]       ; Y[5]        ; 12.044 ; 12.044 ; 12.044 ; 12.044 ;
; A[1]       ; Y[6]        ; 12.080 ; 12.080 ; 12.080 ; 12.080 ;
; A[1]       ; Y[7]        ; 12.112 ; 12.112 ; 12.112 ; 12.112 ;
; A[1]       ; neg         ;        ; 12.421 ; 12.421 ;        ;
; A[1]       ; ovr         ; 15.158 ;        ;        ; 15.158 ;
; A[1]       ; zero        ; 11.562 ; 12.116 ; 12.116 ; 11.562 ;
; A[2]       ; Y[0]        ; 12.663 ; 12.663 ; 12.663 ; 12.663 ;
; A[2]       ; Y[1]        ; 14.207 ; 14.207 ; 14.207 ; 14.207 ;
; A[2]       ; Y[2]        ; 11.160 ; 11.416 ; 11.416 ; 11.160 ;
; A[2]       ; Y[3]        ; 12.295 ; 12.295 ; 12.295 ; 12.295 ;
; A[2]       ; Y[4]        ; 11.740 ; 11.740 ; 11.740 ; 11.740 ;
; A[2]       ; Y[5]        ; 11.404 ; 11.404 ; 11.404 ; 11.404 ;
; A[2]       ; Y[6]        ; 11.597 ; 11.597 ; 11.597 ; 11.597 ;
; A[2]       ; Y[7]        ; 11.727 ; 11.727 ; 11.727 ; 11.727 ;
; A[2]       ; neg         ;        ; 11.591 ; 11.591 ;        ;
; A[2]       ; ovr         ; 14.090 ;        ;        ; 14.090 ;
; A[2]       ; zero        ; 11.286 ; 11.536 ; 11.536 ; 11.286 ;
; A[3]       ; Y[0]        ; 12.122 ; 12.122 ; 12.122 ; 12.122 ;
; A[3]       ; Y[1]        ; 13.666 ; 13.666 ; 13.666 ; 13.666 ;
; A[3]       ; Y[2]        ; 11.862 ; 11.862 ; 11.862 ; 11.862 ;
; A[3]       ; Y[3]        ; 11.304 ; 11.633 ; 11.633 ; 11.304 ;
; A[3]       ; Y[4]        ; 11.353 ; 11.353 ; 11.353 ; 11.353 ;
; A[3]       ; Y[5]        ; 11.054 ; 11.054 ; 11.054 ; 11.054 ;
; A[3]       ; Y[6]        ; 11.203 ; 11.203 ; 11.203 ; 11.203 ;
; A[3]       ; Y[7]        ; 11.235 ; 11.235 ; 11.235 ; 11.235 ;
; A[3]       ; neg         ;        ; 11.277 ; 11.277 ;        ;
; A[3]       ; ovr         ; 14.021 ;        ;        ; 14.021 ;
; A[3]       ; zero        ; 10.808 ; 11.239 ; 11.239 ; 10.808 ;
; A[4]       ; Y[0]        ; 12.262 ; 12.262 ; 12.262 ; 12.262 ;
; A[4]       ; Y[1]        ; 13.806 ; 13.806 ; 13.806 ; 13.806 ;
; A[4]       ; Y[2]        ; 12.002 ; 12.002 ; 12.002 ; 12.002 ;
; A[4]       ; Y[3]        ; 12.250 ; 12.250 ; 12.250 ; 12.250 ;
; A[4]       ; Y[4]        ; 10.142 ; 11.014 ; 11.014 ; 10.142 ;
; A[4]       ; Y[5]        ; 10.990 ; 10.990 ; 10.990 ; 10.990 ;
; A[4]       ; Y[6]        ; 11.183 ; 11.183 ; 11.183 ; 11.183 ;
; A[4]       ; Y[7]        ; 11.313 ; 11.313 ; 11.313 ; 11.313 ;
; A[4]       ; neg         ;        ; 11.216 ; 11.216 ;        ;
; A[4]       ; ovr         ; 14.174 ;        ;        ; 14.174 ;
; A[4]       ; zero        ; 11.216 ; 11.379 ; 11.379 ; 11.216 ;
; A[5]       ; Y[0]        ; 12.669 ; 12.669 ; 12.669 ; 12.669 ;
; A[5]       ; Y[1]        ; 14.213 ; 14.213 ; 14.213 ; 14.213 ;
; A[5]       ; Y[2]        ; 12.409 ; 12.409 ; 12.409 ; 12.409 ;
; A[5]       ; Y[3]        ; 12.657 ; 12.657 ; 12.657 ; 12.657 ;
; A[5]       ; Y[4]        ; 11.900 ; 11.900 ; 11.900 ; 11.900 ;
; A[5]       ; Y[5]        ; 10.901 ; 10.914 ; 10.914 ; 10.901 ;
; A[5]       ; Y[6]        ; 11.424 ; 11.424 ; 11.424 ; 11.424 ;
; A[5]       ; Y[7]        ; 11.554 ; 11.554 ; 11.554 ; 11.554 ;
; A[5]       ; neg         ;        ; 11.734 ; 11.734 ;        ;
; A[5]       ; ovr         ; 14.619 ;        ;        ; 14.619 ;
; A[5]       ; zero        ; 11.374 ; 11.786 ; 11.786 ; 11.374 ;
; A[6]       ; Y[0]        ; 12.633 ; 12.633 ; 12.633 ; 12.633 ;
; A[6]       ; Y[1]        ; 14.177 ; 14.177 ; 14.177 ; 14.177 ;
; A[6]       ; Y[2]        ; 12.373 ; 12.373 ; 12.373 ; 12.373 ;
; A[6]       ; Y[3]        ; 12.621 ; 12.621 ; 12.621 ; 12.621 ;
; A[6]       ; Y[4]        ; 11.864 ; 11.864 ; 11.864 ; 11.864 ;
; A[6]       ; Y[5]        ; 11.678 ; 11.678 ; 11.678 ; 11.678 ;
; A[6]       ; Y[6]        ; 10.130 ; 10.992 ; 10.992 ; 10.130 ;
; A[6]       ; Y[7]        ; 11.437 ; 11.437 ; 11.437 ; 11.437 ;
; A[6]       ; neg         ;        ; 11.168 ; 11.168 ;        ;
; A[6]       ; ovr         ; 14.273 ;        ;        ; 14.273 ;
; A[6]       ; zero        ; 11.475 ; 10.445 ; 10.445 ; 11.475 ;
; A[7]       ; Y[0]        ; 12.357 ; 12.357 ; 12.357 ; 12.357 ;
; A[7]       ; Y[1]        ; 13.901 ; 13.901 ; 13.901 ; 13.901 ;
; A[7]       ; Y[2]        ; 12.097 ; 12.097 ; 12.097 ; 12.097 ;
; A[7]       ; Y[3]        ; 12.345 ; 12.345 ; 12.345 ; 12.345 ;
; A[7]       ; Y[4]        ; 11.588 ; 11.588 ; 11.588 ; 11.588 ;
; A[7]       ; Y[5]        ; 11.402 ; 11.402 ; 11.402 ; 11.402 ;
; A[7]       ; Y[6]        ; 11.438 ; 11.438 ; 11.438 ; 11.438 ;
; A[7]       ; Y[7]        ; 11.029 ; 11.029 ; 11.029 ; 11.029 ;
; A[7]       ; neg         ;        ; 10.778 ; 10.778 ;        ;
; A[7]       ; ovr         ; 14.203 ;        ;        ; 14.203 ;
; A[7]       ; zero        ; 11.209 ; 11.456 ; 11.456 ; 11.209 ;
; B[0]       ; Y[0]        ; 7.802  ; 8.328  ; 8.328  ; 7.802  ;
; B[0]       ; Y[1]        ; 10.405 ; 10.405 ; 10.405 ; 10.405 ;
; B[0]       ; Y[2]        ; 8.418  ; 8.418  ; 8.418  ; 8.418  ;
; B[0]       ; Y[3]        ; 8.982  ; 8.982  ; 8.982  ; 8.982  ;
; B[0]       ; Y[4]        ; 8.427  ; 8.427  ; 8.427  ; 8.427  ;
; B[0]       ; Y[5]        ; 8.091  ; 8.091  ; 8.091  ; 8.091  ;
; B[0]       ; Y[6]        ; 8.284  ; 8.284  ; 8.284  ; 8.284  ;
; B[0]       ; Y[7]        ; 8.414  ; 8.414  ; 8.414  ; 8.414  ;
; B[0]       ; neg         ; 8.481  ;        ;        ; 8.481  ;
; B[0]       ; ovr         ; 11.028 ;        ;        ; 11.028 ;
; B[0]       ; zero        ; 8.311  ; 8.311  ; 8.311  ; 8.311  ;
; B[1]       ; Y[0]        ; 13.657 ; 13.657 ; 13.657 ; 13.657 ;
; B[1]       ; Y[1]        ; 14.105 ; 14.504 ; 14.504 ; 14.105 ;
; B[1]       ; Y[2]        ; 12.832 ; 12.832 ; 12.832 ; 12.832 ;
; B[1]       ; Y[3]        ; 13.396 ; 13.396 ; 13.396 ; 13.396 ;
; B[1]       ; Y[4]        ; 12.841 ; 12.841 ; 12.841 ; 12.841 ;
; B[1]       ; Y[5]        ; 12.505 ; 12.505 ; 12.505 ; 12.505 ;
; B[1]       ; Y[6]        ; 12.698 ; 12.698 ; 12.698 ; 12.698 ;
; B[1]       ; Y[7]        ; 12.770 ; 12.770 ; 12.770 ; 12.770 ;
; B[1]       ; neg         ; 12.582 ;        ;        ; 12.582 ;
; B[1]       ; ovr         ; 15.397 ;        ;        ; 15.397 ;
; B[1]       ; zero        ; 12.774 ; 12.774 ; 12.774 ; 12.774 ;
; B[2]       ; Y[0]        ; 13.475 ; 13.475 ; 13.475 ; 13.475 ;
; B[2]       ; Y[1]        ; 15.019 ; 15.019 ; 15.019 ; 15.019 ;
; B[2]       ; Y[2]        ; 12.152 ; 12.219 ; 12.219 ; 12.152 ;
; B[2]       ; Y[3]        ; 13.095 ; 13.095 ; 13.095 ; 13.095 ;
; B[2]       ; Y[4]        ; 12.540 ; 12.540 ; 12.540 ; 12.540 ;
; B[2]       ; Y[5]        ; 12.204 ; 12.204 ; 12.204 ; 12.204 ;
; B[2]       ; Y[6]        ; 12.397 ; 12.397 ; 12.397 ; 12.397 ;
; B[2]       ; Y[7]        ; 12.527 ; 12.527 ; 12.527 ; 12.527 ;
; B[2]       ; neg         ; 12.419 ;        ;        ; 12.419 ;
; B[2]       ; ovr         ; 15.280 ;        ;        ; 15.280 ;
; B[2]       ; zero        ; 12.592 ; 12.528 ; 12.528 ; 12.592 ;
; B[3]       ; Y[0]        ; 12.263 ; 12.263 ; 12.263 ; 12.263 ;
; B[3]       ; Y[1]        ; 13.807 ; 13.807 ; 13.807 ; 13.807 ;
; B[3]       ; Y[2]        ; 12.003 ; 12.003 ; 12.003 ; 12.003 ;
; B[3]       ; Y[3]        ; 11.063 ; 11.674 ; 11.674 ; 11.063 ;
; B[3]       ; Y[4]        ; 11.434 ; 11.434 ; 11.434 ; 11.434 ;
; B[3]       ; Y[5]        ; 11.098 ; 11.098 ; 11.098 ; 11.098 ;
; B[3]       ; Y[6]        ; 11.291 ; 11.291 ; 11.291 ; 11.291 ;
; B[3]       ; Y[7]        ; 11.376 ; 11.376 ; 11.376 ; 11.376 ;
; B[3]       ; neg         ; 11.318 ;        ;        ; 11.318 ;
; B[3]       ; ovr         ; 14.246 ;        ;        ; 14.246 ;
; B[3]       ; zero        ; 11.380 ; 11.327 ; 11.327 ; 11.380 ;
; B[4]       ; Y[0]        ; 12.491 ; 12.491 ; 12.491 ; 12.491 ;
; B[4]       ; Y[1]        ; 14.035 ; 14.035 ; 14.035 ; 14.035 ;
; B[4]       ; Y[2]        ; 12.231 ; 12.231 ; 12.231 ; 12.231 ;
; B[4]       ; Y[3]        ; 12.479 ; 12.479 ; 12.479 ; 12.479 ;
; B[4]       ; Y[4]        ; 10.404 ; 11.000 ; 11.000 ; 10.404 ;
; B[4]       ; Y[5]        ; 10.981 ; 10.981 ; 10.981 ; 10.981 ;
; B[4]       ; Y[6]        ; 11.174 ; 11.174 ; 11.174 ; 11.174 ;
; B[4]       ; Y[7]        ; 11.304 ; 11.304 ; 11.304 ; 11.304 ;
; B[4]       ; neg         ; 11.230 ;        ;        ; 11.230 ;
; B[4]       ; ovr         ; 13.898 ;        ;        ; 13.898 ;
; B[4]       ; zero        ; 11.608 ; 11.608 ; 11.608 ; 11.608 ;
; B[5]       ; Y[0]        ; 13.008 ; 13.008 ; 13.008 ; 13.008 ;
; B[5]       ; Y[1]        ; 14.552 ; 14.552 ; 14.552 ; 14.552 ;
; B[5]       ; Y[2]        ; 12.748 ; 12.748 ; 12.748 ; 12.748 ;
; B[5]       ; Y[3]        ; 12.996 ; 12.996 ; 12.996 ; 12.996 ;
; B[5]       ; Y[4]        ; 12.239 ; 12.239 ; 12.239 ; 12.239 ;
; B[5]       ; Y[5]        ; 10.870 ; 11.139 ; 11.139 ; 10.870 ;
; B[5]       ; Y[6]        ; 11.644 ; 11.644 ; 11.644 ; 11.644 ;
; B[5]       ; Y[7]        ; 11.774 ; 11.774 ; 11.774 ; 11.774 ;
; B[5]       ; neg         ; 11.429 ;        ;        ; 11.429 ;
; B[5]       ; ovr         ; 14.319 ;        ;        ; 14.319 ;
; B[5]       ; zero        ; 12.174 ; 12.134 ; 12.134 ; 12.174 ;
; B[6]       ; Y[0]        ; 12.749 ; 12.749 ; 12.749 ; 12.749 ;
; B[6]       ; Y[1]        ; 14.293 ; 14.293 ; 14.293 ; 14.293 ;
; B[6]       ; Y[2]        ; 12.489 ; 12.489 ; 12.489 ; 12.489 ;
; B[6]       ; Y[3]        ; 12.737 ; 12.737 ; 12.737 ; 12.737 ;
; B[6]       ; Y[4]        ; 11.980 ; 11.980 ; 11.980 ; 11.980 ;
; B[6]       ; Y[5]        ; 11.794 ; 11.794 ; 11.794 ; 11.794 ;
; B[6]       ; Y[6]        ; 10.834 ; 10.943 ; 10.943 ; 10.834 ;
; B[6]       ; Y[7]        ; 11.385 ; 11.385 ; 11.385 ; 11.385 ;
; B[6]       ; neg         ; 11.214 ;        ;        ; 11.214 ;
; B[6]       ; ovr         ; 14.259 ;        ;        ; 14.259 ;
; B[6]       ; zero        ; 11.866 ; 11.149 ; 11.149 ; 11.866 ;
; B[7]       ; Y[0]        ; 12.164 ; 12.164 ; 12.164 ; 12.164 ;
; B[7]       ; Y[1]        ; 13.708 ; 13.708 ; 13.708 ; 13.708 ;
; B[7]       ; Y[2]        ; 11.904 ; 11.904 ; 11.904 ; 11.904 ;
; B[7]       ; Y[3]        ; 12.152 ; 12.152 ; 12.152 ; 12.152 ;
; B[7]       ; Y[4]        ; 11.395 ; 11.395 ; 11.395 ; 11.395 ;
; B[7]       ; Y[5]        ; 11.209 ; 11.209 ; 11.209 ; 11.209 ;
; B[7]       ; Y[6]        ; 11.245 ; 11.245 ; 11.245 ; 11.245 ;
; B[7]       ; Y[7]        ; 10.795 ; 10.795 ; 10.795 ; 10.795 ;
; B[7]       ; neg         ; 10.585 ;        ;        ; 10.585 ;
; B[7]       ; ovr         ; 13.642 ;        ;        ; 13.642 ;
; B[7]       ; zero        ; 11.585 ; 11.236 ; 11.236 ; 11.585 ;
; CNTL[0]    ; Y[0]        ; 12.205 ; 12.205 ; 12.205 ; 12.205 ;
; CNTL[0]    ; Y[1]        ; 13.434 ; 13.434 ; 13.434 ; 13.434 ;
; CNTL[0]    ; Y[2]        ; 11.915 ; 11.915 ; 11.915 ; 11.915 ;
; CNTL[0]    ; Y[3]        ; 12.158 ; 12.158 ; 12.158 ; 12.158 ;
; CNTL[0]    ; Y[4]        ; 11.408 ; 11.408 ; 11.408 ; 11.408 ;
; CNTL[0]    ; Y[5]        ; 11.069 ; 11.069 ; 11.069 ; 11.069 ;
; CNTL[0]    ; Y[6]        ; 11.246 ; 11.246 ; 11.246 ; 11.246 ;
; CNTL[0]    ; Y[7]        ; 11.038 ; 11.038 ; 11.038 ; 11.038 ;
; CNTL[0]    ; neg         ;        ; 9.800  ; 9.800  ;        ;
; CNTL[0]    ; ovr         ; 12.191 ;        ;        ; 12.191 ;
; CNTL[0]    ; zero        ; 11.725 ; 10.771 ; 10.771 ; 11.725 ;
; CNTL[1]    ; Y[0]        ; 12.843 ; 12.843 ; 12.843 ; 12.843 ;
; CNTL[1]    ; Y[1]        ; 14.387 ; 14.387 ; 14.387 ; 14.387 ;
; CNTL[1]    ; Y[2]        ; 12.583 ; 12.583 ; 12.583 ; 12.583 ;
; CNTL[1]    ; Y[3]        ; 12.831 ; 12.831 ; 12.831 ; 12.831 ;
; CNTL[1]    ; Y[4]        ; 12.074 ; 12.074 ; 12.074 ; 12.074 ;
; CNTL[1]    ; Y[5]        ; 11.888 ; 11.888 ; 11.888 ; 11.888 ;
; CNTL[1]    ; Y[6]        ; 11.924 ; 11.924 ; 11.924 ; 11.924 ;
; CNTL[1]    ; Y[7]        ; 11.684 ; 11.684 ; 11.684 ; 11.684 ;
; CNTL[1]    ; neg         ; 10.490 ;        ;        ; 10.490 ;
; CNTL[1]    ; ovr         ;        ; 12.966 ; 12.966 ;        ;
; CNTL[1]    ; zero        ; 11.928 ; 11.522 ; 11.522 ; 11.928 ;
; CNTL[2]    ; Y[0]        ; 13.114 ; 13.114 ; 13.114 ; 13.114 ;
; CNTL[2]    ; Y[1]        ; 14.658 ; 14.658 ; 14.658 ; 14.658 ;
; CNTL[2]    ; Y[2]        ; 12.854 ; 12.854 ; 12.854 ; 12.854 ;
; CNTL[2]    ; Y[3]        ; 13.102 ; 13.102 ; 13.102 ; 13.102 ;
; CNTL[2]    ; Y[4]        ; 12.345 ; 12.345 ; 12.345 ; 12.345 ;
; CNTL[2]    ; Y[5]        ; 12.159 ; 12.159 ; 12.159 ; 12.159 ;
; CNTL[2]    ; Y[6]        ; 12.195 ; 12.195 ; 12.195 ; 12.195 ;
; CNTL[2]    ; Y[7]        ; 12.227 ; 12.227 ; 12.227 ; 12.227 ;
; CNTL[2]    ; neg         ;        ; 10.931 ; 10.931 ;        ;
; CNTL[2]    ; ovr         ;        ; 13.287 ; 13.287 ;        ;
; CNTL[2]    ; zero        ;        ; 11.415 ; 11.415 ;        ;
+------------+-------------+--------+--------+--------+--------+


----------------------------
; Fast Model Setup Summary ;
----------------------------
No paths to report.


---------------------------
; Fast Model Hold Summary ;
---------------------------
No paths to report.


-------------------------------
; Fast Model Recovery Summary ;
-------------------------------
No paths to report.


------------------------------
; Fast Model Removal Summary ;
------------------------------
No paths to report.


------------------------------------------
; Fast Model Minimum Pulse Width Summary ;
------------------------------------------
No paths to report.


+----------------------------------------------------------+
; Propagation Delay                                        ;
+------------+-------------+-------+-------+-------+-------+
; Input Port ; Output Port ; RR    ; RF    ; FR    ; FF    ;
+------------+-------------+-------+-------+-------+-------+
; A[0]       ; Y[0]        ; 4.849 ; 4.849 ; 4.849 ; 4.849 ;
; A[0]       ; Y[1]        ; 5.965 ; 5.965 ; 5.965 ; 5.965 ;
; A[0]       ; Y[2]        ; 5.044 ; 5.044 ; 5.044 ; 5.044 ;
; A[0]       ; Y[3]        ; 5.058 ; 5.058 ; 5.058 ; 5.058 ;
; A[0]       ; Y[4]        ; 4.915 ; 4.915 ; 4.915 ; 4.915 ;
; A[0]       ; Y[5]        ; 4.642 ; 4.642 ; 4.642 ; 4.642 ;
; A[0]       ; Y[6]        ; 4.694 ; 4.694 ; 4.694 ; 4.694 ;
; A[0]       ; Y[7]        ; 4.546 ; 4.546 ; 4.546 ; 4.546 ;
; A[0]       ; neg         ;       ; 4.154 ; 4.154 ;       ;
; A[0]       ; ovr         ; 5.479 ;       ;       ; 5.479 ;
; A[0]       ; zero        ; 4.665 ; 4.933 ; 4.933 ; 4.665 ;
; A[1]       ; Y[0]        ; 7.322 ; 7.322 ; 7.322 ; 7.322 ;
; A[1]       ; Y[1]        ; 8.309 ; 8.309 ; 8.309 ; 8.309 ;
; A[1]       ; Y[2]        ; 7.487 ; 7.487 ; 7.487 ; 7.487 ;
; A[1]       ; Y[3]        ; 7.501 ; 7.501 ; 7.501 ; 7.501 ;
; A[1]       ; Y[4]        ; 7.358 ; 7.358 ; 7.358 ; 7.358 ;
; A[1]       ; Y[5]        ; 7.085 ; 7.085 ; 7.085 ; 7.085 ;
; A[1]       ; Y[6]        ; 7.137 ; 7.137 ; 7.137 ; 7.137 ;
; A[1]       ; Y[7]        ; 6.989 ; 6.989 ; 6.989 ; 6.989 ;
; A[1]       ; neg         ;       ; 6.627 ; 6.627 ;       ;
; A[1]       ; ovr         ; 7.922 ;       ;       ; 7.922 ;
; A[1]       ; zero        ; 7.108 ; 7.376 ; 7.376 ; 7.108 ;
; A[2]       ; Y[0]        ; 6.965 ; 6.965 ; 6.965 ; 6.965 ;
; A[2]       ; Y[1]        ; 7.689 ; 7.689 ; 7.689 ; 7.689 ;
; A[2]       ; Y[2]        ; 6.896 ; 6.896 ; 6.896 ; 6.896 ;
; A[2]       ; Y[3]        ; 7.015 ; 7.015 ; 7.015 ; 7.015 ;
; A[2]       ; Y[4]        ; 6.872 ; 6.872 ; 6.872 ; 6.872 ;
; A[2]       ; Y[5]        ; 6.599 ; 6.599 ; 6.599 ; 6.599 ;
; A[2]       ; Y[6]        ; 6.651 ; 6.651 ; 6.651 ; 6.651 ;
; A[2]       ; Y[7]        ; 6.550 ; 6.550 ; 6.550 ; 6.550 ;
; A[2]       ; neg         ;       ; 6.270 ; 6.270 ;       ;
; A[2]       ; ovr         ; 7.436 ;       ;       ; 7.436 ;
; A[2]       ; zero        ; 6.608 ; 6.890 ; 6.890 ; 6.608 ;
; A[3]       ; Y[0]        ; 6.811 ; 6.811 ; 6.811 ; 6.811 ;
; A[3]       ; Y[1]        ; 7.535 ; 7.535 ; 7.535 ; 7.535 ;
; A[3]       ; Y[2]        ; 6.683 ; 6.683 ; 6.683 ; 6.683 ;
; A[3]       ; Y[3]        ; 6.870 ; 6.870 ; 6.870 ; 6.870 ;
; A[3]       ; Y[4]        ; 6.832 ; 6.832 ; 6.832 ; 6.832 ;
; A[3]       ; Y[5]        ; 6.559 ; 6.559 ; 6.559 ; 6.559 ;
; A[3]       ; Y[6]        ; 6.611 ; 6.611 ; 6.611 ; 6.611 ;
; A[3]       ; Y[7]        ; 6.463 ; 6.463 ; 6.463 ; 6.463 ;
; A[3]       ; neg         ;       ; 6.116 ; 6.116 ;       ;
; A[3]       ; ovr         ; 7.396 ;       ;       ; 7.396 ;
; A[3]       ; zero        ; 6.568 ; 6.850 ; 6.850 ; 6.568 ;
; A[4]       ; Y[0]        ; 6.785 ; 6.785 ; 6.785 ; 6.785 ;
; A[4]       ; Y[1]        ; 7.509 ; 7.509 ; 7.509 ; 7.509 ;
; A[4]       ; Y[2]        ; 6.657 ; 6.657 ; 6.657 ; 6.657 ;
; A[4]       ; Y[3]        ; 6.752 ; 6.752 ; 6.752 ; 6.752 ;
; A[4]       ; Y[4]        ; 6.793 ; 6.793 ; 6.793 ; 6.793 ;
; A[4]       ; Y[5]        ; 6.625 ; 6.625 ; 6.625 ; 6.625 ;
; A[4]       ; Y[6]        ; 6.677 ; 6.677 ; 6.677 ; 6.677 ;
; A[4]       ; Y[7]        ; 6.529 ; 6.529 ; 6.529 ; 6.529 ;
; A[4]       ; neg         ;       ; 6.090 ; 6.090 ;       ;
; A[4]       ; ovr         ; 7.462 ;       ;       ; 7.462 ;
; A[4]       ; zero        ; 6.621 ; 6.916 ; 6.916 ; 6.621 ;
; A[5]       ; Y[0]        ; 7.003 ; 7.003 ; 7.003 ; 7.003 ;
; A[5]       ; Y[1]        ; 7.727 ; 7.727 ; 7.727 ; 7.727 ;
; A[5]       ; Y[2]        ; 6.875 ; 6.875 ; 6.875 ; 6.875 ;
; A[5]       ; Y[3]        ; 6.970 ; 6.970 ; 6.970 ; 6.970 ;
; A[5]       ; Y[4]        ; 6.620 ; 6.620 ; 6.620 ; 6.620 ;
; A[5]       ; Y[5]        ; 6.722 ; 6.722 ; 6.722 ; 6.722 ;
; A[5]       ; Y[6]        ; 6.879 ; 6.879 ; 6.879 ; 6.879 ;
; A[5]       ; Y[7]        ; 6.731 ; 6.731 ; 6.731 ; 6.731 ;
; A[5]       ; neg         ;       ; 6.308 ; 6.308 ;       ;
; A[5]       ; ovr         ; 7.664 ;       ;       ; 7.664 ;
; A[5]       ; zero        ; 6.788 ; 7.118 ; 7.118 ; 6.788 ;
; A[6]       ; Y[0]        ; 6.725 ; 6.725 ; 6.725 ; 6.725 ;
; A[6]       ; Y[1]        ; 7.449 ; 7.449 ; 7.449 ; 7.449 ;
; A[6]       ; Y[2]        ; 6.597 ; 6.597 ; 6.597 ; 6.597 ;
; A[6]       ; Y[3]        ; 6.692 ; 6.692 ; 6.692 ; 6.692 ;
; A[6]       ; Y[4]        ; 6.342 ; 6.342 ; 6.342 ; 6.342 ;
; A[6]       ; Y[5]        ; 6.278 ; 6.278 ; 6.278 ; 6.278 ;
; A[6]       ; Y[6]        ; 6.605 ; 6.605 ; 6.605 ; 6.605 ;
; A[6]       ; Y[7]        ; 6.560 ; 6.560 ; 6.560 ; 6.560 ;
; A[6]       ; neg         ;       ; 6.030 ; 6.030 ;       ;
; A[6]       ; ovr         ; 7.493 ;       ;       ; 7.493 ;
; A[6]       ; zero        ; 6.589 ; 6.947 ; 6.947 ; 6.589 ;
; A[7]       ; Y[0]        ; 6.854 ; 6.854 ; 6.854 ; 6.854 ;
; A[7]       ; Y[1]        ; 7.578 ; 7.578 ; 7.578 ; 7.578 ;
; A[7]       ; Y[2]        ; 6.726 ; 6.726 ; 6.726 ; 6.726 ;
; A[7]       ; Y[3]        ; 6.821 ; 6.821 ; 6.821 ; 6.821 ;
; A[7]       ; Y[4]        ; 6.471 ; 6.471 ; 6.471 ; 6.471 ;
; A[7]       ; Y[5]        ; 6.407 ; 6.407 ; 6.407 ; 6.407 ;
; A[7]       ; Y[6]        ; 6.418 ; 6.418 ; 6.418 ; 6.418 ;
; A[7]       ; Y[7]        ; 6.439 ; 6.439 ; 6.439 ; 6.439 ;
; A[7]       ; neg         ;       ; 5.905 ; 5.905 ;       ;
; A[7]       ; ovr         ; 7.470 ;       ;       ; 7.470 ;
; A[7]       ; zero        ; 6.461 ; 6.924 ; 6.924 ; 6.461 ;
; B[0]       ; Y[0]        ; 4.969 ; 4.969 ; 4.969 ; 4.969 ;
; B[0]       ; Y[1]        ; 5.965 ; 5.965 ; 5.965 ; 5.965 ;
; B[0]       ; Y[2]        ; 5.044 ; 5.044 ; 5.044 ; 5.044 ;
; B[0]       ; Y[3]        ; 5.058 ; 5.058 ; 5.058 ; 5.058 ;
; B[0]       ; Y[4]        ; 4.915 ; 4.915 ; 4.915 ; 4.915 ;
; B[0]       ; Y[5]        ; 4.642 ; 4.642 ; 4.642 ; 4.642 ;
; B[0]       ; Y[6]        ; 4.694 ; 4.694 ; 4.694 ; 4.694 ;
; B[0]       ; Y[7]        ; 4.554 ; 4.554 ; 4.554 ; 4.554 ;
; B[0]       ; neg         ; 4.274 ;       ;       ; 4.274 ;
; B[0]       ; ovr         ; 5.479 ;       ;       ; 5.479 ;
; B[0]       ; zero        ; 4.665 ; 4.933 ; 4.933 ; 4.665 ;
; B[1]       ; Y[0]        ; 7.529 ; 7.529 ; 7.529 ; 7.529 ;
; B[1]       ; Y[1]        ; 8.533 ; 8.533 ; 8.533 ; 8.533 ;
; B[1]       ; Y[2]        ; 7.712 ; 7.712 ; 7.712 ; 7.712 ;
; B[1]       ; Y[3]        ; 7.726 ; 7.726 ; 7.726 ; 7.726 ;
; B[1]       ; Y[4]        ; 7.583 ; 7.583 ; 7.583 ; 7.583 ;
; B[1]       ; Y[5]        ; 7.310 ; 7.310 ; 7.310 ; 7.310 ;
; B[1]       ; Y[6]        ; 7.362 ; 7.362 ; 7.362 ; 7.362 ;
; B[1]       ; Y[7]        ; 7.214 ; 7.214 ; 7.214 ; 7.214 ;
; B[1]       ; neg         ; 6.834 ;       ;       ; 6.834 ;
; B[1]       ; ovr         ; 8.147 ;       ;       ; 8.147 ;
; B[1]       ; zero        ; 7.333 ; 7.601 ; 7.601 ; 7.333 ;
; B[2]       ; Y[0]        ; 7.464 ; 7.464 ; 7.464 ; 7.464 ;
; B[2]       ; Y[1]        ; 8.188 ; 8.188 ; 8.188 ; 8.188 ;
; B[2]       ; Y[2]        ; 7.553 ; 7.553 ; 7.553 ; 7.553 ;
; B[2]       ; Y[3]        ; 7.670 ; 7.670 ; 7.670 ; 7.670 ;
; B[2]       ; Y[4]        ; 7.527 ; 7.527 ; 7.527 ; 7.527 ;
; B[2]       ; Y[5]        ; 7.254 ; 7.254 ; 7.254 ; 7.254 ;
; B[2]       ; Y[6]        ; 7.306 ; 7.306 ; 7.306 ; 7.306 ;
; B[2]       ; Y[7]        ; 7.158 ; 7.158 ; 7.158 ; 7.158 ;
; B[2]       ; neg         ; 6.769 ;       ;       ; 6.769 ;
; B[2]       ; ovr         ; 8.091 ;       ;       ; 8.091 ;
; B[2]       ; zero        ; 7.263 ; 7.545 ; 7.545 ; 7.263 ;
; B[3]       ; Y[0]        ; 6.835 ; 6.835 ; 6.835 ; 6.835 ;
; B[3]       ; Y[1]        ; 7.559 ; 7.559 ; 7.559 ; 7.559 ;
; B[3]       ; Y[2]        ; 6.707 ; 6.707 ; 6.707 ; 6.707 ;
; B[3]       ; Y[3]        ; 7.001 ; 7.001 ; 7.001 ; 7.001 ;
; B[3]       ; Y[4]        ; 6.961 ; 6.961 ; 6.961 ; 6.961 ;
; B[3]       ; Y[5]        ; 6.688 ; 6.688 ; 6.688 ; 6.688 ;
; B[3]       ; Y[6]        ; 6.740 ; 6.740 ; 6.740 ; 6.740 ;
; B[3]       ; Y[7]        ; 6.592 ; 6.592 ; 6.592 ; 6.592 ;
; B[3]       ; neg         ; 6.140 ;       ;       ; 6.140 ;
; B[3]       ; ovr         ; 7.525 ;       ;       ; 7.525 ;
; B[3]       ; zero        ; 6.697 ; 6.979 ; 6.979 ; 6.697 ;
; B[4]       ; Y[0]        ; 6.784 ; 6.784 ; 6.784 ; 6.784 ;
; B[4]       ; Y[1]        ; 7.508 ; 7.508 ; 7.508 ; 7.508 ;
; B[4]       ; Y[2]        ; 6.656 ; 6.656 ; 6.656 ; 6.656 ;
; B[4]       ; Y[3]        ; 6.751 ; 6.751 ; 6.751 ; 6.751 ;
; B[4]       ; Y[4]        ; 6.667 ; 6.667 ; 6.667 ; 6.667 ;
; B[4]       ; Y[5]        ; 6.497 ; 6.497 ; 6.497 ; 6.497 ;
; B[4]       ; Y[6]        ; 6.549 ; 6.549 ; 6.549 ; 6.549 ;
; B[4]       ; Y[7]        ; 6.401 ; 6.401 ; 6.401 ; 6.401 ;
; B[4]       ; neg         ; 6.089 ;       ;       ; 6.089 ;
; B[4]       ; ovr         ; 7.334 ;       ;       ; 7.334 ;
; B[4]       ; zero        ; 6.493 ; 6.788 ; 6.788 ; 6.493 ;
; B[5]       ; Y[0]        ; 6.930 ; 6.930 ; 6.930 ; 6.930 ;
; B[5]       ; Y[1]        ; 7.654 ; 7.654 ; 7.654 ; 7.654 ;
; B[5]       ; Y[2]        ; 6.802 ; 6.802 ; 6.802 ; 6.802 ;
; B[5]       ; Y[3]        ; 6.897 ; 6.897 ; 6.897 ; 6.897 ;
; B[5]       ; Y[4]        ; 6.547 ; 6.547 ; 6.547 ; 6.547 ;
; B[5]       ; Y[5]        ; 6.594 ; 6.594 ; 6.594 ; 6.594 ;
; B[5]       ; Y[6]        ; 6.749 ; 6.749 ; 6.749 ; 6.749 ;
; B[5]       ; Y[7]        ; 6.601 ; 6.601 ; 6.601 ; 6.601 ;
; B[5]       ; neg         ; 6.188 ;       ;       ; 6.188 ;
; B[5]       ; ovr         ; 7.534 ;       ;       ; 7.534 ;
; B[5]       ; zero        ; 6.658 ; 6.988 ; 6.988 ; 6.658 ;
; B[6]       ; Y[0]        ; 6.759 ; 6.759 ; 6.759 ; 6.759 ;
; B[6]       ; Y[1]        ; 7.483 ; 7.483 ; 7.483 ; 7.483 ;
; B[6]       ; Y[2]        ; 6.631 ; 6.631 ; 6.631 ; 6.631 ;
; B[6]       ; Y[3]        ; 6.726 ; 6.726 ; 6.726 ; 6.726 ;
; B[6]       ; Y[4]        ; 6.376 ; 6.376 ; 6.376 ; 6.376 ;
; B[6]       ; Y[5]        ; 6.312 ; 6.312 ; 6.312 ; 6.312 ;
; B[6]       ; Y[6]        ; 6.585 ; 6.585 ; 6.585 ; 6.585 ;
; B[6]       ; Y[7]        ; 6.542 ; 6.542 ; 6.542 ; 6.542 ;
; B[6]       ; neg         ; 6.052 ;       ;       ; 6.052 ;
; B[6]       ; ovr         ; 7.475 ;       ;       ; 7.475 ;
; B[6]       ; zero        ; 6.571 ; 6.929 ; 6.929 ; 6.571 ;
; B[7]       ; Y[0]        ; 6.729 ; 6.729 ; 6.729 ; 6.729 ;
; B[7]       ; Y[1]        ; 7.453 ; 7.453 ; 7.453 ; 7.453 ;
; B[7]       ; Y[2]        ; 6.601 ; 6.601 ; 6.601 ; 6.601 ;
; B[7]       ; Y[3]        ; 6.696 ; 6.696 ; 6.696 ; 6.696 ;
; B[7]       ; Y[4]        ; 6.346 ; 6.346 ; 6.346 ; 6.346 ;
; B[7]       ; Y[5]        ; 6.282 ; 6.282 ; 6.282 ; 6.282 ;
; B[7]       ; Y[6]        ; 6.293 ; 6.293 ; 6.293 ; 6.293 ;
; B[7]       ; Y[7]        ; 6.314 ; 6.314 ; 6.314 ; 6.314 ;
; B[7]       ; neg         ; 5.816 ;       ;       ; 5.816 ;
; B[7]       ; ovr         ; 7.201 ;       ;       ; 7.201 ;
; B[7]       ; zero        ; 6.316 ; 6.655 ; 6.655 ; 6.316 ;
; CNTL[0]    ; Y[0]        ; 7.191 ; 7.191 ; 7.191 ; 7.191 ;
; CNTL[0]    ; Y[1]        ; 7.568 ; 7.568 ; 7.568 ; 7.568 ;
; CNTL[0]    ; Y[2]        ; 6.574 ; 6.574 ; 6.574 ; 6.574 ;
; CNTL[0]    ; Y[3]        ; 6.651 ; 6.651 ; 6.651 ; 6.651 ;
; CNTL[0]    ; Y[4]        ; 6.381 ; 6.381 ; 6.381 ; 6.381 ;
; CNTL[0]    ; Y[5]        ; 6.439 ; 6.439 ; 6.439 ; 6.439 ;
; CNTL[0]    ; Y[6]        ; 6.641 ; 6.641 ; 6.641 ; 6.641 ;
; CNTL[0]    ; Y[7]        ; 6.188 ; 6.188 ; 6.188 ; 6.188 ;
; CNTL[0]    ; neg         ;       ; 5.466 ; 5.466 ;       ;
; CNTL[0]    ; ovr         ; 6.606 ;       ;       ; 6.606 ;
; CNTL[0]    ; zero        ; 6.500 ; 5.920 ; 5.920 ; 6.500 ;
; CNTL[1]    ; Y[0]        ; 7.600 ; 7.600 ; 7.600 ; 7.600 ;
; CNTL[1]    ; Y[1]        ; 7.977 ; 7.977 ; 7.977 ; 7.977 ;
; CNTL[1]    ; Y[2]        ; 6.983 ; 6.983 ; 6.983 ; 6.983 ;
; CNTL[1]    ; Y[3]        ; 7.060 ; 7.060 ; 7.060 ; 7.060 ;
; CNTL[1]    ; Y[4]        ; 6.790 ; 6.790 ; 6.790 ; 6.790 ;
; CNTL[1]    ; Y[5]        ; 6.848 ; 6.848 ; 6.848 ; 6.848 ;
; CNTL[1]    ; Y[6]        ; 7.050 ; 7.050 ; 7.050 ; 7.050 ;
; CNTL[1]    ; Y[7]        ; 6.597 ; 6.597 ; 6.597 ; 6.597 ;
; CNTL[1]    ; neg         ; 5.796 ;       ;       ; 5.796 ;
; CNTL[1]    ; ovr         ;       ; 7.017 ; 7.017 ;       ;
; CNTL[1]    ; zero        ; 7.187 ; 6.459 ; 6.459 ; 7.187 ;
; CNTL[2]    ; Y[0]        ; 7.807 ; 7.807 ; 7.807 ; 7.807 ;
; CNTL[2]    ; Y[1]        ; 8.184 ; 8.184 ; 8.184 ; 8.184 ;
; CNTL[2]    ; Y[2]        ; 7.190 ; 7.190 ; 7.190 ; 7.190 ;
; CNTL[2]    ; Y[3]        ; 7.267 ; 7.267 ; 7.267 ; 7.267 ;
; CNTL[2]    ; Y[4]        ; 6.997 ; 6.997 ; 6.997 ; 6.997 ;
; CNTL[2]    ; Y[5]        ; 7.055 ; 7.055 ; 7.055 ; 7.055 ;
; CNTL[2]    ; Y[6]        ; 7.257 ; 7.257 ; 7.257 ; 7.257 ;
; CNTL[2]    ; Y[7]        ; 6.804 ; 6.804 ; 6.804 ; 6.804 ;
; CNTL[2]    ; neg         ;       ; 6.101 ; 6.101 ;       ;
; CNTL[2]    ; ovr         ;       ; 7.220 ; 7.220 ;       ;
; CNTL[2]    ; zero        ;       ; 7.388 ; 7.388 ;       ;
+------------+-------------+-------+-------+-------+-------+


+----------------------------------------------------------+
; Minimum Propagation Delay                                ;
+------------+-------------+-------+-------+-------+-------+
; Input Port ; Output Port ; RR    ; RF    ; FR    ; FF    ;
+------------+-------------+-------+-------+-------+-------+
; A[0]       ; Y[0]        ; 3.848 ; 4.244 ; 4.244 ; 3.848 ;
; A[0]       ; Y[1]        ; 5.172 ; 5.172 ; 5.172 ; 5.172 ;
; A[0]       ; Y[2]        ; 4.253 ; 4.253 ; 4.253 ; 4.253 ;
; A[0]       ; Y[3]        ; 4.481 ; 4.481 ; 4.481 ; 4.481 ;
; A[0]       ; Y[4]        ; 4.229 ; 4.229 ; 4.229 ; 4.229 ;
; A[0]       ; Y[5]        ; 4.102 ; 4.102 ; 4.102 ; 4.102 ;
; A[0]       ; Y[6]        ; 4.202 ; 4.202 ; 4.202 ; 4.202 ;
; A[0]       ; Y[7]        ; 4.263 ; 4.263 ; 4.263 ; 4.263 ;
; A[0]       ; neg         ;       ; 4.154 ; 4.154 ;       ;
; A[0]       ; ovr         ; 5.479 ;       ;       ; 5.479 ;
; A[0]       ; zero        ; 3.990 ; 4.100 ; 4.100 ; 3.990 ;
; A[1]       ; Y[0]        ; 6.888 ; 6.888 ; 6.888 ; 6.888 ;
; A[1]       ; Y[1]        ; 7.191 ; 7.524 ; 7.524 ; 7.191 ;
; A[1]       ; Y[2]        ; 6.708 ; 6.708 ; 6.708 ; 6.708 ;
; A[1]       ; Y[3]        ; 6.855 ; 6.855 ; 6.855 ; 6.855 ;
; A[1]       ; Y[4]        ; 6.505 ; 6.505 ; 6.505 ; 6.505 ;
; A[1]       ; Y[5]        ; 6.441 ; 6.441 ; 6.441 ; 6.441 ;
; A[1]       ; Y[6]        ; 6.452 ; 6.452 ; 6.452 ; 6.452 ;
; A[1]       ; Y[7]        ; 6.473 ; 6.473 ; 6.473 ; 6.473 ;
; A[1]       ; neg         ;       ; 6.627 ; 6.627 ;       ;
; A[1]       ; ovr         ; 7.922 ;       ;       ; 7.922 ;
; A[1]       ; zero        ; 6.227 ; 6.475 ; 6.475 ; 6.227 ;
; A[2]       ; Y[0]        ; 6.721 ; 6.721 ; 6.721 ; 6.721 ;
; A[2]       ; Y[1]        ; 7.445 ; 7.445 ; 7.445 ; 7.445 ;
; A[2]       ; Y[2]        ; 6.068 ; 6.160 ; 6.160 ; 6.068 ;
; A[2]       ; Y[3]        ; 6.493 ; 6.493 ; 6.493 ; 6.493 ;
; A[2]       ; Y[4]        ; 6.241 ; 6.241 ; 6.241 ; 6.241 ;
; A[2]       ; Y[5]        ; 6.114 ; 6.114 ; 6.114 ; 6.114 ;
; A[2]       ; Y[6]        ; 6.214 ; 6.214 ; 6.214 ; 6.214 ;
; A[2]       ; Y[7]        ; 6.275 ; 6.275 ; 6.275 ; 6.275 ;
; A[2]       ; neg         ;       ; 6.270 ; 6.270 ;       ;
; A[2]       ; ovr         ; 7.436 ;       ;       ; 7.436 ;
; A[2]       ; zero        ; 6.102 ; 6.230 ; 6.230 ; 6.102 ;
; A[3]       ; Y[0]        ; 6.478 ; 6.478 ; 6.478 ; 6.478 ;
; A[3]       ; Y[1]        ; 7.202 ; 7.202 ; 7.202 ; 7.202 ;
; A[3]       ; Y[2]        ; 6.350 ; 6.350 ; 6.350 ; 6.350 ;
; A[3]       ; Y[3]        ; 6.098 ; 6.219 ; 6.219 ; 6.098 ;
; A[3]       ; Y[4]        ; 6.070 ; 6.070 ; 6.070 ; 6.070 ;
; A[3]       ; Y[5]        ; 5.943 ; 5.943 ; 5.943 ; 5.943 ;
; A[3]       ; Y[6]        ; 6.042 ; 6.042 ; 6.042 ; 6.042 ;
; A[3]       ; Y[7]        ; 6.063 ; 6.063 ; 6.063 ; 6.063 ;
; A[3]       ; neg         ;       ; 6.116 ; 6.116 ;       ;
; A[3]       ; ovr         ; 7.396 ;       ;       ; 7.396 ;
; A[3]       ; zero        ; 5.869 ; 6.065 ; 6.065 ; 5.869 ;
; A[4]       ; Y[0]        ; 6.561 ; 6.561 ; 6.561 ; 6.561 ;
; A[4]       ; Y[1]        ; 7.285 ; 7.285 ; 7.285 ; 7.285 ;
; A[4]       ; Y[2]        ; 6.433 ; 6.433 ; 6.433 ; 6.433 ;
; A[4]       ; Y[3]        ; 6.528 ; 6.528 ; 6.528 ; 6.528 ;
; A[4]       ; Y[4]        ; 5.561 ; 5.941 ; 5.941 ; 5.561 ;
; A[4]       ; Y[5]        ; 5.917 ; 5.917 ; 5.917 ; 5.917 ;
; A[4]       ; Y[6]        ; 6.017 ; 6.017 ; 6.017 ; 6.017 ;
; A[4]       ; Y[7]        ; 6.078 ; 6.078 ; 6.078 ; 6.078 ;
; A[4]       ; neg         ;       ; 6.090 ; 6.090 ;       ;
; A[4]       ; ovr         ; 7.462 ;       ;       ; 7.462 ;
; A[4]       ; zero        ; 6.060 ; 6.148 ; 6.148 ; 6.060 ;
; A[5]       ; Y[0]        ; 6.741 ; 6.741 ; 6.741 ; 6.741 ;
; A[5]       ; Y[1]        ; 7.465 ; 7.465 ; 7.465 ; 7.465 ;
; A[5]       ; Y[2]        ; 6.613 ; 6.613 ; 6.613 ; 6.613 ;
; A[5]       ; Y[3]        ; 6.708 ; 6.708 ; 6.708 ; 6.708 ;
; A[5]       ; Y[4]        ; 6.358 ; 6.358 ; 6.358 ; 6.358 ;
; A[5]       ; Y[5]        ; 5.916 ; 5.921 ; 5.921 ; 5.916 ;
; A[5]       ; Y[6]        ; 6.126 ; 6.126 ; 6.126 ; 6.126 ;
; A[5]       ; Y[7]        ; 6.187 ; 6.187 ; 6.187 ; 6.187 ;
; A[5]       ; neg         ;       ; 6.308 ; 6.308 ;       ;
; A[5]       ; ovr         ; 7.664 ;       ;       ; 7.664 ;
; A[5]       ; zero        ; 6.142 ; 6.328 ; 6.328 ; 6.142 ;
; A[6]       ; Y[0]        ; 6.716 ; 6.716 ; 6.716 ; 6.716 ;
; A[6]       ; Y[1]        ; 7.440 ; 7.440 ; 7.440 ; 7.440 ;
; A[6]       ; Y[2]        ; 6.588 ; 6.588 ; 6.588 ; 6.588 ;
; A[6]       ; Y[3]        ; 6.683 ; 6.683 ; 6.683 ; 6.683 ;
; A[6]       ; Y[4]        ; 6.333 ; 6.333 ; 6.333 ; 6.333 ;
; A[6]       ; Y[5]        ; 6.269 ; 6.269 ; 6.269 ; 6.269 ;
; A[6]       ; Y[6]        ; 5.574 ; 5.955 ; 5.955 ; 5.574 ;
; A[6]       ; Y[7]        ; 6.121 ; 6.121 ; 6.121 ; 6.121 ;
; A[6]       ; neg         ;       ; 6.030 ; 6.030 ;       ;
; A[6]       ; ovr         ; 7.493 ;       ;       ; 7.493 ;
; A[6]       ; zero        ; 6.170 ; 5.735 ; 5.735 ; 6.170 ;
; A[7]       ; Y[0]        ; 6.600 ; 6.600 ; 6.600 ; 6.600 ;
; A[7]       ; Y[1]        ; 7.324 ; 7.324 ; 7.324 ; 7.324 ;
; A[7]       ; Y[2]        ; 6.472 ; 6.472 ; 6.472 ; 6.472 ;
; A[7]       ; Y[3]        ; 6.567 ; 6.567 ; 6.567 ; 6.567 ;
; A[7]       ; Y[4]        ; 6.217 ; 6.217 ; 6.217 ; 6.217 ;
; A[7]       ; Y[5]        ; 6.153 ; 6.153 ; 6.153 ; 6.153 ;
; A[7]       ; Y[6]        ; 6.164 ; 6.164 ; 6.164 ; 6.164 ;
; A[7]       ; Y[7]        ; 5.985 ; 5.985 ; 5.985 ; 5.985 ;
; A[7]       ; neg         ;       ; 5.905 ; 5.905 ;       ;
; A[7]       ; ovr         ; 7.470 ;       ;       ; 7.470 ;
; A[7]       ; zero        ; 6.052 ; 6.189 ; 6.189 ; 6.052 ;
; B[0]       ; Y[0]        ; 3.969 ; 4.197 ; 4.197 ; 3.969 ;
; B[0]       ; Y[1]        ; 5.120 ; 5.120 ; 5.120 ; 5.120 ;
; B[0]       ; Y[2]        ; 4.201 ; 4.201 ; 4.201 ; 4.201 ;
; B[0]       ; Y[3]        ; 4.429 ; 4.429 ; 4.429 ; 4.429 ;
; B[0]       ; Y[4]        ; 4.177 ; 4.177 ; 4.177 ; 4.177 ;
; B[0]       ; Y[5]        ; 4.050 ; 4.050 ; 4.050 ; 4.050 ;
; B[0]       ; Y[6]        ; 4.150 ; 4.150 ; 4.150 ; 4.150 ;
; B[0]       ; Y[7]        ; 4.211 ; 4.211 ; 4.211 ; 4.211 ;
; B[0]       ; neg         ; 4.274 ;       ;       ; 4.274 ;
; B[0]       ; ovr         ; 5.479 ;       ;       ; 5.479 ;
; B[0]       ; zero        ; 4.136 ; 4.136 ; 4.136 ; 4.136 ;
; B[1]       ; Y[0]        ; 7.317 ; 7.317 ; 7.317 ; 7.317 ;
; B[1]       ; Y[1]        ; 7.539 ; 7.702 ; 7.702 ; 7.539 ;
; B[1]       ; Y[2]        ; 6.888 ; 6.888 ; 6.888 ; 6.888 ;
; B[1]       ; Y[3]        ; 7.116 ; 7.116 ; 7.116 ; 7.116 ;
; B[1]       ; Y[4]        ; 6.864 ; 6.864 ; 6.864 ; 6.864 ;
; B[1]       ; Y[5]        ; 6.737 ; 6.737 ; 6.737 ; 6.737 ;
; B[1]       ; Y[6]        ; 6.837 ; 6.837 ; 6.837 ; 6.837 ;
; B[1]       ; Y[7]        ; 6.898 ; 6.898 ; 6.898 ; 6.898 ;
; B[1]       ; neg         ; 6.834 ;       ;       ; 6.834 ;
; B[1]       ; ovr         ; 8.147 ;       ;       ; 8.147 ;
; B[1]       ; zero        ; 6.904 ; 6.904 ; 6.904 ; 6.904 ;
; B[2]       ; Y[0]        ; 7.230 ; 7.230 ; 7.230 ; 7.230 ;
; B[2]       ; Y[1]        ; 7.954 ; 7.954 ; 7.954 ; 7.954 ;
; B[2]       ; Y[2]        ; 6.625 ; 6.661 ; 6.661 ; 6.625 ;
; B[2]       ; Y[3]        ; 6.992 ; 6.992 ; 6.992 ; 6.992 ;
; B[2]       ; Y[4]        ; 6.740 ; 6.740 ; 6.740 ; 6.740 ;
; B[2]       ; Y[5]        ; 6.613 ; 6.613 ; 6.613 ; 6.613 ;
; B[2]       ; Y[6]        ; 6.713 ; 6.713 ; 6.713 ; 6.713 ;
; B[2]       ; Y[7]        ; 6.774 ; 6.774 ; 6.774 ; 6.774 ;
; B[2]       ; neg         ; 6.769 ;       ;       ; 6.769 ;
; B[2]       ; ovr         ; 8.091 ;       ;       ; 8.091 ;
; B[2]       ; zero        ; 6.817 ; 6.787 ; 6.787 ; 6.817 ;
; B[3]       ; Y[0]        ; 6.548 ; 6.548 ; 6.548 ; 6.548 ;
; B[3]       ; Y[1]        ; 7.272 ; 7.272 ; 7.272 ; 7.272 ;
; B[3]       ; Y[2]        ; 6.420 ; 6.420 ; 6.420 ; 6.420 ;
; B[3]       ; Y[3]        ; 5.990 ; 6.247 ; 6.247 ; 5.990 ;
; B[3]       ; Y[4]        ; 6.100 ; 6.100 ; 6.100 ; 6.100 ;
; B[3]       ; Y[5]        ; 5.973 ; 5.973 ; 5.973 ; 5.973 ;
; B[3]       ; Y[6]        ; 6.073 ; 6.073 ; 6.073 ; 6.073 ;
; B[3]       ; Y[7]        ; 6.133 ; 6.133 ; 6.133 ; 6.133 ;
; B[3]       ; neg         ; 6.140 ;       ;       ; 6.140 ;
; B[3]       ; ovr         ; 7.525 ;       ;       ; 7.525 ;
; B[3]       ; zero        ; 6.135 ; 6.113 ; 6.113 ; 6.135 ;
; B[4]       ; Y[0]        ; 6.677 ; 6.677 ; 6.677 ; 6.677 ;
; B[4]       ; Y[1]        ; 7.401 ; 7.401 ; 7.401 ; 7.401 ;
; B[4]       ; Y[2]        ; 6.549 ; 6.549 ; 6.549 ; 6.549 ;
; B[4]       ; Y[3]        ; 6.644 ; 6.644 ; 6.644 ; 6.644 ;
; B[4]       ; Y[4]        ; 5.683 ; 5.936 ; 5.936 ; 5.683 ;
; B[4]       ; Y[5]        ; 5.914 ; 5.914 ; 5.914 ; 5.914 ;
; B[4]       ; Y[6]        ; 6.014 ; 6.014 ; 6.014 ; 6.014 ;
; B[4]       ; Y[7]        ; 6.075 ; 6.075 ; 6.075 ; 6.075 ;
; B[4]       ; neg         ; 6.089 ;       ;       ; 6.089 ;
; B[4]       ; ovr         ; 7.334 ;       ;       ; 7.334 ;
; B[4]       ; zero        ; 6.264 ; 6.264 ; 6.264 ; 6.264 ;
; B[5]       ; Y[0]        ; 6.883 ; 6.883 ; 6.883 ; 6.883 ;
; B[5]       ; Y[1]        ; 7.607 ; 7.607 ; 7.607 ; 7.607 ;
; B[5]       ; Y[2]        ; 6.755 ; 6.755 ; 6.755 ; 6.755 ;
; B[5]       ; Y[3]        ; 6.850 ; 6.850 ; 6.850 ; 6.850 ;
; B[5]       ; Y[4]        ; 6.500 ; 6.500 ; 6.500 ; 6.500 ;
; B[5]       ; Y[5]        ; 5.926 ; 6.033 ; 6.033 ; 5.926 ;
; B[5]       ; Y[6]        ; 6.236 ; 6.236 ; 6.236 ; 6.236 ;
; B[5]       ; Y[7]        ; 6.297 ; 6.297 ; 6.297 ; 6.297 ;
; B[5]       ; neg         ; 6.188 ;       ;       ; 6.188 ;
; B[5]       ; ovr         ; 7.534 ;       ;       ; 7.534 ;
; B[5]       ; zero        ; 6.517 ; 6.479 ; 6.479 ; 6.517 ;
; B[6]       ; Y[0]        ; 6.747 ; 6.747 ; 6.747 ; 6.747 ;
; B[6]       ; Y[1]        ; 7.471 ; 7.471 ; 7.471 ; 7.471 ;
; B[6]       ; Y[2]        ; 6.619 ; 6.619 ; 6.619 ; 6.619 ;
; B[6]       ; Y[3]        ; 6.714 ; 6.714 ; 6.714 ; 6.714 ;
; B[6]       ; Y[4]        ; 6.364 ; 6.364 ; 6.364 ; 6.364 ;
; B[6]       ; Y[5]        ; 6.300 ; 6.300 ; 6.300 ; 6.300 ;
; B[6]       ; Y[6]        ; 5.899 ; 5.937 ; 5.937 ; 5.899 ;
; B[6]       ; Y[7]        ; 6.101 ; 6.101 ; 6.101 ; 6.101 ;
; B[6]       ; neg         ; 6.052 ;       ;       ; 6.052 ;
; B[6]       ; ovr         ; 7.475 ;       ;       ; 7.475 ;
; B[6]       ; zero        ; 6.346 ; 6.060 ; 6.060 ; 6.346 ;
; B[7]       ; Y[0]        ; 6.511 ; 6.511 ; 6.511 ; 6.511 ;
; B[7]       ; Y[1]        ; 7.235 ; 7.235 ; 7.235 ; 7.235 ;
; B[7]       ; Y[2]        ; 6.383 ; 6.383 ; 6.383 ; 6.383 ;
; B[7]       ; Y[3]        ; 6.478 ; 6.478 ; 6.478 ; 6.478 ;
; B[7]       ; Y[4]        ; 6.128 ; 6.128 ; 6.128 ; 6.128 ;
; B[7]       ; Y[5]        ; 6.064 ; 6.064 ; 6.064 ; 6.064 ;
; B[7]       ; Y[6]        ; 6.075 ; 6.075 ; 6.075 ; 6.075 ;
; B[7]       ; Y[7]        ; 5.862 ; 5.862 ; 5.862 ; 5.862 ;
; B[7]       ; neg         ; 5.816 ;       ;       ; 5.816 ;
; B[7]       ; ovr         ; 7.201 ;       ;       ; 7.201 ;
; B[7]       ; zero        ; 6.194 ; 6.097 ; 6.097 ; 6.194 ;
; CNTL[0]    ; Y[0]        ; 6.530 ; 6.530 ; 6.530 ; 6.530 ;
; CNTL[0]    ; Y[1]        ; 7.125 ; 7.125 ; 7.125 ; 7.125 ;
; CNTL[0]    ; Y[2]        ; 6.396 ; 6.396 ; 6.396 ; 6.396 ;
; CNTL[0]    ; Y[3]        ; 6.483 ; 6.483 ; 6.483 ; 6.483 ;
; CNTL[0]    ; Y[4]        ; 6.132 ; 6.132 ; 6.132 ; 6.132 ;
; CNTL[0]    ; Y[5]        ; 6.001 ; 6.001 ; 6.001 ; 6.001 ;
; CNTL[0]    ; Y[6]        ; 6.081 ; 6.081 ; 6.081 ; 6.081 ;
; CNTL[0]    ; Y[7]        ; 6.001 ; 6.001 ; 6.001 ; 6.001 ;
; CNTL[0]    ; neg         ;       ; 5.466 ; 5.466 ;       ;
; CNTL[0]    ; ovr         ; 6.606 ;       ;       ; 6.606 ;
; CNTL[0]    ; zero        ; 6.296 ; 5.912 ; 5.912 ; 6.296 ;
; CNTL[1]    ; Y[0]        ; 6.873 ; 6.873 ; 6.873 ; 6.873 ;
; CNTL[1]    ; Y[1]        ; 7.597 ; 7.597 ; 7.597 ; 7.597 ;
; CNTL[1]    ; Y[2]        ; 6.745 ; 6.745 ; 6.745 ; 6.745 ;
; CNTL[1]    ; Y[3]        ; 6.840 ; 6.840 ; 6.840 ; 6.840 ;
; CNTL[1]    ; Y[4]        ; 6.490 ; 6.490 ; 6.490 ; 6.490 ;
; CNTL[1]    ; Y[5]        ; 6.426 ; 6.426 ; 6.426 ; 6.426 ;
; CNTL[1]    ; Y[6]        ; 6.437 ; 6.437 ; 6.437 ; 6.437 ;
; CNTL[1]    ; Y[7]        ; 6.302 ; 6.302 ; 6.302 ; 6.302 ;
; CNTL[1]    ; neg         ; 5.796 ;       ;       ; 5.796 ;
; CNTL[1]    ; ovr         ;       ; 7.017 ; 7.017 ;       ;
; CNTL[1]    ; zero        ; 6.463 ; 6.254 ; 6.254 ; 6.463 ;
; CNTL[2]    ; Y[0]        ; 7.074 ; 7.074 ; 7.074 ; 7.074 ;
; CNTL[2]    ; Y[1]        ; 7.798 ; 7.798 ; 7.798 ; 7.798 ;
; CNTL[2]    ; Y[2]        ; 6.946 ; 6.946 ; 6.946 ; 6.946 ;
; CNTL[2]    ; Y[3]        ; 7.041 ; 7.041 ; 7.041 ; 7.041 ;
; CNTL[2]    ; Y[4]        ; 6.691 ; 6.691 ; 6.691 ; 6.691 ;
; CNTL[2]    ; Y[5]        ; 6.627 ; 6.627 ; 6.627 ; 6.627 ;
; CNTL[2]    ; Y[6]        ; 6.638 ; 6.638 ; 6.638 ; 6.638 ;
; CNTL[2]    ; Y[7]        ; 6.659 ; 6.659 ; 6.659 ; 6.659 ;
; CNTL[2]    ; neg         ;       ; 6.101 ; 6.101 ;       ;
; CNTL[2]    ; ovr         ;       ; 7.220 ; 7.220 ;       ;
; CNTL[2]    ; zero        ;       ; 6.306 ; 6.306 ;       ;
+------------+-------------+-------+-------+-------+-------+


+----------------------------------------------------------------------------+
; Multicorner Timing Analysis Summary                                        ;
+------------------+-------+------+----------+---------+---------------------+
; Clock            ; Setup ; Hold ; Recovery ; Removal ; Minimum Pulse Width ;
+------------------+-------+------+----------+---------+---------------------+
; Worst-case Slack ; N/A   ; N/A  ; N/A      ; N/A     ; N/A                 ;
; Design-wide TNS  ; 0.0   ; 0.0  ; 0.0      ; 0.0     ; 0.0                 ;
+------------------+-------+------+----------+---------+---------------------+


+--------------------------------------------------------------+
; Progagation Delay                                            ;
+------------+-------------+--------+--------+--------+--------+
; Input Port ; Output Port ; RR     ; RF     ; FR     ; FF     ;
+------------+-------------+--------+--------+--------+--------+
; A[0]       ; Y[0]        ; 9.847  ; 9.847  ; 9.847  ; 9.847  ;
; A[0]       ; Y[1]        ; 12.409 ; 12.409 ; 12.409 ; 12.409 ;
; A[0]       ; Y[2]        ; 10.368 ; 10.368 ; 10.368 ; 10.368 ;
; A[0]       ; Y[3]        ; 10.475 ; 10.475 ; 10.475 ; 10.475 ;
; A[0]       ; Y[4]        ; 10.180 ; 10.180 ; 10.180 ; 10.180 ;
; A[0]       ; Y[5]        ; 9.499  ; 9.499  ; 9.499  ; 9.499  ;
; A[0]       ; Y[6]        ; 9.605  ; 9.605  ; 9.605  ; 9.605  ;
; A[0]       ; Y[7]        ; 9.217  ; 9.217  ; 9.217  ; 9.217  ;
; A[0]       ; neg         ;        ; 8.227  ; 8.227  ;        ;
; A[0]       ; ovr         ; 11.044 ;        ;        ; 11.044 ;
; A[0]       ; zero        ; 9.473  ; 10.059 ; 10.059 ; 9.473  ;
; A[1]       ; Y[0]        ; 14.000 ; 14.000 ; 14.000 ; 14.000 ;
; A[1]       ; Y[1]        ; 16.203 ; 16.203 ; 16.203 ; 16.203 ;
; A[1]       ; Y[2]        ; 14.482 ; 14.482 ; 14.482 ; 14.482 ;
; A[1]       ; Y[3]        ; 14.589 ; 14.589 ; 14.589 ; 14.589 ;
; A[1]       ; Y[4]        ; 14.294 ; 14.294 ; 14.294 ; 14.294 ;
; A[1]       ; Y[5]        ; 13.613 ; 13.613 ; 13.613 ; 13.613 ;
; A[1]       ; Y[6]        ; 13.719 ; 13.719 ; 13.719 ; 13.719 ;
; A[1]       ; Y[7]        ; 13.331 ; 13.331 ; 13.331 ; 13.331 ;
; A[1]       ; neg         ;        ; 12.421 ; 12.421 ;        ;
; A[1]       ; ovr         ; 15.158 ;        ;        ; 15.158 ;
; A[1]       ; zero        ; 13.587 ; 14.173 ; 14.173 ; 13.587 ;
; A[2]       ; Y[0]        ; 13.170 ; 13.170 ; 13.170 ; 13.170 ;
; A[2]       ; Y[1]        ; 14.714 ; 14.714 ; 14.714 ; 14.714 ;
; A[2]       ; Y[2]        ; 13.099 ; 13.099 ; 13.099 ; 13.099 ;
; A[2]       ; Y[3]        ; 13.521 ; 13.521 ; 13.521 ; 13.521 ;
; A[2]       ; Y[4]        ; 13.226 ; 13.226 ; 13.226 ; 13.226 ;
; A[2]       ; Y[5]        ; 12.545 ; 12.545 ; 12.545 ; 12.545 ;
; A[2]       ; Y[6]        ; 12.651 ; 12.651 ; 12.651 ; 12.651 ;
; A[2]       ; Y[7]        ; 12.283 ; 12.283 ; 12.283 ; 12.283 ;
; A[2]       ; neg         ;        ; 11.591 ; 11.591 ;        ;
; A[2]       ; ovr         ; 14.090 ;        ;        ; 14.090 ;
; A[2]       ; zero        ; 12.519 ; 13.105 ; 13.105 ; 12.519 ;
; A[3]       ; Y[0]        ; 12.856 ; 12.856 ; 12.856 ; 12.856 ;
; A[3]       ; Y[1]        ; 14.400 ; 14.400 ; 14.400 ; 14.400 ;
; A[3]       ; Y[2]        ; 12.596 ; 12.596 ; 12.596 ; 12.596 ;
; A[3]       ; Y[3]        ; 13.137 ; 13.137 ; 13.137 ; 13.137 ;
; A[3]       ; Y[4]        ; 13.157 ; 13.157 ; 13.157 ; 13.157 ;
; A[3]       ; Y[5]        ; 12.476 ; 12.476 ; 12.476 ; 12.476 ;
; A[3]       ; Y[6]        ; 12.582 ; 12.582 ; 12.582 ; 12.582 ;
; A[3]       ; Y[7]        ; 12.194 ; 12.194 ; 12.194 ; 12.194 ;
; A[3]       ; neg         ;        ; 11.277 ; 11.277 ;        ;
; A[3]       ; ovr         ; 14.021 ;        ;        ; 14.021 ;
; A[3]       ; zero        ; 12.450 ; 13.036 ; 13.036 ; 12.450 ;
; A[4]       ; Y[0]        ; 12.795 ; 12.795 ; 12.795 ; 12.795 ;
; A[4]       ; Y[1]        ; 14.339 ; 14.339 ; 14.339 ; 14.339 ;
; A[4]       ; Y[2]        ; 12.535 ; 12.535 ; 12.535 ; 12.535 ;
; A[4]       ; Y[3]        ; 12.783 ; 12.783 ; 12.783 ; 12.783 ;
; A[4]       ; Y[4]        ; 12.995 ; 12.995 ; 12.995 ; 12.995 ;
; A[4]       ; Y[5]        ; 12.629 ; 12.629 ; 12.629 ; 12.629 ;
; A[4]       ; Y[6]        ; 12.735 ; 12.735 ; 12.735 ; 12.735 ;
; A[4]       ; Y[7]        ; 12.347 ; 12.347 ; 12.347 ; 12.347 ;
; A[4]       ; neg         ;        ; 11.216 ; 11.216 ;        ;
; A[4]       ; ovr         ; 14.174 ;        ;        ; 14.174 ;
; A[4]       ; zero        ; 12.528 ; 13.189 ; 13.189 ; 12.528 ;
; A[5]       ; Y[0]        ; 13.313 ; 13.313 ; 13.313 ; 13.313 ;
; A[5]       ; Y[1]        ; 14.857 ; 14.857 ; 14.857 ; 14.857 ;
; A[5]       ; Y[2]        ; 13.053 ; 13.053 ; 13.053 ; 13.053 ;
; A[5]       ; Y[3]        ; 13.301 ; 13.301 ; 13.301 ; 13.301 ;
; A[5]       ; Y[4]        ; 12.544 ; 12.544 ; 12.544 ; 12.544 ;
; A[5]       ; Y[5]        ; 12.759 ; 12.759 ; 12.759 ; 12.759 ;
; A[5]       ; Y[6]        ; 13.180 ; 13.180 ; 13.180 ; 13.180 ;
; A[5]       ; Y[7]        ; 12.792 ; 12.792 ; 12.792 ; 12.792 ;
; A[5]       ; neg         ;        ; 11.734 ; 11.734 ;        ;
; A[5]       ; ovr         ; 14.619 ;        ;        ; 14.619 ;
; A[5]       ; zero        ; 12.951 ; 13.634 ; 13.634 ; 12.951 ;
; A[6]       ; Y[0]        ; 12.747 ; 12.747 ; 12.747 ; 12.747 ;
; A[6]       ; Y[1]        ; 14.291 ; 14.291 ; 14.291 ; 14.291 ;
; A[6]       ; Y[2]        ; 12.487 ; 12.487 ; 12.487 ; 12.487 ;
; A[6]       ; Y[3]        ; 12.735 ; 12.735 ; 12.735 ; 12.735 ;
; A[6]       ; Y[4]        ; 11.978 ; 11.978 ; 11.978 ; 11.978 ;
; A[6]       ; Y[5]        ; 11.792 ; 11.792 ; 11.792 ; 11.792 ;
; A[6]       ; Y[6]        ; 12.522 ; 12.522 ; 12.522 ; 12.522 ;
; A[6]       ; Y[7]        ; 12.446 ; 12.446 ; 12.446 ; 12.446 ;
; A[6]       ; neg         ;        ; 11.168 ; 11.168 ;        ;
; A[6]       ; ovr         ; 14.273 ;        ;        ; 14.273 ;
; A[6]       ; zero        ; 12.532 ; 13.288 ; 13.288 ; 12.532 ;
; A[7]       ; Y[0]        ; 12.924 ; 12.924 ; 12.924 ; 12.924 ;
; A[7]       ; Y[1]        ; 14.468 ; 14.468 ; 14.468 ; 14.468 ;
; A[7]       ; Y[2]        ; 12.664 ; 12.664 ; 12.664 ; 12.664 ;
; A[7]       ; Y[3]        ; 12.912 ; 12.912 ; 12.912 ; 12.912 ;
; A[7]       ; Y[4]        ; 12.155 ; 12.155 ; 12.155 ; 12.155 ;
; A[7]       ; Y[5]        ; 11.969 ; 11.969 ; 11.969 ; 11.969 ;
; A[7]       ; Y[6]        ; 12.005 ; 12.005 ; 12.005 ; 12.005 ;
; A[7]       ; Y[7]        ; 12.061 ; 12.061 ; 12.061 ; 12.061 ;
; A[7]       ; neg         ;        ; 10.778 ; 10.778 ;        ;
; A[7]       ; ovr         ; 14.203 ;        ;        ; 14.203 ;
; A[7]       ; zero        ; 12.147 ; 13.218 ; 13.218 ; 12.147 ;
; B[0]       ; Y[0]        ; 10.060 ; 10.060 ; 10.060 ; 10.060 ;
; B[0]       ; Y[1]        ; 12.393 ; 12.393 ; 12.393 ; 12.393 ;
; B[0]       ; Y[2]        ; 10.352 ; 10.352 ; 10.352 ; 10.352 ;
; B[0]       ; Y[3]        ; 10.459 ; 10.459 ; 10.459 ; 10.459 ;
; B[0]       ; Y[4]        ; 10.164 ; 10.164 ; 10.164 ; 10.164 ;
; B[0]       ; Y[5]        ; 9.483  ; 9.483  ; 9.483  ; 9.483  ;
; B[0]       ; Y[6]        ; 9.589  ; 9.589  ; 9.589  ; 9.589  ;
; B[0]       ; Y[7]        ; 9.201  ; 9.201  ; 9.201  ; 9.201  ;
; B[0]       ; neg         ; 8.481  ;        ;        ; 8.481  ;
; B[0]       ; ovr         ; 11.028 ;        ;        ; 11.028 ;
; B[0]       ; zero        ; 9.457  ; 10.043 ; 10.043 ; 9.457  ;
; B[1]       ; Y[0]        ; 14.161 ; 14.161 ; 14.161 ; 14.161 ;
; B[1]       ; Y[1]        ; 16.445 ; 16.445 ; 16.445 ; 16.445 ;
; B[1]       ; Y[2]        ; 14.721 ; 14.721 ; 14.721 ; 14.721 ;
; B[1]       ; Y[3]        ; 14.828 ; 14.828 ; 14.828 ; 14.828 ;
; B[1]       ; Y[4]        ; 14.533 ; 14.533 ; 14.533 ; 14.533 ;
; B[1]       ; Y[5]        ; 13.852 ; 13.852 ; 13.852 ; 13.852 ;
; B[1]       ; Y[6]        ; 13.958 ; 13.958 ; 13.958 ; 13.958 ;
; B[1]       ; Y[7]        ; 13.570 ; 13.570 ; 13.570 ; 13.570 ;
; B[1]       ; neg         ; 12.582 ;        ;        ; 12.582 ;
; B[1]       ; ovr         ; 15.397 ;        ;        ; 15.397 ;
; B[1]       ; zero        ; 13.826 ; 14.412 ; 14.412 ; 13.826 ;
; B[2]       ; Y[0]        ; 13.998 ; 13.998 ; 13.998 ; 13.998 ;
; B[2]       ; Y[1]        ; 15.542 ; 15.542 ; 15.542 ; 15.542 ;
; B[2]       ; Y[2]        ; 14.292 ; 14.292 ; 14.292 ; 14.292 ;
; B[2]       ; Y[3]        ; 14.711 ; 14.711 ; 14.711 ; 14.711 ;
; B[2]       ; Y[4]        ; 14.416 ; 14.416 ; 14.416 ; 14.416 ;
; B[2]       ; Y[5]        ; 13.735 ; 13.735 ; 13.735 ; 13.735 ;
; B[2]       ; Y[6]        ; 13.841 ; 13.841 ; 13.841 ; 13.841 ;
; B[2]       ; Y[7]        ; 13.453 ; 13.453 ; 13.453 ; 13.453 ;
; B[2]       ; neg         ; 12.419 ;        ;        ; 12.419 ;
; B[2]       ; ovr         ; 15.280 ;        ;        ; 15.280 ;
; B[2]       ; zero        ; 13.709 ; 14.295 ; 14.295 ; 13.709 ;
; B[3]       ; Y[0]        ; 12.897 ; 12.897 ; 12.897 ; 12.897 ;
; B[3]       ; Y[1]        ; 14.441 ; 14.441 ; 14.441 ; 14.441 ;
; B[3]       ; Y[2]        ; 12.637 ; 12.637 ; 12.637 ; 12.637 ;
; B[3]       ; Y[3]        ; 13.361 ; 13.361 ; 13.361 ; 13.361 ;
; B[3]       ; Y[4]        ; 13.382 ; 13.382 ; 13.382 ; 13.382 ;
; B[3]       ; Y[5]        ; 12.701 ; 12.701 ; 12.701 ; 12.701 ;
; B[3]       ; Y[6]        ; 12.807 ; 12.807 ; 12.807 ; 12.807 ;
; B[3]       ; Y[7]        ; 12.419 ; 12.419 ; 12.419 ; 12.419 ;
; B[3]       ; neg         ; 11.318 ;        ;        ; 11.318 ;
; B[3]       ; ovr         ; 14.246 ;        ;        ; 14.246 ;
; B[3]       ; zero        ; 12.675 ; 13.261 ; 13.261 ; 12.675 ;
; B[4]       ; Y[0]        ; 12.809 ; 12.809 ; 12.809 ; 12.809 ;
; B[4]       ; Y[1]        ; 14.353 ; 14.353 ; 14.353 ; 14.353 ;
; B[4]       ; Y[2]        ; 12.549 ; 12.549 ; 12.549 ; 12.549 ;
; B[4]       ; Y[3]        ; 12.797 ; 12.797 ; 12.797 ; 12.797 ;
; B[4]       ; Y[4]        ; 12.722 ; 12.722 ; 12.722 ; 12.722 ;
; B[4]       ; Y[5]        ; 12.353 ; 12.353 ; 12.353 ; 12.353 ;
; B[4]       ; Y[6]        ; 12.459 ; 12.459 ; 12.459 ; 12.459 ;
; B[4]       ; Y[7]        ; 12.071 ; 12.071 ; 12.071 ; 12.071 ;
; B[4]       ; neg         ; 11.230 ;        ;        ; 11.230 ;
; B[4]       ; ovr         ; 13.898 ;        ;        ; 13.898 ;
; B[4]       ; zero        ; 12.252 ; 12.913 ; 12.913 ; 12.252 ;
; B[5]       ; Y[0]        ; 13.057 ; 13.057 ; 13.057 ; 13.057 ;
; B[5]       ; Y[1]        ; 14.601 ; 14.601 ; 14.601 ; 14.601 ;
; B[5]       ; Y[2]        ; 12.797 ; 12.797 ; 12.797 ; 12.797 ;
; B[5]       ; Y[3]        ; 13.045 ; 13.045 ; 13.045 ; 13.045 ;
; B[5]       ; Y[4]        ; 12.288 ; 12.288 ; 12.288 ; 12.288 ;
; B[5]       ; Y[5]        ; 12.458 ; 12.458 ; 12.458 ; 12.458 ;
; B[5]       ; Y[6]        ; 12.880 ; 12.880 ; 12.880 ; 12.880 ;
; B[5]       ; Y[7]        ; 12.492 ; 12.492 ; 12.492 ; 12.492 ;
; B[5]       ; neg         ; 11.429 ;        ;        ; 11.429 ;
; B[5]       ; ovr         ; 14.319 ;        ;        ; 14.319 ;
; B[5]       ; zero        ; 12.651 ; 13.334 ; 13.334 ; 12.651 ;
; B[6]       ; Y[0]        ; 12.793 ; 12.793 ; 12.793 ; 12.793 ;
; B[6]       ; Y[1]        ; 14.337 ; 14.337 ; 14.337 ; 14.337 ;
; B[6]       ; Y[2]        ; 12.533 ; 12.533 ; 12.533 ; 12.533 ;
; B[6]       ; Y[3]        ; 12.781 ; 12.781 ; 12.781 ; 12.781 ;
; B[6]       ; Y[4]        ; 12.024 ; 12.024 ; 12.024 ; 12.024 ;
; B[6]       ; Y[5]        ; 11.838 ; 11.838 ; 11.838 ; 11.838 ;
; B[6]       ; Y[6]        ; 12.505 ; 12.505 ; 12.505 ; 12.505 ;
; B[6]       ; Y[7]        ; 12.432 ; 12.432 ; 12.432 ; 12.432 ;
; B[6]       ; neg         ; 11.214 ;        ;        ; 11.214 ;
; B[6]       ; ovr         ; 14.259 ;        ;        ; 14.259 ;
; B[6]       ; zero        ; 12.518 ; 13.274 ; 13.274 ; 12.518 ;
; B[7]       ; Y[0]        ; 12.687 ; 12.687 ; 12.687 ; 12.687 ;
; B[7]       ; Y[1]        ; 14.231 ; 14.231 ; 14.231 ; 14.231 ;
; B[7]       ; Y[2]        ; 12.427 ; 12.427 ; 12.427 ; 12.427 ;
; B[7]       ; Y[3]        ; 12.675 ; 12.675 ; 12.675 ; 12.675 ;
; B[7]       ; Y[4]        ; 11.918 ; 11.918 ; 11.918 ; 11.918 ;
; B[7]       ; Y[5]        ; 11.732 ; 11.732 ; 11.732 ; 11.732 ;
; B[7]       ; Y[6]        ; 11.768 ; 11.768 ; 11.768 ; 11.768 ;
; B[7]       ; Y[7]        ; 11.800 ; 11.800 ; 11.800 ; 11.800 ;
; B[7]       ; neg         ; 10.585 ;        ;        ; 10.585 ;
; B[7]       ; ovr         ; 13.642 ;        ;        ; 13.642 ;
; B[7]       ; zero        ; 11.804 ; 12.657 ; 12.657 ; 11.804 ;
; CNTL[0]    ; Y[0]        ; 13.782 ; 13.782 ; 13.782 ; 13.782 ;
; CNTL[0]    ; Y[1]        ; 14.505 ; 14.505 ; 14.505 ; 14.505 ;
; CNTL[0]    ; Y[2]        ; 12.339 ; 12.339 ; 12.339 ; 12.339 ;
; CNTL[0]    ; Y[3]        ; 12.570 ; 12.570 ; 12.570 ; 12.570 ;
; CNTL[0]    ; Y[4]        ; 12.030 ; 12.030 ; 12.030 ; 12.030 ;
; CNTL[0]    ; Y[5]        ; 12.119 ; 12.119 ; 12.119 ; 12.119 ;
; CNTL[0]    ; Y[6]        ; 12.574 ; 12.574 ; 12.574 ; 12.574 ;
; CNTL[0]    ; Y[7]        ; 11.463 ; 11.463 ; 11.463 ; 11.463 ;
; CNTL[0]    ; neg         ;        ; 9.800  ; 9.800  ;        ;
; CNTL[0]    ; ovr         ; 12.191 ;        ;        ; 12.191 ;
; CNTL[0]    ; zero        ; 12.109 ; 10.872 ; 10.872 ; 12.109 ;
; CNTL[1]    ; Y[0]        ; 14.609 ; 14.609 ; 14.609 ; 14.609 ;
; CNTL[1]    ; Y[1]        ; 15.332 ; 15.332 ; 15.332 ; 15.332 ;
; CNTL[1]    ; Y[2]        ; 13.166 ; 13.166 ; 13.166 ; 13.166 ;
; CNTL[1]    ; Y[3]        ; 13.397 ; 13.397 ; 13.397 ; 13.397 ;
; CNTL[1]    ; Y[4]        ; 12.857 ; 12.857 ; 12.857 ; 12.857 ;
; CNTL[1]    ; Y[5]        ; 12.946 ; 12.946 ; 12.946 ; 12.946 ;
; CNTL[1]    ; Y[6]        ; 13.401 ; 13.401 ; 13.401 ; 13.401 ;
; CNTL[1]    ; Y[7]        ; 12.290 ; 12.290 ; 12.290 ; 12.290 ;
; CNTL[1]    ; neg         ; 10.490 ;        ;        ; 10.490 ;
; CNTL[1]    ; ovr         ;        ; 12.966 ; 12.966 ;        ;
; CNTL[1]    ; zero        ; 13.574 ; 12.004 ; 12.004 ; 13.574 ;
; CNTL[2]    ; Y[0]        ; 14.849 ; 14.849 ; 14.849 ; 14.849 ;
; CNTL[2]    ; Y[1]        ; 15.572 ; 15.572 ; 15.572 ; 15.572 ;
; CNTL[2]    ; Y[2]        ; 13.406 ; 13.406 ; 13.406 ; 13.406 ;
; CNTL[2]    ; Y[3]        ; 13.637 ; 13.637 ; 13.637 ; 13.637 ;
; CNTL[2]    ; Y[4]        ; 13.097 ; 13.097 ; 13.097 ; 13.097 ;
; CNTL[2]    ; Y[5]        ; 13.186 ; 13.186 ; 13.186 ; 13.186 ;
; CNTL[2]    ; Y[6]        ; 13.641 ; 13.641 ; 13.641 ; 13.641 ;
; CNTL[2]    ; Y[7]        ; 12.530 ; 12.530 ; 12.530 ; 12.530 ;
; CNTL[2]    ; neg         ;        ; 10.931 ; 10.931 ;        ;
; CNTL[2]    ; ovr         ;        ; 13.287 ; 13.287 ;        ;
; CNTL[2]    ; zero        ;        ; 13.845 ; 13.845 ;        ;
+------------+-------------+--------+--------+--------+--------+


+----------------------------------------------------------+
; Minimum Progagation Delay                                ;
+------------+-------------+-------+-------+-------+-------+
; Input Port ; Output Port ; RR    ; RF    ; FR    ; FF    ;
+------------+-------------+-------+-------+-------+-------+
; A[0]       ; Y[0]        ; 3.848 ; 4.244 ; 4.244 ; 3.848 ;
; A[0]       ; Y[1]        ; 5.172 ; 5.172 ; 5.172 ; 5.172 ;
; A[0]       ; Y[2]        ; 4.253 ; 4.253 ; 4.253 ; 4.253 ;
; A[0]       ; Y[3]        ; 4.481 ; 4.481 ; 4.481 ; 4.481 ;
; A[0]       ; Y[4]        ; 4.229 ; 4.229 ; 4.229 ; 4.229 ;
; A[0]       ; Y[5]        ; 4.102 ; 4.102 ; 4.102 ; 4.102 ;
; A[0]       ; Y[6]        ; 4.202 ; 4.202 ; 4.202 ; 4.202 ;
; A[0]       ; Y[7]        ; 4.263 ; 4.263 ; 4.263 ; 4.263 ;
; A[0]       ; neg         ;       ; 4.154 ; 4.154 ;       ;
; A[0]       ; ovr         ; 5.479 ;       ;       ; 5.479 ;
; A[0]       ; zero        ; 3.990 ; 4.100 ; 4.100 ; 3.990 ;
; A[1]       ; Y[0]        ; 6.888 ; 6.888 ; 6.888 ; 6.888 ;
; A[1]       ; Y[1]        ; 7.191 ; 7.524 ; 7.524 ; 7.191 ;
; A[1]       ; Y[2]        ; 6.708 ; 6.708 ; 6.708 ; 6.708 ;
; A[1]       ; Y[3]        ; 6.855 ; 6.855 ; 6.855 ; 6.855 ;
; A[1]       ; Y[4]        ; 6.505 ; 6.505 ; 6.505 ; 6.505 ;
; A[1]       ; Y[5]        ; 6.441 ; 6.441 ; 6.441 ; 6.441 ;
; A[1]       ; Y[6]        ; 6.452 ; 6.452 ; 6.452 ; 6.452 ;
; A[1]       ; Y[7]        ; 6.473 ; 6.473 ; 6.473 ; 6.473 ;
; A[1]       ; neg         ;       ; 6.627 ; 6.627 ;       ;
; A[1]       ; ovr         ; 7.922 ;       ;       ; 7.922 ;
; A[1]       ; zero        ; 6.227 ; 6.475 ; 6.475 ; 6.227 ;
; A[2]       ; Y[0]        ; 6.721 ; 6.721 ; 6.721 ; 6.721 ;
; A[2]       ; Y[1]        ; 7.445 ; 7.445 ; 7.445 ; 7.445 ;
; A[2]       ; Y[2]        ; 6.068 ; 6.160 ; 6.160 ; 6.068 ;
; A[2]       ; Y[3]        ; 6.493 ; 6.493 ; 6.493 ; 6.493 ;
; A[2]       ; Y[4]        ; 6.241 ; 6.241 ; 6.241 ; 6.241 ;
; A[2]       ; Y[5]        ; 6.114 ; 6.114 ; 6.114 ; 6.114 ;
; A[2]       ; Y[6]        ; 6.214 ; 6.214 ; 6.214 ; 6.214 ;
; A[2]       ; Y[7]        ; 6.275 ; 6.275 ; 6.275 ; 6.275 ;
; A[2]       ; neg         ;       ; 6.270 ; 6.270 ;       ;
; A[2]       ; ovr         ; 7.436 ;       ;       ; 7.436 ;
; A[2]       ; zero        ; 6.102 ; 6.230 ; 6.230 ; 6.102 ;
; A[3]       ; Y[0]        ; 6.478 ; 6.478 ; 6.478 ; 6.478 ;
; A[3]       ; Y[1]        ; 7.202 ; 7.202 ; 7.202 ; 7.202 ;
; A[3]       ; Y[2]        ; 6.350 ; 6.350 ; 6.350 ; 6.350 ;
; A[3]       ; Y[3]        ; 6.098 ; 6.219 ; 6.219 ; 6.098 ;
; A[3]       ; Y[4]        ; 6.070 ; 6.070 ; 6.070 ; 6.070 ;
; A[3]       ; Y[5]        ; 5.943 ; 5.943 ; 5.943 ; 5.943 ;
; A[3]       ; Y[6]        ; 6.042 ; 6.042 ; 6.042 ; 6.042 ;
; A[3]       ; Y[7]        ; 6.063 ; 6.063 ; 6.063 ; 6.063 ;
; A[3]       ; neg         ;       ; 6.116 ; 6.116 ;       ;
; A[3]       ; ovr         ; 7.396 ;       ;       ; 7.396 ;
; A[3]       ; zero        ; 5.869 ; 6.065 ; 6.065 ; 5.869 ;
; A[4]       ; Y[0]        ; 6.561 ; 6.561 ; 6.561 ; 6.561 ;
; A[4]       ; Y[1]        ; 7.285 ; 7.285 ; 7.285 ; 7.285 ;
; A[4]       ; Y[2]        ; 6.433 ; 6.433 ; 6.433 ; 6.433 ;
; A[4]       ; Y[3]        ; 6.528 ; 6.528 ; 6.528 ; 6.528 ;
; A[4]       ; Y[4]        ; 5.561 ; 5.941 ; 5.941 ; 5.561 ;
; A[4]       ; Y[5]        ; 5.917 ; 5.917 ; 5.917 ; 5.917 ;
; A[4]       ; Y[6]        ; 6.017 ; 6.017 ; 6.017 ; 6.017 ;
; A[4]       ; Y[7]        ; 6.078 ; 6.078 ; 6.078 ; 6.078 ;
; A[4]       ; neg         ;       ; 6.090 ; 6.090 ;       ;
; A[4]       ; ovr         ; 7.462 ;       ;       ; 7.462 ;
; A[4]       ; zero        ; 6.060 ; 6.148 ; 6.148 ; 6.060 ;
; A[5]       ; Y[0]        ; 6.741 ; 6.741 ; 6.741 ; 6.741 ;
; A[5]       ; Y[1]        ; 7.465 ; 7.465 ; 7.465 ; 7.465 ;
; A[5]       ; Y[2]        ; 6.613 ; 6.613 ; 6.613 ; 6.613 ;
; A[5]       ; Y[3]        ; 6.708 ; 6.708 ; 6.708 ; 6.708 ;
; A[5]       ; Y[4]        ; 6.358 ; 6.358 ; 6.358 ; 6.358 ;
; A[5]       ; Y[5]        ; 5.916 ; 5.921 ; 5.921 ; 5.916 ;
; A[5]       ; Y[6]        ; 6.126 ; 6.126 ; 6.126 ; 6.126 ;
; A[5]       ; Y[7]        ; 6.187 ; 6.187 ; 6.187 ; 6.187 ;
; A[5]       ; neg         ;       ; 6.308 ; 6.308 ;       ;
; A[5]       ; ovr         ; 7.664 ;       ;       ; 7.664 ;
; A[5]       ; zero        ; 6.142 ; 6.328 ; 6.328 ; 6.142 ;
; A[6]       ; Y[0]        ; 6.716 ; 6.716 ; 6.716 ; 6.716 ;
; A[6]       ; Y[1]        ; 7.440 ; 7.440 ; 7.440 ; 7.440 ;
; A[6]       ; Y[2]        ; 6.588 ; 6.588 ; 6.588 ; 6.588 ;
; A[6]       ; Y[3]        ; 6.683 ; 6.683 ; 6.683 ; 6.683 ;
; A[6]       ; Y[4]        ; 6.333 ; 6.333 ; 6.333 ; 6.333 ;
; A[6]       ; Y[5]        ; 6.269 ; 6.269 ; 6.269 ; 6.269 ;
; A[6]       ; Y[6]        ; 5.574 ; 5.955 ; 5.955 ; 5.574 ;
; A[6]       ; Y[7]        ; 6.121 ; 6.121 ; 6.121 ; 6.121 ;
; A[6]       ; neg         ;       ; 6.030 ; 6.030 ;       ;
; A[6]       ; ovr         ; 7.493 ;       ;       ; 7.493 ;
; A[6]       ; zero        ; 6.170 ; 5.735 ; 5.735 ; 6.170 ;
; A[7]       ; Y[0]        ; 6.600 ; 6.600 ; 6.600 ; 6.600 ;
; A[7]       ; Y[1]        ; 7.324 ; 7.324 ; 7.324 ; 7.324 ;
; A[7]       ; Y[2]        ; 6.472 ; 6.472 ; 6.472 ; 6.472 ;
; A[7]       ; Y[3]        ; 6.567 ; 6.567 ; 6.567 ; 6.567 ;
; A[7]       ; Y[4]        ; 6.217 ; 6.217 ; 6.217 ; 6.217 ;
; A[7]       ; Y[5]        ; 6.153 ; 6.153 ; 6.153 ; 6.153 ;
; A[7]       ; Y[6]        ; 6.164 ; 6.164 ; 6.164 ; 6.164 ;
; A[7]       ; Y[7]        ; 5.985 ; 5.985 ; 5.985 ; 5.985 ;
; A[7]       ; neg         ;       ; 5.905 ; 5.905 ;       ;
; A[7]       ; ovr         ; 7.470 ;       ;       ; 7.470 ;
; A[7]       ; zero        ; 6.052 ; 6.189 ; 6.189 ; 6.052 ;
; B[0]       ; Y[0]        ; 3.969 ; 4.197 ; 4.197 ; 3.969 ;
; B[0]       ; Y[1]        ; 5.120 ; 5.120 ; 5.120 ; 5.120 ;
; B[0]       ; Y[2]        ; 4.201 ; 4.201 ; 4.201 ; 4.201 ;
; B[0]       ; Y[3]        ; 4.429 ; 4.429 ; 4.429 ; 4.429 ;
; B[0]       ; Y[4]        ; 4.177 ; 4.177 ; 4.177 ; 4.177 ;
; B[0]       ; Y[5]        ; 4.050 ; 4.050 ; 4.050 ; 4.050 ;
; B[0]       ; Y[6]        ; 4.150 ; 4.150 ; 4.150 ; 4.150 ;
; B[0]       ; Y[7]        ; 4.211 ; 4.211 ; 4.211 ; 4.211 ;
; B[0]       ; neg         ; 4.274 ;       ;       ; 4.274 ;
; B[0]       ; ovr         ; 5.479 ;       ;       ; 5.479 ;
; B[0]       ; zero        ; 4.136 ; 4.136 ; 4.136 ; 4.136 ;
; B[1]       ; Y[0]        ; 7.317 ; 7.317 ; 7.317 ; 7.317 ;
; B[1]       ; Y[1]        ; 7.539 ; 7.702 ; 7.702 ; 7.539 ;
; B[1]       ; Y[2]        ; 6.888 ; 6.888 ; 6.888 ; 6.888 ;
; B[1]       ; Y[3]        ; 7.116 ; 7.116 ; 7.116 ; 7.116 ;
; B[1]       ; Y[4]        ; 6.864 ; 6.864 ; 6.864 ; 6.864 ;
; B[1]       ; Y[5]        ; 6.737 ; 6.737 ; 6.737 ; 6.737 ;
; B[1]       ; Y[6]        ; 6.837 ; 6.837 ; 6.837 ; 6.837 ;
; B[1]       ; Y[7]        ; 6.898 ; 6.898 ; 6.898 ; 6.898 ;
; B[1]       ; neg         ; 6.834 ;       ;       ; 6.834 ;
; B[1]       ; ovr         ; 8.147 ;       ;       ; 8.147 ;
; B[1]       ; zero        ; 6.904 ; 6.904 ; 6.904 ; 6.904 ;
; B[2]       ; Y[0]        ; 7.230 ; 7.230 ; 7.230 ; 7.230 ;
; B[2]       ; Y[1]        ; 7.954 ; 7.954 ; 7.954 ; 7.954 ;
; B[2]       ; Y[2]        ; 6.625 ; 6.661 ; 6.661 ; 6.625 ;
; B[2]       ; Y[3]        ; 6.992 ; 6.992 ; 6.992 ; 6.992 ;
; B[2]       ; Y[4]        ; 6.740 ; 6.740 ; 6.740 ; 6.740 ;
; B[2]       ; Y[5]        ; 6.613 ; 6.613 ; 6.613 ; 6.613 ;
; B[2]       ; Y[6]        ; 6.713 ; 6.713 ; 6.713 ; 6.713 ;
; B[2]       ; Y[7]        ; 6.774 ; 6.774 ; 6.774 ; 6.774 ;
; B[2]       ; neg         ; 6.769 ;       ;       ; 6.769 ;
; B[2]       ; ovr         ; 8.091 ;       ;       ; 8.091 ;
; B[2]       ; zero        ; 6.817 ; 6.787 ; 6.787 ; 6.817 ;
; B[3]       ; Y[0]        ; 6.548 ; 6.548 ; 6.548 ; 6.548 ;
; B[3]       ; Y[1]        ; 7.272 ; 7.272 ; 7.272 ; 7.272 ;
; B[3]       ; Y[2]        ; 6.420 ; 6.420 ; 6.420 ; 6.420 ;
; B[3]       ; Y[3]        ; 5.990 ; 6.247 ; 6.247 ; 5.990 ;
; B[3]       ; Y[4]        ; 6.100 ; 6.100 ; 6.100 ; 6.100 ;
; B[3]       ; Y[5]        ; 5.973 ; 5.973 ; 5.973 ; 5.973 ;
; B[3]       ; Y[6]        ; 6.073 ; 6.073 ; 6.073 ; 6.073 ;
; B[3]       ; Y[7]        ; 6.133 ; 6.133 ; 6.133 ; 6.133 ;
; B[3]       ; neg         ; 6.140 ;       ;       ; 6.140 ;
; B[3]       ; ovr         ; 7.525 ;       ;       ; 7.525 ;
; B[3]       ; zero        ; 6.135 ; 6.113 ; 6.113 ; 6.135 ;
; B[4]       ; Y[0]        ; 6.677 ; 6.677 ; 6.677 ; 6.677 ;
; B[4]       ; Y[1]        ; 7.401 ; 7.401 ; 7.401 ; 7.401 ;
; B[4]       ; Y[2]        ; 6.549 ; 6.549 ; 6.549 ; 6.549 ;
; B[4]       ; Y[3]        ; 6.644 ; 6.644 ; 6.644 ; 6.644 ;
; B[4]       ; Y[4]        ; 5.683 ; 5.936 ; 5.936 ; 5.683 ;
; B[4]       ; Y[5]        ; 5.914 ; 5.914 ; 5.914 ; 5.914 ;
; B[4]       ; Y[6]        ; 6.014 ; 6.014 ; 6.014 ; 6.014 ;
; B[4]       ; Y[7]        ; 6.075 ; 6.075 ; 6.075 ; 6.075 ;
; B[4]       ; neg         ; 6.089 ;       ;       ; 6.089 ;
; B[4]       ; ovr         ; 7.334 ;       ;       ; 7.334 ;
; B[4]       ; zero        ; 6.264 ; 6.264 ; 6.264 ; 6.264 ;
; B[5]       ; Y[0]        ; 6.883 ; 6.883 ; 6.883 ; 6.883 ;
; B[5]       ; Y[1]        ; 7.607 ; 7.607 ; 7.607 ; 7.607 ;
; B[5]       ; Y[2]        ; 6.755 ; 6.755 ; 6.755 ; 6.755 ;
; B[5]       ; Y[3]        ; 6.850 ; 6.850 ; 6.850 ; 6.850 ;
; B[5]       ; Y[4]        ; 6.500 ; 6.500 ; 6.500 ; 6.500 ;
; B[5]       ; Y[5]        ; 5.926 ; 6.033 ; 6.033 ; 5.926 ;
; B[5]       ; Y[6]        ; 6.236 ; 6.236 ; 6.236 ; 6.236 ;
; B[5]       ; Y[7]        ; 6.297 ; 6.297 ; 6.297 ; 6.297 ;
; B[5]       ; neg         ; 6.188 ;       ;       ; 6.188 ;
; B[5]       ; ovr         ; 7.534 ;       ;       ; 7.534 ;
; B[5]       ; zero        ; 6.517 ; 6.479 ; 6.479 ; 6.517 ;
; B[6]       ; Y[0]        ; 6.747 ; 6.747 ; 6.747 ; 6.747 ;
; B[6]       ; Y[1]        ; 7.471 ; 7.471 ; 7.471 ; 7.471 ;
; B[6]       ; Y[2]        ; 6.619 ; 6.619 ; 6.619 ; 6.619 ;
; B[6]       ; Y[3]        ; 6.714 ; 6.714 ; 6.714 ; 6.714 ;
; B[6]       ; Y[4]        ; 6.364 ; 6.364 ; 6.364 ; 6.364 ;
; B[6]       ; Y[5]        ; 6.300 ; 6.300 ; 6.300 ; 6.300 ;
; B[6]       ; Y[6]        ; 5.899 ; 5.937 ; 5.937 ; 5.899 ;
; B[6]       ; Y[7]        ; 6.101 ; 6.101 ; 6.101 ; 6.101 ;
; B[6]       ; neg         ; 6.052 ;       ;       ; 6.052 ;
; B[6]       ; ovr         ; 7.475 ;       ;       ; 7.475 ;
; B[6]       ; zero        ; 6.346 ; 6.060 ; 6.060 ; 6.346 ;
; B[7]       ; Y[0]        ; 6.511 ; 6.511 ; 6.511 ; 6.511 ;
; B[7]       ; Y[1]        ; 7.235 ; 7.235 ; 7.235 ; 7.235 ;
; B[7]       ; Y[2]        ; 6.383 ; 6.383 ; 6.383 ; 6.383 ;
; B[7]       ; Y[3]        ; 6.478 ; 6.478 ; 6.478 ; 6.478 ;
; B[7]       ; Y[4]        ; 6.128 ; 6.128 ; 6.128 ; 6.128 ;
; B[7]       ; Y[5]        ; 6.064 ; 6.064 ; 6.064 ; 6.064 ;
; B[7]       ; Y[6]        ; 6.075 ; 6.075 ; 6.075 ; 6.075 ;
; B[7]       ; Y[7]        ; 5.862 ; 5.862 ; 5.862 ; 5.862 ;
; B[7]       ; neg         ; 5.816 ;       ;       ; 5.816 ;
; B[7]       ; ovr         ; 7.201 ;       ;       ; 7.201 ;
; B[7]       ; zero        ; 6.194 ; 6.097 ; 6.097 ; 6.194 ;
; CNTL[0]    ; Y[0]        ; 6.530 ; 6.530 ; 6.530 ; 6.530 ;
; CNTL[0]    ; Y[1]        ; 7.125 ; 7.125 ; 7.125 ; 7.125 ;
; CNTL[0]    ; Y[2]        ; 6.396 ; 6.396 ; 6.396 ; 6.396 ;
; CNTL[0]    ; Y[3]        ; 6.483 ; 6.483 ; 6.483 ; 6.483 ;
; CNTL[0]    ; Y[4]        ; 6.132 ; 6.132 ; 6.132 ; 6.132 ;
; CNTL[0]    ; Y[5]        ; 6.001 ; 6.001 ; 6.001 ; 6.001 ;
; CNTL[0]    ; Y[6]        ; 6.081 ; 6.081 ; 6.081 ; 6.081 ;
; CNTL[0]    ; Y[7]        ; 6.001 ; 6.001 ; 6.001 ; 6.001 ;
; CNTL[0]    ; neg         ;       ; 5.466 ; 5.466 ;       ;
; CNTL[0]    ; ovr         ; 6.606 ;       ;       ; 6.606 ;
; CNTL[0]    ; zero        ; 6.296 ; 5.912 ; 5.912 ; 6.296 ;
; CNTL[1]    ; Y[0]        ; 6.873 ; 6.873 ; 6.873 ; 6.873 ;
; CNTL[1]    ; Y[1]        ; 7.597 ; 7.597 ; 7.597 ; 7.597 ;
; CNTL[1]    ; Y[2]        ; 6.745 ; 6.745 ; 6.745 ; 6.745 ;
; CNTL[1]    ; Y[3]        ; 6.840 ; 6.840 ; 6.840 ; 6.840 ;
; CNTL[1]    ; Y[4]        ; 6.490 ; 6.490 ; 6.490 ; 6.490 ;
; CNTL[1]    ; Y[5]        ; 6.426 ; 6.426 ; 6.426 ; 6.426 ;
; CNTL[1]    ; Y[6]        ; 6.437 ; 6.437 ; 6.437 ; 6.437 ;
; CNTL[1]    ; Y[7]        ; 6.302 ; 6.302 ; 6.302 ; 6.302 ;
; CNTL[1]    ; neg         ; 5.796 ;       ;       ; 5.796 ;
; CNTL[1]    ; ovr         ;       ; 7.017 ; 7.017 ;       ;
; CNTL[1]    ; zero        ; 6.463 ; 6.254 ; 6.254 ; 6.463 ;
; CNTL[2]    ; Y[0]        ; 7.074 ; 7.074 ; 7.074 ; 7.074 ;
; CNTL[2]    ; Y[1]        ; 7.798 ; 7.798 ; 7.798 ; 7.798 ;
; CNTL[2]    ; Y[2]        ; 6.946 ; 6.946 ; 6.946 ; 6.946 ;
; CNTL[2]    ; Y[3]        ; 7.041 ; 7.041 ; 7.041 ; 7.041 ;
; CNTL[2]    ; Y[4]        ; 6.691 ; 6.691 ; 6.691 ; 6.691 ;
; CNTL[2]    ; Y[5]        ; 6.627 ; 6.627 ; 6.627 ; 6.627 ;
; CNTL[2]    ; Y[6]        ; 6.638 ; 6.638 ; 6.638 ; 6.638 ;
; CNTL[2]    ; Y[7]        ; 6.659 ; 6.659 ; 6.659 ; 6.659 ;
; CNTL[2]    ; neg         ;       ; 6.101 ; 6.101 ;       ;
; CNTL[2]    ; ovr         ;       ; 7.220 ; 7.220 ;       ;
; CNTL[2]    ; zero        ;       ; 6.306 ; 6.306 ;       ;
+------------+-------------+-------+-------+-------+-------+


-------------------
; Clock Transfers ;
-------------------
Nothing to report.


---------------
; Report TCCS ;
---------------
No dedicated SERDES Transmitter circuitry present in device or used in design


---------------
; Report RSKM ;
---------------
No dedicated SERDES Receiver circuitry present in device or used in design


+------------------------------------------------+
; Unconstrained Paths                            ;
+---------------------------------+-------+------+
; Property                        ; Setup ; Hold ;
+---------------------------------+-------+------+
; Illegal Clocks                  ; 0     ; 0    ;
; Unconstrained Clocks            ; 0     ; 0    ;
; Unconstrained Input Ports       ; 19    ; 19   ;
; Unconstrained Input Port Paths  ; 209   ; 209  ;
; Unconstrained Output Ports      ; 11    ; 11   ;
; Unconstrained Output Port Paths ; 209   ; 209  ;
+---------------------------------+-------+------+


+------------------------------------+
; TimeQuest Timing Analyzer Messages ;
+------------------------------------+
Info: *******************************************************************
Info: Running Quartus II 32-bit TimeQuest Timing Analyzer
    Info: Version 12.0 Build 178 05/31/2012 SJ Web Edition
    Info: Processing started: Fri Sep 28 08:53:24 2012
Info: Command: quartus_sta ALU -c ALU
Info: qsta_default_script.tcl version: #4
Warning (20028): Parallel compilation is not licensed and has been disabled
Info (21077): Low junction temperature is 0 degrees C
Info (21077): High junction temperature is 85 degrees C
Critical Warning (332012): Synopsys Design Constraints File file not found: 'ALU.sdc'. A Synopsys Design Constraints File is required by the TimeQuest Timing Analyzer to get proper timing constraints. Without it, the Compiler will not properly optimize the design.
Info (332142): No user constrained base clocks found in the design. Calling "derive_clocks -period 1.0"
Info (332096): The command derive_clocks did not find any clocks to derive.  No clocks were created or changed.
Warning (332068): No clocks defined in design.
Info: Found TIMEQUEST_REPORT_SCRIPT_INCLUDE_DEFAULT_ANALYSIS = ON
Info (332159): No clocks to report
Info: Analyzing Slow Model
Info (332140): No fmax paths to report
Info (332140): No Setup paths to report
Info (332140): No Hold paths to report
Info (332140): No Recovery paths to report
Info (332140): No Removal paths to report
Info (332140): No Minimum Pulse Width paths to report
Info (332001): The selected device family is not supported by the report_metastability command.
Info: Analyzing Fast Model
Info (332142): No user constrained base clocks found in the design. Calling "derive_clocks -period 1.0"
Info (332096): The command derive_clocks did not find any clocks to derive.  No clocks were created or changed.
Warning (332068): No clocks defined in design.
Info (332140): No Setup paths to report
Info (332140): No Hold paths to report
Info (332140): No Recovery paths to report
Info (332140): No Removal paths to report
Info (332140): No Minimum Pulse Width paths to report
Info (332001): The selected device family is not supported by the report_metastability command.
Info (332102): Design is not fully constrained for setup requirements
Info (332102): Design is not fully constrained for hold requirements
Info: Quartus II 32-bit TimeQuest Timing Analyzer was successful. 0 errors, 4 warnings
    Info: Peak virtual memory: 288 megabytes
    Info: Processing ended: Fri Sep 28 08:53:26 2012
    Info: Elapsed time: 00:00:02
    Info: Total CPU time (on all processors): 00:00:01


