Flow report for ALU
Fri Sep 28 08:53:34 2012
Quartus II 32-bit Version 12.0 Build 178 05/31/2012 SJ Web Edition


---------------------
; Table of Contents ;
---------------------
  1. Legal Notice
  2. Flow Summary
  3. Flow Settings
  4. Flow Non-Default Global Settings
  5. Flow Elapsed Time
  6. Flow OS Summary
  7. Flow Log



----------------
; Legal Notice ;
----------------
Copyright (C) 1991-2012 Altera Corporation
Your use of Altera Corporation's design tools, logic functions 
and other software and tools, and its AMPP partner logic 
functions, and any output files from any of the foregoing 
(including device programming or simulation files), and any 
associated documentation or information are expressly subject 
to the terms and conditions of the Altera Program License 
Subscription Agreement, Altera MegaCore Function License 
Agreement, or other applicable license agreement, including, 
without limitation, that your use is for the sole purpose of 
programming logic devices manufactured by Altera and sold by 
Altera or its authorized distributors.  Please refer to the 
applicable agreement for further details.



+-------------------------------------------------------------------------------+
; Flow Summary                                                                  ;
+------------------------------------+------------------------------------------+
; Flow Status                        ; Successful - Fri Sep 28 08:53:34 2012    ;
; Quartus II 32-bit Version          ; 12.0 Build 178 05/31/2012 SJ Web Edition ;
; Revision Name                      ; ALU                                      ;
; Top-level Entity Name              ; ALU                                      ;
; Family                             ; Cyclone II                               ;
; Device                             ; EP2C35F672C6                             ;
; Timing Models                      ; Final                                    ;
; Total logic elements               ; 80 / 33,216 ( < 1 % )                    ;
;     Total combinational functions  ; 80 / 33,216 ( < 1 % )                    ;
;     Dedicated logic registers      ; 0 / 33,216 ( 0 % )                       ;
; Total registers                    ; 0                                        ;
; Total pins                         ; 30 / 475 ( 6 % )                         ;
; Total virtual pins                 ; 0                                        ;
; Total memory bits                  ; 0 / 483,840 ( 0 % )                      ;
; Embedded Multiplier 9-bit elements ; 0 / 70 ( 0 % )                           ;
; Total PLLs                         ; 0 / 4 ( 0 % )                            ;
+------------------------------------+------------------------------------------+


+-----------------------------------------+
; Flow Settings                           ;
+-------------------+---------------------+
; Option            ; Setting             ;
+-------------------+---------------------+
; Start date & time ; 09/28/2012 08:53:06 ;
; Main task         ; Compilation         ;
; Revision Name     ; ALU                 ;
+-------------------+---------------------+


+-------------------------------------------------------------------------------------------------------------------+
; Flow Non-Default Global Settings                                                                                  ;
+-------------------------------------+------------------------------+---------------+-------------+----------------+
; Assignment Name                     ; Value                        ; Default Value ; Entity Name ; Section Id     ;
+-------------------------------------+------------------------------+---------------+-------------+----------------+
; COMPILER_SIGNATURE_ID               ; 167775284316.134883678606368 ; --            ; --          ; --             ;
; EDA_OUTPUT_DATA_FORMAT              ; Vhdl                         ; --            ; --          ; eda_simulation ;
; EDA_SIMULATION_TOOL                 ; ModelSim-Altera (VHDL)       ; <None>        ; --          ; --             ;
; MAX_CORE_JUNCTION_TEMP              ; 85                           ; --            ; --          ; --             ;
; MIN_CORE_JUNCTION_TEMP              ; 0                            ; --            ; --          ; --             ;
; PARTITION_COLOR                     ; 16764057                     ; --            ; --          ; Top            ;
; PARTITION_FITTER_PRESERVATION_LEVEL ; PLACEMENT_AND_ROUTING        ; --            ; --          ; Top            ;
; PARTITION_NETLIST_TYPE              ; SOURCE                       ; --            ; --          ; Top            ;
+-------------------------------------+------------------------------+---------------+-------------+----------------+


+-------------------------------------------------------------------------------------------------------------------------------+
; Flow Elapsed Time                                                                                                             ;
+---------------------------+--------------+-------------------------+---------------------+------------------------------------+
; Module Name               ; Elapsed Time ; Average Processors Used ; Peak Virtual Memory ; Total CPU Time (on all processors) ;
+---------------------------+--------------+-------------------------+---------------------+------------------------------------+
; Analysis & Synthesis      ; 00:00:02     ; 1.0                     ; 319 MB              ; 00:00:01                           ;
; Fitter                    ; 00:00:13     ; 1.0                     ; 441 MB              ; 00:00:09                           ;
; TimeQuest Timing Analyzer ; 00:00:02     ; 1.0                     ; 288 MB              ; 00:00:01                           ;
; Assembler                 ; 00:00:04     ; 1.0                     ; 335 MB              ; 00:00:04                           ;
; EDA Netlist Writer        ; 00:00:01     ; 1.0                     ; 287 MB              ; 00:00:01                           ;
; Total                     ; 00:00:22     ; --                      ; --                  ; 00:00:16                           ;
+---------------------------+--------------+-------------------------+---------------------+------------------------------------+


+----------------------------------------------------------------------------------------+
; Flow OS Summary                                                                        ;
+---------------------------+------------------+-----------+------------+----------------+
; Module Name               ; Machine Hostname ; OS Name   ; OS Version ; Processor type ;
+---------------------------+------------------+-----------+------------+----------------+
; Analysis & Synthesis      ; dns-jweber-nb    ; Windows 7 ; 6.1        ; x86_64         ;
; Fitter                    ; dns-jweber-nb    ; Windows 7 ; 6.1        ; x86_64         ;
; TimeQuest Timing Analyzer ; dns-jweber-nb    ; Windows 7 ; 6.1        ; x86_64         ;
; Assembler                 ; dns-jweber-nb    ; Windows 7 ; 6.1        ; x86_64         ;
; EDA Netlist Writer        ; dns-jweber-nb    ; Windows 7 ; 6.1        ; x86_64         ;
+---------------------------+------------------+-----------+------------+----------------+


------------
; Flow Log ;
------------
quartus_map --read_settings_files=on --write_settings_files=off ALU -c ALU
quartus_fit --read_settings_files=off --write_settings_files=off ALU -c ALU
quartus_sta ALU -c ALU
quartus_asm --read_settings_files=off --write_settings_files=off ALU -c ALU
quartus_eda --read_settings_files=off --write_settings_files=off ALU -c ALU



